{"uid":"2315fec539627800","name":"I try to login with invalid credentials","fullName":"Demo: I try to login with invalid credentials: ANDROID","historyId":"102fbecfc60371b15b505b215df2ed05ANDROID","time":{"start":1713820622067,"stop":1713821107365,"duration":485298},"status":"broken","statusMessage":"Unable to provision, see the following errors:\n\n1) Error in custom provider, org.openqa.selenium.SessionNotCreatedException: Could not start a new session. Response code 500. Message: An unknown server-side error occurred while processing the command. Original error: Appium Settings app is not running after 30000ms \nHost info: host: 'Mac-1713820000169.local', ip: '10.213.1.93'\nBuild info: version: '4.19.1', revision: 'abe0ee07dc'\nSystem info: os.name: 'Mac OS X', os.arch: 'x86_64', os.version: '12.7.4', java.version: '11.0.22'\nDriver info: io.appium.java_client.android.AndroidDriver\nCommand: [null, newSession {desiredCapabilities=Capabilities {adbExecTimeout: 60000, androidInstallTimeout: 120000, app: /Users/runner/work/aquality..., appActivity: io.cloudgrey.the_app.MainAc..., appPackage: io.cloudgrey.the_app, automationName: UiAutomator2, deviceName: Android Emulator, platformName: ANDROID, uiautomator2ServerInstallTimeout: 120000}, capabilities=[{appium:uiautomator2ServerInstallTimeout=120000, appium:app=/Users/runner/work/aquality-appium-mobile-java-template/aquality-appium-mobile-java-template/aquality-appium-mobile-template/src/main/resources/applications/TheApp-v1.10.0.apk, appium:androidInstallTimeout=120000, appium:appActivity=io.cloudgrey.the_app.MainActivity, appium:deviceName=Android Emulator, appium:automationName=UiAutomator2, appium:adbExecTimeout=60000, appium:appPackage=io.cloudgrey.the_app, platformName=ANDROID}]}]\nCapabilities {adbExecTimeout: 60000, androidInstallTimeout: 120000, app: /Users/runner/work/aquality..., appActivity: io.cloudgrey.the_app.MainAc..., appPackage: io.cloudgrey.the_app, automationName: UiAutomator2, deviceName: Android Emulator, platformName: ANDROID, uiautomator2ServerInstallTimeout: 120000}\n  at aquality.selenium.core.applications.AqualityModule.configure(AqualityModule.java:41)\n  while locating aquality.selenium.core.applications.IApplication\n\n1 error","statusTrace":"com.google.inject.ProvisionException: Unable to provision, see the following errors:\n\n1) Error in custom provider, org.openqa.selenium.SessionNotCreatedException: Could not start a new session. Response code 500. Message: An unknown server-side error occurred while processing the command. Original error: Appium Settings app is not running after 30000ms \nHost info: host: 'Mac-1713820000169.local', ip: '10.213.1.93'\nBuild info: version: '4.19.1', revision: 'abe0ee07dc'\nSystem info: os.name: 'Mac OS X', os.arch: 'x86_64', os.version: '12.7.4', java.version: '11.0.22'\nDriver info: io.appium.java_client.android.AndroidDriver\nCommand: [null, newSession {desiredCapabilities=Capabilities {adbExecTimeout: 60000, androidInstallTimeout: 120000, app: /Users/runner/work/aquality..., appActivity: io.cloudgrey.the_app.MainAc..., appPackage: io.cloudgrey.the_app, automationName: UiAutomator2, deviceName: Android Emulator, platformName: ANDROID, uiautomator2ServerInstallTimeout: 120000}, capabilities=[{appium:uiautomator2ServerInstallTimeout=120000, appium:app=/Users/runner/work/aquality-appium-mobile-java-template/aquality-appium-mobile-java-template/aquality-appium-mobile-template/src/main/resources/applications/TheApp-v1.10.0.apk, appium:androidInstallTimeout=120000, appium:appActivity=io.cloudgrey.the_app.MainActivity, appium:deviceName=Android Emulator, appium:automationName=UiAutomator2, appium:adbExecTimeout=60000, appium:appPackage=io.cloudgrey.the_app, platformName=ANDROID}]}]\nCapabilities {adbExecTimeout: 60000, androidInstallTimeout: 120000, app: /Users/runner/work/aquality..., appActivity: io.cloudgrey.the_app.MainAc..., appPackage: io.cloudgrey.the_app, automationName: UiAutomator2, deviceName: Android Emulator, platformName: ANDROID, uiautomator2ServerInstallTimeout: 120000}\n  at aquality.selenium.core.applications.AqualityModule.configure(AqualityModule.java:41)\n  while locating aquality.selenium.core.applications.IApplication\n\n1 error\n\tat com.google.inject.internal.InternalProvisionException.toProvisionException(InternalProvisionException.java:226)\n\tat com.google.inject.internal.InjectorImpl$1.get(InjectorImpl.java:1097)\n\tat aquality.selenium.core.waitings.ConditionalWait.waitFor(ConditionalWait.java:68)\n\tat aquality.selenium.core.waitings.IConditionalWait.waitFor(IConditionalWait.java:300)\n\tat aquality.selenium.core.waitings.IConditionalWait.waitFor(IConditionalWait.java:313)\n\tat aquality.selenium.core.elements.ElementFinder.findElements(ElementFinder.java:32)\n\tat aquality.selenium.core.elements.interfaces.IElementFinder.findElement(IElementFinder.java:51)\n\tat aquality.selenium.core.elements.ElementCacheHandler.getElement(ElementCacheHandler.java:52)\n\tat aquality.selenium.core.elements.interfaces.IElementCacheHandler.getElement(IElementCacheHandler.java:62)\n\tat aquality.selenium.core.elements.Element.getElement(Element.java:110)\n\tat aquality.selenium.core.elements.interfaces.IElement.getElement(IElement.java:45)\n\tat aquality.selenium.core.elements.Element.lambda$click$4(Element.java:154)\n\tat aquality.selenium.core.utilities.ActionRetrier.lambda$doWithRetry$0(ActionRetrier.java:21)\n\tat aquality.selenium.core.utilities.ActionRetrier.doWithRetry(ActionRetrier.java:33)\n\tat aquality.selenium.core.utilities.ActionRetrier.doWithRetry(ActionRetrier.java:24)\n\tat aquality.selenium.core.utilities.ElementActionRetrier.doWithRetry(ElementActionRetrier.java:17)\n\tat aquality.selenium.core.elements.Element.doWithRetry(Element.java:182)\n\tat aquality.selenium.core.elements.Element.click(Element.java:154)\n\tat aquality.appium.mobile.template.screens.chooseview.ChooseViewScreen.openView(ChooseViewScreen.java:16)\n\tat aquality.appium.mobile.template.cucumber.stepdefinitions.ChooseViewSteps.iOpenView(ChooseViewSteps.java:20)\n\tat ✽.I open 'Login Screen' view(file:///Users/runner/work/aquality-appium-mobile-java-template/aquality-appium-mobile-java-template/aquality-appium-mobile-template-cucumber/src/test/java/aquality/appium/mobile/template/cucumber/features/Demo.feature:7)\nCaused by: org.openqa.selenium.SessionNotCreatedException: Could not start a new session. Response code 500. Message: An unknown server-side error occurred while processing the command. Original error: Appium Settings app is not running after 30000ms \nHost info: host: 'Mac-1713820000169.local', ip: '10.213.1.93'\nBuild info: version: '4.19.1', revision: 'abe0ee07dc'\nSystem info: os.name: 'Mac OS X', os.arch: 'x86_64', os.version: '12.7.4', java.version: '11.0.22'\nDriver info: io.appium.java_client.android.AndroidDriver\nCommand: [null, newSession {desiredCapabilities=Capabilities {adbExecTimeout: 60000, androidInstallTimeout: 120000, app: /Users/runner/work/aquality..., appActivity: io.cloudgrey.the_app.MainAc..., appPackage: io.cloudgrey.the_app, automationName: UiAutomator2, deviceName: Android Emulator, platformName: ANDROID, uiautomator2ServerInstallTimeout: 120000}, capabilities=[{appium:uiautomator2ServerInstallTimeout=120000, appium:app=/Users/runner/work/aquality-appium-mobile-java-template/aquality-appium-mobile-java-template/aquality-appium-mobile-template/src/main/resources/applications/TheApp-v1.10.0.apk, appium:androidInstallTimeout=120000, appium:appActivity=io.cloudgrey.the_app.MainActivity, appium:deviceName=Android Emulator, appium:automationName=UiAutomator2, appium:adbExecTimeout=60000, appium:appPackage=io.cloudgrey.the_app, platformName=ANDROID}]}]\nCapabilities {adbExecTimeout: 60000, androidInstallTimeout: 120000, app: /Users/runner/work/aquality..., appActivity: io.cloudgrey.the_app.MainAc..., appPackage: io.cloudgrey.the_app, automationName: UiAutomator2, deviceName: Android Emulator, platformName: ANDROID, uiautomator2ServerInstallTimeout: 120000}\n\tat org.openqa.selenium.remote.ProtocolHandshake.createSession(ProtocolHandshake.java:114)\n\tat java.base/jdk.internal.reflect.NativeMethodAccessorImpl.invoke0(Native Method)\n\tat java.base/jdk.internal.reflect.NativeMethodAccessorImpl.invoke(NativeMethodAccessorImpl.java:62)\n\tat java.base/jdk.internal.reflect.DelegatingMethodAccessorImpl.invoke(DelegatingMethodAccessorImpl.java:43)\n\tat java.base/java.lang.reflect.Method.invoke(Method.java:566)\n\tat io.appium.java_client.remote.AppiumProtocolHandshake.createSession(AppiumProtocolHandshake.java:116)\n\tat io.appium.java_client.remote.AppiumProtocolHandshake.createSession(AppiumProtocolHandshake.java:96)\n\tat io.appium.java_client.remote.AppiumCommandExecutor.createSession(AppiumCommandExecutor.java:176)\n\tat io.appium.java_client.remote.AppiumCommandExecutor.execute(AppiumCommandExecutor.java:237)\n\tat org.openqa.selenium.remote.RemoteWebDriver.execute(RemoteWebDriver.java:518)\n\tat io.appium.java_client.AppiumDriver.startSession(AppiumDriver.java:268)\n\tat org.openqa.selenium.remote.RemoteWebDriver.<init>(RemoteWebDriver.java:161)\n\tat io.appium.java_client.AppiumDriver.<init>(AppiumDriver.java:90)\n\tat io.appium.java_client.AppiumDriver.<init>(AppiumDriver.java:108)\n\tat io.appium.java_client.android.AndroidDriver.<init>(AndroidDriver.java:121)\n\tat aquality.appium.mobile.application.ApplicationFactory.createSession(ApplicationFactory.java:48)\n\tat aquality.appium.mobile.application.ApplicationFactory.lambda$getDriver$0(ApplicationFactory.java:39)\n\tat aquality.selenium.core.utilities.ActionRetrier.doWithRetry(ActionRetrier.java:33)\n\tat aquality.selenium.core.utilities.ElementActionRetrier.doWithRetry(ElementActionRetrier.java:22)\n\tat aquality.appium.mobile.application.ApplicationFactory.getDriver(ApplicationFactory.java:39)\n\tat aquality.appium.mobile.application.RemoteApplicationFactory.getApplication(RemoteApplicationFactory.java:13)\n\tat aquality.appium.mobile.application.AqualityServices.startApplication(AqualityServices.java:99)\n\tat aquality.appium.mobile.application.AqualityServices.lambda$getApplication$2(AqualityServices.java:38)\n\tat aquality.selenium.core.applications.AqualityServices.getApp(AqualityServices.java:48)\n\tat aquality.appium.mobile.application.AqualityServices.getApplication(AqualityServices.java:38)\n\tat com.google.inject.internal.ProviderInternalFactory.provision(ProviderInternalFactory.java:85)\n\tat com.google.inject.internal.InternalFactoryToInitializableAdapter.provision(InternalFactoryToInitializableAdapter.java:57)\n\tat com.google.inject.internal.ProviderInternalFactory.circularGet(ProviderInternalFactory.java:59)\n\tat com.google.inject.internal.InternalFactoryToInitializableAdapter.get(InternalFactoryToInitializableAdapter.java:47)\n\tat com.google.inject.internal.InjectorImpl$1.get(InjectorImpl.java:1094)\n\tat aquality.selenium.core.waitings.ConditionalWait.waitFor(ConditionalWait.java:68)\n\tat aquality.selenium.core.waitings.IConditionalWait.waitFor(IConditionalWait.java:300)\n\tat aquality.selenium.core.waitings.IConditionalWait.waitFor(IConditionalWait.java:313)\n\tat aquality.selenium.core.elements.ElementFinder.findElements(ElementFinder.java:32)\n\tat aquality.selenium.core.elements.interfaces.IElementFinder.findElement(IElementFinder.java:51)\n\tat aquality.selenium.core.elements.ElementCacheHandler.getElement(ElementCacheHandler.java:52)\n\tat aquality.selenium.core.elements.interfaces.IElementCacheHandler.getElement(IElementCacheHandler.java:62)\n\tat aquality.selenium.core.elements.Element.getElement(Element.java:110)\n\tat aquality.selenium.core.elements.interfaces.IElement.getElement(IElement.java:45)\n\tat aquality.selenium.core.elements.Element.lambda$click$4(Element.java:154)\n\tat aquality.selenium.core.utilities.ActionRetrier.lambda$doWithRetry$0(ActionRetrier.java:21)\n\tat aquality.selenium.core.utilities.ActionRetrier.doWithRetry(ActionRetrier.java:33)\n\tat aquality.selenium.core.utilities.ActionRetrier.doWithRetry(ActionRetrier.java:24)\n\tat aquality.selenium.core.utilities.ElementActionRetrier.doWithRetry(ElementActionRetrier.java:17)\n\tat aquality.selenium.core.elements.Element.doWithRetry(Element.java:182)\n\tat aquality.selenium.core.elements.Element.click(Element.java:154)\n\tat aquality.appium.mobile.template.screens.chooseview.ChooseViewScreen.openView(ChooseViewScreen.java:16)\n\tat aquality.appium.mobile.template.cucumber.stepdefinitions.ChooseViewSteps.iOpenView(ChooseViewSteps.java:20)\n\tat java.base/jdk.internal.reflect.NativeMethodAccessorImpl.invoke0(Native Method)\n\tat java.base/jdk.internal.reflect.NativeMethodAccessorImpl.invoke(NativeMethodAccessorImpl.java:62)\n\tat java.base/jdk.internal.reflect.DelegatingMethodAccessorImpl.invoke(DelegatingMethodAccessorImpl.java:43)\n\tat java.base/java.lang.reflect.Method.invoke(Method.java:566)\n\tat io.cucumber.java.Invoker.invoke(Invoker.java:27)\n\tat io.cucumber.java.JavaStepDefinition.execute(JavaStepDefinition.java:27)\n\tat io.cucumber.core.runner.PickleStepDefinitionMatch.runStep(PickleStepDefinitionMatch.java:63)\n\tat io.cucumber.core.runner.TestStep.executeStep(TestStep.java:64)\n\tat io.cucumber.core.runner.TestStep.run(TestStep.java:49)\n\tat io.cucumber.core.runner.PickleStepTestStep.run(PickleStepTestStep.java:46)\n\tat io.cucumber.core.runner.TestCase.run(TestCase.java:51)\n\tat io.cucumber.core.runner.Runner.runPickle(Runner.java:67)\n\tat io.cucumber.testng.TestNGCucumberRunner.runScenario(TestNGCucumberRunner.java:124)\n\tat io.cucumber.testng.AbstractTestNGCucumberTests.runScenario(AbstractTestNGCucumberTests.java:29)\n\tat java.base/jdk.internal.reflect.NativeMethodAccessorImpl.invoke0(Native Method)\n\tat java.base/jdk.internal.reflect.NativeMethodAccessorImpl.invoke(NativeMethodAccessorImpl.java:62)\n\tat java.base/jdk.internal.reflect.DelegatingMethodAccessorImpl.invoke(DelegatingMethodAccessorImpl.java:43)\n\tat java.base/java.lang.reflect.Method.invoke(Method.java:566)\n\tat org.testng.internal.MethodInvocationHelper.invokeMethod(MethodInvocationHelper.java:134)\n\tat org.testng.internal.TestInvoker.invokeMethod(TestInvoker.java:597)\n\tat org.testng.internal.TestInvoker.invokeTestMethod(TestInvoker.java:173)\n\tat org.testng.internal.MethodRunner.runInSequence(MethodRunner.java:46)\n\tat org.testng.internal.TestInvoker$MethodInvocationAgent.invoke(TestInvoker.java:816)\n\tat org.testng.internal.TestInvoker.invokeTestMethods(TestInvoker.java:146)\n\tat org.testng.internal.TestMethodWorker.invokeTestMethods(TestMethodWorker.java:146)\n\tat org.testng.internal.TestMethodWorker.run(TestMethodWorker.java:128)\n\tat java.base/java.util.concurrent.ThreadPoolExecutor.runWorker(ThreadPoolExecutor.java:1128)\n\tat java.base/java.util.concurrent.ThreadPoolExecutor$Worker.run(ThreadPoolExecutor.java:628)\n\tat java.base/java.lang.Thread.run(Thread.java:829)\n","flaky":false,"newFailed":false,"newBroken":false,"newPassed":false,"retriesCount":0,"retriesStatusChange":false,"beforeStages":[],"testStage":{"status":"broken","statusMessage":"Unable to provision, see the following errors:\n\n1) Error in custom provider, org.openqa.selenium.SessionNotCreatedException: Could not start a new session. Response code 500. Message: An unknown server-side error occurred while processing the command. Original error: Appium Settings app is not running after 30000ms \nHost info: host: 'Mac-1713820000169.local', ip: '10.213.1.93'\nBuild info: version: '4.19.1', revision: 'abe0ee07dc'\nSystem info: os.name: 'Mac OS X', os.arch: 'x86_64', os.version: '12.7.4', java.version: '11.0.22'\nDriver info: io.appium.java_client.android.AndroidDriver\nCommand: [null, newSession {desiredCapabilities=Capabilities {adbExecTimeout: 60000, androidInstallTimeout: 120000, app: /Users/runner/work/aquality..., appActivity: io.cloudgrey.the_app.MainAc..., appPackage: io.cloudgrey.the_app, automationName: UiAutomator2, deviceName: Android Emulator, platformName: ANDROID, uiautomator2ServerInstallTimeout: 120000}, capabilities=[{appium:uiautomator2ServerInstallTimeout=120000, appium:app=/Users/runner/work/aquality-appium-mobile-java-template/aquality-appium-mobile-java-template/aquality-appium-mobile-template/src/main/resources/applications/TheApp-v1.10.0.apk, appium:androidInstallTimeout=120000, appium:appActivity=io.cloudgrey.the_app.MainActivity, appium:deviceName=Android Emulator, appium:automationName=UiAutomator2, appium:adbExecTimeout=60000, appium:appPackage=io.cloudgrey.the_app, platformName=ANDROID}]}]\nCapabilities {adbExecTimeout: 60000, androidInstallTimeout: 120000, app: /Users/runner/work/aquality..., appActivity: io.cloudgrey.the_app.MainAc..., appPackage: io.cloudgrey.the_app, automationName: UiAutomator2, deviceName: Android Emulator, platformName: ANDROID, uiautomator2ServerInstallTimeout: 120000}\n  at aquality.selenium.core.applications.AqualityModule.configure(AqualityModule.java:41)\n  while locating aquality.selenium.core.applications.IApplication\n\n1 error","statusTrace":"com.google.inject.ProvisionException: Unable to provision, see the following errors:\n\n1) Error in custom provider, org.openqa.selenium.SessionNotCreatedException: Could not start a new session. Response code 500. Message: An unknown server-side error occurred while processing the command. Original error: Appium Settings app is not running after 30000ms \nHost info: host: 'Mac-1713820000169.local', ip: '10.213.1.93'\nBuild info: version: '4.19.1', revision: 'abe0ee07dc'\nSystem info: os.name: 'Mac OS X', os.arch: 'x86_64', os.version: '12.7.4', java.version: '11.0.22'\nDriver info: io.appium.java_client.android.AndroidDriver\nCommand: [null, newSession {desiredCapabilities=Capabilities {adbExecTimeout: 60000, androidInstallTimeout: 120000, app: /Users/runner/work/aquality..., appActivity: io.cloudgrey.the_app.MainAc..., appPackage: io.cloudgrey.the_app, automationName: UiAutomator2, deviceName: Android Emulator, platformName: ANDROID, uiautomator2ServerInstallTimeout: 120000}, capabilities=[{appium:uiautomator2ServerInstallTimeout=120000, appium:app=/Users/runner/work/aquality-appium-mobile-java-template/aquality-appium-mobile-java-template/aquality-appium-mobile-template/src/main/resources/applications/TheApp-v1.10.0.apk, appium:androidInstallTimeout=120000, appium:appActivity=io.cloudgrey.the_app.MainActivity, appium:deviceName=Android Emulator, appium:automationName=UiAutomator2, appium:adbExecTimeout=60000, appium:appPackage=io.cloudgrey.the_app, platformName=ANDROID}]}]\nCapabilities {adbExecTimeout: 60000, androidInstallTimeout: 120000, app: /Users/runner/work/aquality..., appActivity: io.cloudgrey.the_app.MainAc..., appPackage: io.cloudgrey.the_app, automationName: UiAutomator2, deviceName: Android Emulator, platformName: ANDROID, uiautomator2ServerInstallTimeout: 120000}\n  at aquality.selenium.core.applications.AqualityModule.configure(AqualityModule.java:41)\n  while locating aquality.selenium.core.applications.IApplication\n\n1 error\n\tat com.google.inject.internal.InternalProvisionException.toProvisionException(InternalProvisionException.java:226)\n\tat com.google.inject.internal.InjectorImpl$1.get(InjectorImpl.java:1097)\n\tat aquality.selenium.core.waitings.ConditionalWait.waitFor(ConditionalWait.java:68)\n\tat aquality.selenium.core.waitings.IConditionalWait.waitFor(IConditionalWait.java:300)\n\tat aquality.selenium.core.waitings.IConditionalWait.waitFor(IConditionalWait.java:313)\n\tat aquality.selenium.core.elements.ElementFinder.findElements(ElementFinder.java:32)\n\tat aquality.selenium.core.elements.interfaces.IElementFinder.findElement(IElementFinder.java:51)\n\tat aquality.selenium.core.elements.ElementCacheHandler.getElement(ElementCacheHandler.java:52)\n\tat aquality.selenium.core.elements.interfaces.IElementCacheHandler.getElement(IElementCacheHandler.java:62)\n\tat aquality.selenium.core.elements.Element.getElement(Element.java:110)\n\tat aquality.selenium.core.elements.interfaces.IElement.getElement(IElement.java:45)\n\tat aquality.selenium.core.elements.Element.lambda$click$4(Element.java:154)\n\tat aquality.selenium.core.utilities.ActionRetrier.lambda$doWithRetry$0(ActionRetrier.java:21)\n\tat aquality.selenium.core.utilities.ActionRetrier.doWithRetry(ActionRetrier.java:33)\n\tat aquality.selenium.core.utilities.ActionRetrier.doWithRetry(ActionRetrier.java:24)\n\tat aquality.selenium.core.utilities.ElementActionRetrier.doWithRetry(ElementActionRetrier.java:17)\n\tat aquality.selenium.core.elements.Element.doWithRetry(Element.java:182)\n\tat aquality.selenium.core.elements.Element.click(Element.java:154)\n\tat aquality.appium.mobile.template.screens.chooseview.ChooseViewScreen.openView(ChooseViewScreen.java:16)\n\tat aquality.appium.mobile.template.cucumber.stepdefinitions.ChooseViewSteps.iOpenView(ChooseViewSteps.java:20)\n\tat ✽.I open 'Login Screen' view(file:///Users/runner/work/aquality-appium-mobile-java-template/aquality-appium-mobile-java-template/aquality-appium-mobile-template-cucumber/src/test/java/aquality/appium/mobile/template/cucumber/features/Demo.feature:7)\nCaused by: org.openqa.selenium.SessionNotCreatedException: Could not start a new session. Response code 500. Message: An unknown server-side error occurred while processing the command. Original error: Appium Settings app is not running after 30000ms \nHost info: host: 'Mac-1713820000169.local', ip: '10.213.1.93'\nBuild info: version: '4.19.1', revision: 'abe0ee07dc'\nSystem info: os.name: 'Mac OS X', os.arch: 'x86_64', os.version: '12.7.4', java.version: '11.0.22'\nDriver info: io.appium.java_client.android.AndroidDriver\nCommand: [null, newSession {desiredCapabilities=Capabilities {adbExecTimeout: 60000, androidInstallTimeout: 120000, app: /Users/runner/work/aquality..., appActivity: io.cloudgrey.the_app.MainAc..., appPackage: io.cloudgrey.the_app, automationName: UiAutomator2, deviceName: Android Emulator, platformName: ANDROID, uiautomator2ServerInstallTimeout: 120000}, capabilities=[{appium:uiautomator2ServerInstallTimeout=120000, appium:app=/Users/runner/work/aquality-appium-mobile-java-template/aquality-appium-mobile-java-template/aquality-appium-mobile-template/src/main/resources/applications/TheApp-v1.10.0.apk, appium:androidInstallTimeout=120000, appium:appActivity=io.cloudgrey.the_app.MainActivity, appium:deviceName=Android Emulator, appium:automationName=UiAutomator2, appium:adbExecTimeout=60000, appium:appPackage=io.cloudgrey.the_app, platformName=ANDROID}]}]\nCapabilities {adbExecTimeout: 60000, androidInstallTimeout: 120000, app: /Users/runner/work/aquality..., appActivity: io.cloudgrey.the_app.MainAc..., appPackage: io.cloudgrey.the_app, automationName: UiAutomator2, deviceName: Android Emulator, platformName: ANDROID, uiautomator2ServerInstallTimeout: 120000}\n\tat org.openqa.selenium.remote.ProtocolHandshake.createSession(ProtocolHandshake.java:114)\n\tat java.base/jdk.internal.reflect.NativeMethodAccessorImpl.invoke0(Native Method)\n\tat java.base/jdk.internal.reflect.NativeMethodAccessorImpl.invoke(NativeMethodAccessorImpl.java:62)\n\tat java.base/jdk.internal.reflect.DelegatingMethodAccessorImpl.invoke(DelegatingMethodAccessorImpl.java:43)\n\tat java.base/java.lang.reflect.Method.invoke(Method.java:566)\n\tat io.appium.java_client.remote.AppiumProtocolHandshake.createSession(AppiumProtocolHandshake.java:116)\n\tat io.appium.java_client.remote.AppiumProtocolHandshake.createSession(AppiumProtocolHandshake.java:96)\n\tat io.appium.java_client.remote.AppiumCommandExecutor.createSession(AppiumCommandExecutor.java:176)\n\tat io.appium.java_client.remote.AppiumCommandExecutor.execute(AppiumCommandExecutor.java:237)\n\tat org.openqa.selenium.remote.RemoteWebDriver.execute(RemoteWebDriver.java:518)\n\tat io.appium.java_client.AppiumDriver.startSession(AppiumDriver.java:268)\n\tat org.openqa.selenium.remote.RemoteWebDriver.<init>(RemoteWebDriver.java:161)\n\tat io.appium.java_client.AppiumDriver.<init>(AppiumDriver.java:90)\n\tat io.appium.java_client.AppiumDriver.<init>(AppiumDriver.java:108)\n\tat io.appium.java_client.android.AndroidDriver.<init>(AndroidDriver.java:121)\n\tat aquality.appium.mobile.application.ApplicationFactory.createSession(ApplicationFactory.java:48)\n\tat aquality.appium.mobile.application.ApplicationFactory.lambda$getDriver$0(ApplicationFactory.java:39)\n\tat aquality.selenium.core.utilities.ActionRetrier.doWithRetry(ActionRetrier.java:33)\n\tat aquality.selenium.core.utilities.ElementActionRetrier.doWithRetry(ElementActionRetrier.java:22)\n\tat aquality.appium.mobile.application.ApplicationFactory.getDriver(ApplicationFactory.java:39)\n\tat aquality.appium.mobile.application.RemoteApplicationFactory.getApplication(RemoteApplicationFactory.java:13)\n\tat aquality.appium.mobile.application.AqualityServices.startApplication(AqualityServices.java:99)\n\tat aquality.appium.mobile.application.AqualityServices.lambda$getApplication$2(AqualityServices.java:38)\n\tat aquality.selenium.core.applications.AqualityServices.getApp(AqualityServices.java:48)\n\tat aquality.appium.mobile.application.AqualityServices.getApplication(AqualityServices.java:38)\n\tat com.google.inject.internal.ProviderInternalFactory.provision(ProviderInternalFactory.java:85)\n\tat com.google.inject.internal.InternalFactoryToInitializableAdapter.provision(InternalFactoryToInitializableAdapter.java:57)\n\tat com.google.inject.internal.ProviderInternalFactory.circularGet(ProviderInternalFactory.java:59)\n\tat com.google.inject.internal.InternalFactoryToInitializableAdapter.get(InternalFactoryToInitializableAdapter.java:47)\n\tat com.google.inject.internal.InjectorImpl$1.get(InjectorImpl.java:1094)\n\tat aquality.selenium.core.waitings.ConditionalWait.waitFor(ConditionalWait.java:68)\n\tat aquality.selenium.core.waitings.IConditionalWait.waitFor(IConditionalWait.java:300)\n\tat aquality.selenium.core.waitings.IConditionalWait.waitFor(IConditionalWait.java:313)\n\tat aquality.selenium.core.elements.ElementFinder.findElements(ElementFinder.java:32)\n\tat aquality.selenium.core.elements.interfaces.IElementFinder.findElement(IElementFinder.java:51)\n\tat aquality.selenium.core.elements.ElementCacheHandler.getElement(ElementCacheHandler.java:52)\n\tat aquality.selenium.core.elements.interfaces.IElementCacheHandler.getElement(IElementCacheHandler.java:62)\n\tat aquality.selenium.core.elements.Element.getElement(Element.java:110)\n\tat aquality.selenium.core.elements.interfaces.IElement.getElement(IElement.java:45)\n\tat aquality.selenium.core.elements.Element.lambda$click$4(Element.java:154)\n\tat aquality.selenium.core.utilities.ActionRetrier.lambda$doWithRetry$0(ActionRetrier.java:21)\n\tat aquality.selenium.core.utilities.ActionRetrier.doWithRetry(ActionRetrier.java:33)\n\tat aquality.selenium.core.utilities.ActionRetrier.doWithRetry(ActionRetrier.java:24)\n\tat aquality.selenium.core.utilities.ElementActionRetrier.doWithRetry(ElementActionRetrier.java:17)\n\tat aquality.selenium.core.elements.Element.doWithRetry(Element.java:182)\n\tat aquality.selenium.core.elements.Element.click(Element.java:154)\n\tat aquality.appium.mobile.template.screens.chooseview.ChooseViewScreen.openView(ChooseViewScreen.java:16)\n\tat aquality.appium.mobile.template.cucumber.stepdefinitions.ChooseViewSteps.iOpenView(ChooseViewSteps.java:20)\n\tat java.base/jdk.internal.reflect.NativeMethodAccessorImpl.invoke0(Native Method)\n\tat java.base/jdk.internal.reflect.NativeMethodAccessorImpl.invoke(NativeMethodAccessorImpl.java:62)\n\tat java.base/jdk.internal.reflect.DelegatingMethodAccessorImpl.invoke(DelegatingMethodAccessorImpl.java:43)\n\tat java.base/java.lang.reflect.Method.invoke(Method.java:566)\n\tat io.cucumber.java.Invoker.invoke(Invoker.java:27)\n\tat io.cucumber.java.JavaStepDefinition.execute(JavaStepDefinition.java:27)\n\tat io.cucumber.core.runner.PickleStepDefinitionMatch.runStep(PickleStepDefinitionMatch.java:63)\n\tat io.cucumber.core.runner.TestStep.executeStep(TestStep.java:64)\n\tat io.cucumber.core.runner.TestStep.run(TestStep.java:49)\n\tat io.cucumber.core.runner.PickleStepTestStep.run(PickleStepTestStep.java:46)\n\tat io.cucumber.core.runner.TestCase.run(TestCase.java:51)\n\tat io.cucumber.core.runner.Runner.runPickle(Runner.java:67)\n\tat io.cucumber.testng.TestNGCucumberRunner.runScenario(TestNGCucumberRunner.java:124)\n\tat io.cucumber.testng.AbstractTestNGCucumberTests.runScenario(AbstractTestNGCucumberTests.java:29)\n\tat java.base/jdk.internal.reflect.NativeMethodAccessorImpl.invoke0(Native Method)\n\tat java.base/jdk.internal.reflect.NativeMethodAccessorImpl.invoke(NativeMethodAccessorImpl.java:62)\n\tat java.base/jdk.internal.reflect.DelegatingMethodAccessorImpl.invoke(DelegatingMethodAccessorImpl.java:43)\n\tat java.base/java.lang.reflect.Method.invoke(Method.java:566)\n\tat org.testng.internal.MethodInvocationHelper.invokeMethod(MethodInvocationHelper.java:134)\n\tat org.testng.internal.TestInvoker.invokeMethod(TestInvoker.java:597)\n\tat org.testng.internal.TestInvoker.invokeTestMethod(TestInvoker.java:173)\n\tat org.testng.internal.MethodRunner.runInSequence(MethodRunner.java:46)\n\tat org.testng.internal.TestInvoker$MethodInvocationAgent.invoke(TestInvoker.java:816)\n\tat org.testng.internal.TestInvoker.invokeTestMethods(TestInvoker.java:146)\n\tat org.testng.internal.TestMethodWorker.invokeTestMethods(TestMethodWorker.java:146)\n\tat org.testng.internal.TestMethodWorker.run(TestMethodWorker.java:128)\n\tat java.base/java.util.concurrent.ThreadPoolExecutor.runWorker(ThreadPoolExecutor.java:1128)\n\tat java.base/java.util.concurrent.ThreadPoolExecutor$Worker.run(ThreadPoolExecutor.java:628)\n\tat java.base/java.lang.Thread.run(Thread.java:829)\n","steps":[{"name":"Given  Allure test name has been updated by the platform parameter","time":{"start":1713820622069,"stop":1713820623494,"duration":1425},"status":"passed","steps":[],"attachments":[],"parameters":[],"shouldDisplayMessage":false,"stepsCount":0,"attachmentsCount":0,"hasContent":false,"attachmentStep":false},{"name":"When  I open 'Login Screen' view","time":{"start":1713820623496,"stop":1713821107318,"duration":483822},"status":"broken","statusMessage":"Unable to provision, see the following errors:\n\n1) Error in custom provider, org.openqa.selenium.SessionNotCreatedException: Could not start a new session. Response code 500. Message: An unknown server-side error occurred while processing the command. Original error: Appium Settings app is not running after 30000ms \nHost info: host: 'Mac-1713820000169.local', ip: '10.213.1.93'\nBuild info: version: '4.19.1', revision: 'abe0ee07dc'\nSystem info: os.name: 'Mac OS X', os.arch: 'x86_64', os.version: '12.7.4', java.version: '11.0.22'\nDriver info: io.appium.java_client.android.AndroidDriver\nCommand: [null, newSession {desiredCapabilities=Capabilities {adbExecTimeout: 60000, androidInstallTimeout: 120000, app: /Users/runner/work/aquality..., appActivity: io.cloudgrey.the_app.MainAc..., appPackage: io.cloudgrey.the_app, automationName: UiAutomator2, deviceName: Android Emulator, platformName: ANDROID, uiautomator2ServerInstallTimeout: 120000}, capabilities=[{appium:uiautomator2ServerInstallTimeout=120000, appium:app=/Users/runner/work/aquality-appium-mobile-java-template/aquality-appium-mobile-java-template/aquality-appium-mobile-template/src/main/resources/applications/TheApp-v1.10.0.apk, appium:androidInstallTimeout=120000, appium:appActivity=io.cloudgrey.the_app.MainActivity, appium:deviceName=Android Emulator, appium:automationName=UiAutomator2, appium:adbExecTimeout=60000, appium:appPackage=io.cloudgrey.the_app, platformName=ANDROID}]}]\nCapabilities {adbExecTimeout: 60000, androidInstallTimeout: 120000, app: /Users/runner/work/aquality..., appActivity: io.cloudgrey.the_app.MainAc..., appPackage: io.cloudgrey.the_app, automationName: UiAutomator2, deviceName: Android Emulator, platformName: ANDROID, uiautomator2ServerInstallTimeout: 120000}\n  at aquality.selenium.core.applications.AqualityModule.configure(AqualityModule.java:41)\n  while locating aquality.selenium.core.applications.IApplication\n\n1 error","statusTrace":"com.google.inject.ProvisionException: Unable to provision, see the following errors:\n\n1) Error in custom provider, org.openqa.selenium.SessionNotCreatedException: Could not start a new session. Response code 500. Message: An unknown server-side error occurred while processing the command. Original error: Appium Settings app is not running after 30000ms \nHost info: host: 'Mac-1713820000169.local', ip: '10.213.1.93'\nBuild info: version: '4.19.1', revision: 'abe0ee07dc'\nSystem info: os.name: 'Mac OS X', os.arch: 'x86_64', os.version: '12.7.4', java.version: '11.0.22'\nDriver info: io.appium.java_client.android.AndroidDriver\nCommand: [null, newSession {desiredCapabilities=Capabilities {adbExecTimeout: 60000, androidInstallTimeout: 120000, app: /Users/runner/work/aquality..., appActivity: io.cloudgrey.the_app.MainAc..., appPackage: io.cloudgrey.the_app, automationName: UiAutomator2, deviceName: Android Emulator, platformName: ANDROID, uiautomator2ServerInstallTimeout: 120000}, capabilities=[{appium:uiautomator2ServerInstallTimeout=120000, appium:app=/Users/runner/work/aquality-appium-mobile-java-template/aquality-appium-mobile-java-template/aquality-appium-mobile-template/src/main/resources/applications/TheApp-v1.10.0.apk, appium:androidInstallTimeout=120000, appium:appActivity=io.cloudgrey.the_app.MainActivity, appium:deviceName=Android Emulator, appium:automationName=UiAutomator2, appium:adbExecTimeout=60000, appium:appPackage=io.cloudgrey.the_app, platformName=ANDROID}]}]\nCapabilities {adbExecTimeout: 60000, androidInstallTimeout: 120000, app: /Users/runner/work/aquality..., appActivity: io.cloudgrey.the_app.MainAc..., appPackage: io.cloudgrey.the_app, automationName: UiAutomator2, deviceName: Android Emulator, platformName: ANDROID, uiautomator2ServerInstallTimeout: 120000}\n  at aquality.selenium.core.applications.AqualityModule.configure(AqualityModule.java:41)\n  while locating aquality.selenium.core.applications.IApplication\n\n1 error\n\tat com.google.inject.internal.InternalProvisionException.toProvisionException(InternalProvisionException.java:226)\n\tat com.google.inject.internal.InjectorImpl$1.get(InjectorImpl.java:1097)\n\tat aquality.selenium.core.waitings.ConditionalWait.waitFor(ConditionalWait.java:68)\n\tat aquality.selenium.core.waitings.IConditionalWait.waitFor(IConditionalWait.java:300)\n\tat aquality.selenium.core.waitings.IConditionalWait.waitFor(IConditionalWait.java:313)\n\tat aquality.selenium.core.elements.ElementFinder.findElements(ElementFinder.java:32)\n\tat aquality.selenium.core.elements.interfaces.IElementFinder.findElement(IElementFinder.java:51)\n\tat aquality.selenium.core.elements.ElementCacheHandler.getElement(ElementCacheHandler.java:52)\n\tat aquality.selenium.core.elements.interfaces.IElementCacheHandler.getElement(IElementCacheHandler.java:62)\n\tat aquality.selenium.core.elements.Element.getElement(Element.java:110)\n\tat aquality.selenium.core.elements.interfaces.IElement.getElement(IElement.java:45)\n\tat aquality.selenium.core.elements.Element.lambda$click$4(Element.java:154)\n\tat aquality.selenium.core.utilities.ActionRetrier.lambda$doWithRetry$0(ActionRetrier.java:21)\n\tat aquality.selenium.core.utilities.ActionRetrier.doWithRetry(ActionRetrier.java:33)\n\tat aquality.selenium.core.utilities.ActionRetrier.doWithRetry(ActionRetrier.java:24)\n\tat aquality.selenium.core.utilities.ElementActionRetrier.doWithRetry(ElementActionRetrier.java:17)\n\tat aquality.selenium.core.elements.Element.doWithRetry(Element.java:182)\n\tat aquality.selenium.core.elements.Element.click(Element.java:154)\n\tat aquality.appium.mobile.template.screens.chooseview.ChooseViewScreen.openView(ChooseViewScreen.java:16)\n\tat aquality.appium.mobile.template.cucumber.stepdefinitions.ChooseViewSteps.iOpenView(ChooseViewSteps.java:20)\n\tat ✽.I open 'Login Screen' view(file:///Users/runner/work/aquality-appium-mobile-java-template/aquality-appium-mobile-java-template/aquality-appium-mobile-template-cucumber/src/test/java/aquality/appium/mobile/template/cucumber/features/Demo.feature:7)\nCaused by: org.openqa.selenium.SessionNotCreatedException: Could not start a new session. Response code 500. Message: An unknown server-side error occurred while processing the command. Original error: Appium Settings app is not running after 30000ms \nHost info: host: 'Mac-1713820000169.local', ip: '10.213.1.93'\nBuild info: version: '4.19.1', revision: 'abe0ee07dc'\nSystem info: os.name: 'Mac OS X', os.arch: 'x86_64', os.version: '12.7.4', java.version: '11.0.22'\nDriver info: io.appium.java_client.android.AndroidDriver\nCommand: [null, newSession {desiredCapabilities=Capabilities {adbExecTimeout: 60000, androidInstallTimeout: 120000, app: /Users/runner/work/aquality..., appActivity: io.cloudgrey.the_app.MainAc..., appPackage: io.cloudgrey.the_app, automationName: UiAutomator2, deviceName: Android Emulator, platformName: ANDROID, uiautomator2ServerInstallTimeout: 120000}, capabilities=[{appium:uiautomator2ServerInstallTimeout=120000, appium:app=/Users/runner/work/aquality-appium-mobile-java-template/aquality-appium-mobile-java-template/aquality-appium-mobile-template/src/main/resources/applications/TheApp-v1.10.0.apk, appium:androidInstallTimeout=120000, appium:appActivity=io.cloudgrey.the_app.MainActivity, appium:deviceName=Android Emulator, appium:automationName=UiAutomator2, appium:adbExecTimeout=60000, appium:appPackage=io.cloudgrey.the_app, platformName=ANDROID}]}]\nCapabilities {adbExecTimeout: 60000, androidInstallTimeout: 120000, app: /Users/runner/work/aquality..., appActivity: io.cloudgrey.the_app.MainAc..., appPackage: io.cloudgrey.the_app, automationName: UiAutomator2, deviceName: Android Emulator, platformName: ANDROID, uiautomator2ServerInstallTimeout: 120000}\n\tat org.openqa.selenium.remote.ProtocolHandshake.createSession(ProtocolHandshake.java:114)\n\tat java.base/jdk.internal.reflect.NativeMethodAccessorImpl.invoke0(Native Method)\n\tat java.base/jdk.internal.reflect.NativeMethodAccessorImpl.invoke(NativeMethodAccessorImpl.java:62)\n\tat java.base/jdk.internal.reflect.DelegatingMethodAccessorImpl.invoke(DelegatingMethodAccessorImpl.java:43)\n\tat java.base/java.lang.reflect.Method.invoke(Method.java:566)\n\tat io.appium.java_client.remote.AppiumProtocolHandshake.createSession(AppiumProtocolHandshake.java:116)\n\tat io.appium.java_client.remote.AppiumProtocolHandshake.createSession(AppiumProtocolHandshake.java:96)\n\tat io.appium.java_client.remote.AppiumCommandExecutor.createSession(AppiumCommandExecutor.java:176)\n\tat io.appium.java_client.remote.AppiumCommandExecutor.execute(AppiumCommandExecutor.java:237)\n\tat org.openqa.selenium.remote.RemoteWebDriver.execute(RemoteWebDriver.java:518)\n\tat io.appium.java_client.AppiumDriver.startSession(AppiumDriver.java:268)\n\tat org.openqa.selenium.remote.RemoteWebDriver.<init>(RemoteWebDriver.java:161)\n\tat io.appium.java_client.AppiumDriver.<init>(AppiumDriver.java:90)\n\tat io.appium.java_client.AppiumDriver.<init>(AppiumDriver.java:108)\n\tat io.appium.java_client.android.AndroidDriver.<init>(AndroidDriver.java:121)\n\tat aquality.appium.mobile.application.ApplicationFactory.createSession(ApplicationFactory.java:48)\n\tat aquality.appium.mobile.application.ApplicationFactory.lambda$getDriver$0(ApplicationFactory.java:39)\n\tat aquality.selenium.core.utilities.ActionRetrier.doWithRetry(ActionRetrier.java:33)\n\tat aquality.selenium.core.utilities.ElementActionRetrier.doWithRetry(ElementActionRetrier.java:22)\n\tat aquality.appium.mobile.application.ApplicationFactory.getDriver(ApplicationFactory.java:39)\n\tat aquality.appium.mobile.application.RemoteApplicationFactory.getApplication(RemoteApplicationFactory.java:13)\n\tat aquality.appium.mobile.application.AqualityServices.startApplication(AqualityServices.java:99)\n\tat aquality.appium.mobile.application.AqualityServices.lambda$getApplication$2(AqualityServices.java:38)\n\tat aquality.selenium.core.applications.AqualityServices.getApp(AqualityServices.java:48)\n\tat aquality.appium.mobile.application.AqualityServices.getApplication(AqualityServices.java:38)\n\tat com.google.inject.internal.ProviderInternalFactory.provision(ProviderInternalFactory.java:85)\n\tat com.google.inject.internal.InternalFactoryToInitializableAdapter.provision(InternalFactoryToInitializableAdapter.java:57)\n\tat com.google.inject.internal.ProviderInternalFactory.circularGet(ProviderInternalFactory.java:59)\n\tat com.google.inject.internal.InternalFactoryToInitializableAdapter.get(InternalFactoryToInitializableAdapter.java:47)\n\tat com.google.inject.internal.InjectorImpl$1.get(InjectorImpl.java:1094)\n\tat aquality.selenium.core.waitings.ConditionalWait.waitFor(ConditionalWait.java:68)\n\tat aquality.selenium.core.waitings.IConditionalWait.waitFor(IConditionalWait.java:300)\n\tat aquality.selenium.core.waitings.IConditionalWait.waitFor(IConditionalWait.java:313)\n\tat aquality.selenium.core.elements.ElementFinder.findElements(ElementFinder.java:32)\n\tat aquality.selenium.core.elements.interfaces.IElementFinder.findElement(IElementFinder.java:51)\n\tat aquality.selenium.core.elements.ElementCacheHandler.getElement(ElementCacheHandler.java:52)\n\tat aquality.selenium.core.elements.interfaces.IElementCacheHandler.getElement(IElementCacheHandler.java:62)\n\tat aquality.selenium.core.elements.Element.getElement(Element.java:110)\n\tat aquality.selenium.core.elements.interfaces.IElement.getElement(IElement.java:45)\n\tat aquality.selenium.core.elements.Element.lambda$click$4(Element.java:154)\n\tat aquality.selenium.core.utilities.ActionRetrier.lambda$doWithRetry$0(ActionRetrier.java:21)\n\tat aquality.selenium.core.utilities.ActionRetrier.doWithRetry(ActionRetrier.java:33)\n\tat aquality.selenium.core.utilities.ActionRetrier.doWithRetry(ActionRetrier.java:24)\n\tat aquality.selenium.core.utilities.ElementActionRetrier.doWithRetry(ElementActionRetrier.java:17)\n\tat aquality.selenium.core.elements.Element.doWithRetry(Element.java:182)\n\tat aquality.selenium.core.elements.Element.click(Element.java:154)\n\tat aquality.appium.mobile.template.screens.chooseview.ChooseViewScreen.openView(ChooseViewScreen.java:16)\n\tat aquality.appium.mobile.template.cucumber.stepdefinitions.ChooseViewSteps.iOpenView(ChooseViewSteps.java:20)\n\tat java.base/jdk.internal.reflect.NativeMethodAccessorImpl.invoke0(Native Method)\n\tat java.base/jdk.internal.reflect.NativeMethodAccessorImpl.invoke(NativeMethodAccessorImpl.java:62)\n\tat java.base/jdk.internal.reflect.DelegatingMethodAccessorImpl.invoke(DelegatingMethodAccessorImpl.java:43)\n\tat java.base/java.lang.reflect.Method.invoke(Method.java:566)\n\tat io.cucumber.java.Invoker.invoke(Invoker.java:27)\n\tat io.cucumber.java.JavaStepDefinition.execute(JavaStepDefinition.java:27)\n\tat io.cucumber.core.runner.PickleStepDefinitionMatch.runStep(PickleStepDefinitionMatch.java:63)\n\tat io.cucumber.core.runner.TestStep.executeStep(TestStep.java:64)\n\tat io.cucumber.core.runner.TestStep.run(TestStep.java:49)\n\tat io.cucumber.core.runner.PickleStepTestStep.run(PickleStepTestStep.java:46)\n\tat io.cucumber.core.runner.TestCase.run(TestCase.java:51)\n\tat io.cucumber.core.runner.Runner.runPickle(Runner.java:67)\n\tat io.cucumber.testng.TestNGCucumberRunner.runScenario(TestNGCucumberRunner.java:124)\n\tat io.cucumber.testng.AbstractTestNGCucumberTests.runScenario(AbstractTestNGCucumberTests.java:29)\n\tat java.base/jdk.internal.reflect.NativeMethodAccessorImpl.invoke0(Native Method)\n\tat java.base/jdk.internal.reflect.NativeMethodAccessorImpl.invoke(NativeMethodAccessorImpl.java:62)\n\tat java.base/jdk.internal.reflect.DelegatingMethodAccessorImpl.invoke(DelegatingMethodAccessorImpl.java:43)\n\tat java.base/java.lang.reflect.Method.invoke(Method.java:566)\n\tat org.testng.internal.MethodInvocationHelper.invokeMethod(MethodInvocationHelper.java:134)\n\tat org.testng.internal.TestInvoker.invokeMethod(TestInvoker.java:597)\n\tat org.testng.internal.TestInvoker.invokeTestMethod(TestInvoker.java:173)\n\tat org.testng.internal.MethodRunner.runInSequence(MethodRunner.java:46)\n\tat org.testng.internal.TestInvoker$MethodInvocationAgent.invoke(TestInvoker.java:816)\n\tat org.testng.internal.TestInvoker.invokeTestMethods(TestInvoker.java:146)\n\tat org.testng.internal.TestMethodWorker.invokeTestMethods(TestMethodWorker.java:146)\n\tat org.testng.internal.TestMethodWorker.run(TestMethodWorker.java:128)\n\tat java.base/java.util.concurrent.ThreadPoolExecutor.runWorker(ThreadPoolExecutor.java:1128)\n\tat java.base/java.util.concurrent.ThreadPoolExecutor$Worker.run(ThreadPoolExecutor.java:628)\n\tat java.base/java.lang.Thread.run(Thread.java:829)\n","steps":[{"name":"21:17:03.540 - Label 'Choose Login Screen view' :: Clicking","time":{"start":1713820623540,"stop":1713820623541,"duration":1},"status":"passed","steps":[],"attachments":[],"parameters":[],"shouldDisplayMessage":false,"stepsCount":0,"attachmentsCount":0,"hasContent":false,"attachmentStep":false},{"name":"21:17:03.891 - Setting application driver using the server on 'http://127.0.0.1:4723/wd/hub'","time":{"start":1713820623891,"stop":1713820623891,"duration":0},"status":"passed","steps":[],"attachments":[],"parameters":[],"shouldDisplayMessage":false,"stepsCount":0,"attachmentsCount":0,"hasContent":false,"attachmentStep":false},{"name":"21:20:16.615 - Setting application driver using the server on 'http://127.0.0.1:4723/wd/hub'","time":{"start":1713820816615,"stop":1713820816615,"duration":0},"status":"passed","steps":[],"attachments":[],"parameters":[],"shouldDisplayMessage":false,"stepsCount":0,"attachmentsCount":0,"hasContent":false,"attachmentStep":false},{"name":"21:23:28.907 - Setting application driver using the server on 'http://127.0.0.1:4723/wd/hub'","time":{"start":1713821008907,"stop":1713821008907,"duration":0},"status":"passed","steps":[],"attachments":[],"parameters":[],"shouldDisplayMessage":false,"stepsCount":0,"attachmentsCount":0,"hasContent":false,"attachmentStep":false}],"attachments":[],"parameters":[],"shouldDisplayMessage":true,"stepsCount":4,"attachmentsCount":0,"hasContent":true,"attachmentStep":false},{"name":"Then  Login Screen is opened","time":{"start":1713821107320,"stop":1713821107321,"duration":1},"status":"skipped","steps":[],"attachments":[],"parameters":[],"shouldDisplayMessage":false,"stepsCount":0,"attachmentsCount":0,"hasContent":false,"attachmentStep":false},{"name":"When  I save Login Screen dump","time":{"start":1713821107321,"stop":1713821107322,"duration":1},"status":"skipped","steps":[],"attachments":[],"parameters":[],"shouldDisplayMessage":false,"stepsCount":0,"attachmentsCount":0,"hasContent":false,"attachmentStep":false},{"name":"And  I log in with data:","time":{"start":1713821107322,"stop":1713821107334,"duration":12},"status":"skipped","steps":[],"attachments":[{"uid":"dc07e309e4857ebc","name":"Data table","source":"dc07e309e4857ebc.csv","type":"text/tab-separated-values","size":45}],"parameters":[],"shouldDisplayMessage":false,"stepsCount":0,"attachmentsCount":1,"hasContent":true,"attachmentStep":false},{"name":"Then  'Invalid login credentials, please try again' alert appears","time":{"start":1713821107335,"stop":1713821107335,"duration":0},"status":"skipped","steps":[],"attachments":[],"parameters":[],"shouldDisplayMessage":false,"stepsCount":0,"attachmentsCount":0,"hasContent":false,"attachmentStep":false},{"name":"When  I accept the alert","time":{"start":1713821107335,"stop":1713821107336,"duration":1},"status":"skipped","steps":[],"attachments":[],"parameters":[],"shouldDisplayMessage":false,"stepsCount":0,"attachmentsCount":0,"hasContent":false,"attachmentStep":false},{"name":"Then  Login Screen dump is different","time":{"start":1713821107336,"stop":1713821107336,"duration":0},"status":"skipped","steps":[],"attachments":[],"parameters":[],"shouldDisplayMessage":false,"stepsCount":0,"attachmentsCount":0,"hasContent":false,"attachmentStep":false}],"attachments":[],"parameters":[],"shouldDisplayMessage":false,"stepsCount":12,"attachmentsCount":1,"hasContent":true,"attachmentStep":false},"afterStages":[{"name":"aquality.appium.mobile.template.cucumber.hooks.ScreenshotHooks.takeScreenshot(io.cucumber.java.Scenario)","time":{"start":1713821107342,"stop":1713821107354,"duration":12},"status":"passed","steps":[],"attachments":[],"parameters":[],"shouldDisplayMessage":false,"stepsCount":0,"attachmentsCount":0,"hasContent":false,"attachmentStep":false},{"name":"aquality.appium.mobile.template.cucumber.hooks.ApplicationHooks.closeApplication()","time":{"start":1713821107354,"stop":1713821107358,"duration":4},"status":"passed","steps":[],"attachments":[],"parameters":[],"shouldDisplayMessage":false,"stepsCount":0,"attachmentsCount":0,"hasContent":false,"attachmentStep":false}],"labels":[{"name":"tag","value":"demo"},{"name":"host","value":"Mac-1713820000169.local"},{"name":"thread","value":"11228@Mac-1713820000169.local.TestNG-test=Surefire test-1(14)"},{"name":"feature","value":"Demo"},{"name":"story","value":"I try to login with invalid credentials"},{"name":"suite","value":"Demo"},{"name":"testClass","value":"I try to login with invalid credentials"},{"name":"framework","value":"cucumber5jvm"},{"name":"language","value":"java"},{"name":"gherkin_uri","value":"file:///Users/runner/work/aquality-appium-mobile-java-template/aquality-appium-mobile-java-template/aquality-appium-mobile-template-cucumber/src/test/java/aquality/appium/mobile/template/cucumber/features/Demo.feature"},{"name":"package","value":"src.test.java.aquality.appium.mobile.template.cucumber.features.Demo_feature.Demo"},{"name":"resultFormat","value":"allure2"}],"parameters":[{"name":"platform","value":"ANDROID"}],"links":[],"hidden":false,"retry":false,"extra":{"severity":"normal","retries":[],"categories":[{"name":"Test defects","matchedStatuses":[],"flaky":false}],"history":{"statistic":{"failed":0,"broken":2,"skipped":0,"passed":0,"unknown":0,"total":2},"items":[{"uid":"c772abe8bab300b1","reportUrl":"https://aquality-automation.github.io/aquality-appium-mobile-java-template/36//#testresult/c772abe8bab300b1","status":"broken","statusDetails":"No elements with locator 'AppiumBy.accessibilityId: Login Screen' were found in DISPLAYED state: Expected condition failed:  (tried for 45 second(s) with 300 milliseconds interval)\nBuild info: version: '4.19.1', revision: 'abe0ee07dc'\nSystem info: os.name: 'Mac OS X', os.arch: 'x86_64', os.version: '12.7.4', java.version: '11.0.22'\nDriver info: io.appium.java_client.android.AndroidDriver\nCapabilities {appium:adbExecTimeout: 60000, appium:androidInstallTimeout: 120000, appium:app: /Users/runner/work/aquality..., appium:appActivity: io.cloudgrey.the_app.MainAc..., appium:appPackage: io.cloudgrey.the_app, appium:automationName: UiAutomator2, appium:databaseEnabled: false, appium:desired: {adbExecTimeout: 60000, androidInstallTimeout: 120000, app: /Users/runner/work/aquality..., appActivity: io.cloudgrey.the_app.MainAc..., appPackage: io.cloudgrey.the_app, automationName: UiAutomator2, deviceName: Android Emulator, platformName: ANDROID, uiautomator2ServerInstallTimeout: 120000}, appium:deviceApiLevel: 28, appium:deviceManufacturer: Google, appium:deviceModel: Android SDK built for x86_64, appium:deviceName: emulator-5554, appium:deviceScreenDensity: 560, appium:deviceScreenSize: 1440x2560, appium:deviceUDID: emulator-5554, appium:javascriptEnabled: true, appium:locationContextEnabled: false, appium:networkConnectionEnabled: true, appium:pixelRatio: 3.5, appium:platformVersion: 9, appium:statBarHeight: 84, appium:takesScreenshot: true, appium:uiautomator2ServerInstallTimeout: 120000, appium:viewportRect: {height: 2476, left: 0, top: 84, width: 1440}, appium:warnings: {}, appium:webStorageEnabled: false, platformName: ANDROID}\nSession ID: 8fb7a8d6-fec6-4b4d-8402-b63a636d74ba\nFor documentation on this error, please visit: https://www.selenium.dev/documentation/webdriver/troubleshooting/errors#no-such-element-exception\nBuild info: version: '4.19.1', revision: 'abe0ee07dc'\nSystem info: os.name: 'Mac OS X', os.arch: 'x86_64', os.version: '12.7.4', java.version: '11.0.22'\nDriver info: driver.version: unknown","time":{"start":1713821558066,"stop":1713822023037,"duration":464971}}]},"tags":["demo"]},"source":"2315fec539627800.json","parameterValues":["ANDROID"]}