{"uid":"65158796f5b24618","name":"I try to login with invalid credentials","fullName":"Demo: I try to login with invalid credentials: ANDROID","historyId":"fee24044a73e67ce50442c5cd1c7be41ANDROID","time":{"start":1709041110694,"stop":1709041395657,"duration":284963},"status":"broken","statusMessage":"No elements with locator 'AppiumBy.accessibilityId: Login Screen' were found in DISPLAYED state: Expected condition failed:  (tried for 45 second(s) with 300 milliseconds interval)\nBuild info: version: '4.18.1', revision: 'b1d3319b48'\nSystem info: os.name: 'Mac OS X', os.arch: 'x86_64', os.version: '12.7.3', java.version: '11.0.22'\nDriver info: io.appium.java_client.android.AndroidDriver\nCapabilities {appium:adbExecTimeout: 60000, appium:androidInstallTimeout: 120000, appium:app: /Users/runner/work/aquality..., appium:appActivity: io.cloudgrey.the_app.MainAc..., appium:appPackage: io.cloudgrey.the_app, appium:automationName: UiAutomator2, appium:databaseEnabled: false, appium:desired: {adbExecTimeout: 60000, androidInstallTimeout: 120000, app: /Users/runner/work/aquality..., appActivity: io.cloudgrey.the_app.MainAc..., appPackage: io.cloudgrey.the_app, automationName: UiAutomator2, deviceName: Android Emulator, platformName: ANDROID, uiautomator2ServerInstallTimeout: 120000}, appium:deviceApiLevel: 28, appium:deviceManufacturer: Google, appium:deviceModel: Android SDK built for x86_64, appium:deviceName: emulator-5554, appium:deviceScreenDensity: 560, appium:deviceScreenSize: 1440x2560, appium:deviceUDID: emulator-5554, appium:javascriptEnabled: true, appium:locationContextEnabled: false, appium:networkConnectionEnabled: true, appium:pixelRatio: 3.5, appium:platformVersion: 9, appium:statBarHeight: 84, appium:takesScreenshot: true, appium:uiautomator2ServerInstallTimeout: 120000, appium:viewportRect: {height: 2476, left: 0, top: 84, width: 1440}, appium:warnings: {}, appium:webStorageEnabled: false, platformName: ANDROID}\nSession ID: 392d08f7-b199-4ed0-8952-df6e13c7104f\nFor documentation on this error, please visit: https://www.selenium.dev/documentation/webdriver/troubleshooting/errors#no-such-element-exception\nBuild info: version: '4.18.1', revision: 'b1d3319b48'\nSystem info: os.name: 'Mac OS X', os.arch: 'x86_64', os.version: '12.7.3', java.version: '11.0.22'\nDriver info: driver.version: unknown","statusTrace":"org.openqa.selenium.NoSuchElementException: No elements with locator 'AppiumBy.accessibilityId: Login Screen' were found in DISPLAYED state: Expected condition failed:  (tried for 45 second(s) with 300 milliseconds interval)\nBuild info: version: '4.18.1', revision: 'b1d3319b48'\nSystem info: os.name: 'Mac OS X', os.arch: 'x86_64', os.version: '12.7.3', java.version: '11.0.22'\nDriver info: io.appium.java_client.android.AndroidDriver\nCapabilities {appium:adbExecTimeout: 60000, appium:androidInstallTimeout: 120000, appium:app: /Users/runner/work/aquality..., appium:appActivity: io.cloudgrey.the_app.MainAc..., appium:appPackage: io.cloudgrey.the_app, appium:automationName: UiAutomator2, appium:databaseEnabled: false, appium:desired: {adbExecTimeout: 60000, androidInstallTimeout: 120000, app: /Users/runner/work/aquality..., appActivity: io.cloudgrey.the_app.MainAc..., appPackage: io.cloudgrey.the_app, automationName: UiAutomator2, deviceName: Android Emulator, platformName: ANDROID, uiautomator2ServerInstallTimeout: 120000}, appium:deviceApiLevel: 28, appium:deviceManufacturer: Google, appium:deviceModel: Android SDK built for x86_64, appium:deviceName: emulator-5554, appium:deviceScreenDensity: 560, appium:deviceScreenSize: 1440x2560, appium:deviceUDID: emulator-5554, appium:javascriptEnabled: true, appium:locationContextEnabled: false, appium:networkConnectionEnabled: true, appium:pixelRatio: 3.5, appium:platformVersion: 9, appium:statBarHeight: 84, appium:takesScreenshot: true, appium:uiautomator2ServerInstallTimeout: 120000, appium:viewportRect: {height: 2476, left: 0, top: 84, width: 1440}, appium:warnings: {}, appium:webStorageEnabled: false, platformName: ANDROID}\nSession ID: 392d08f7-b199-4ed0-8952-df6e13c7104f\nFor documentation on this error, please visit: https://www.selenium.dev/documentation/webdriver/troubleshooting/errors#no-such-element-exception\nBuild info: version: '4.18.1', revision: 'b1d3319b48'\nSystem info: os.name: 'Mac OS X', os.arch: 'x86_64', os.version: '12.7.3', java.version: '11.0.22'\nDriver info: driver.version: unknown\n\tat aquality.selenium.core.elements.ElementFinder.handleTimeoutException(ElementFinder.java:75)\n\tat aquality.selenium.core.elements.ElementFinder.findElements(ElementFinder.java:36)\n\tat aquality.selenium.core.elements.interfaces.IElementFinder.findElement(IElementFinder.java:51)\n\tat aquality.selenium.core.elements.ElementCacheHandler.getElement(ElementCacheHandler.java:52)\n\tat aquality.selenium.core.elements.interfaces.IElementCacheHandler.getElement(IElementCacheHandler.java:62)\n\tat aquality.selenium.core.elements.Element.getElement(Element.java:110)\n\tat aquality.selenium.core.elements.interfaces.IElement.getElement(IElement.java:45)\n\tat aquality.selenium.core.elements.Element.lambda$click$4(Element.java:154)\n\tat aquality.selenium.core.utilities.ActionRetrier.lambda$doWithRetry$0(ActionRetrier.java:21)\n\tat aquality.selenium.core.utilities.ActionRetrier.doWithRetry(ActionRetrier.java:33)\n\tat aquality.selenium.core.utilities.ActionRetrier.doWithRetry(ActionRetrier.java:24)\n\tat aquality.selenium.core.utilities.ElementActionRetrier.doWithRetry(ElementActionRetrier.java:17)\n\tat aquality.selenium.core.elements.Element.doWithRetry(Element.java:182)\n\tat aquality.selenium.core.elements.Element.click(Element.java:154)\n\tat aquality.appium.mobile.template.screens.chooseview.ChooseViewScreen.openView(ChooseViewScreen.java:16)\n\tat aquality.appium.mobile.template.cucumber.stepdefinitions.ChooseViewSteps.iOpenView(ChooseViewSteps.java:20)\n\tat ✽.I open 'Login Screen' view(file:///Users/runner/work/aquality-appium-mobile-java-template/aquality-appium-mobile-java-template/aquality-appium-mobile-template-cucumber/src/test/java/aquality/appium/mobile/template/cucumber/features/Demo.feature:7)\n","flaky":false,"newFailed":false,"newBroken":true,"newPassed":false,"retriesCount":0,"retriesStatusChange":false,"beforeStages":[],"testStage":{"status":"broken","statusMessage":"No elements with locator 'AppiumBy.accessibilityId: Login Screen' were found in DISPLAYED state: Expected condition failed:  (tried for 45 second(s) with 300 milliseconds interval)\nBuild info: version: '4.18.1', revision: 'b1d3319b48'\nSystem info: os.name: 'Mac OS X', os.arch: 'x86_64', os.version: '12.7.3', java.version: '11.0.22'\nDriver info: io.appium.java_client.android.AndroidDriver\nCapabilities {appium:adbExecTimeout: 60000, appium:androidInstallTimeout: 120000, appium:app: /Users/runner/work/aquality..., appium:appActivity: io.cloudgrey.the_app.MainAc..., appium:appPackage: io.cloudgrey.the_app, appium:automationName: UiAutomator2, appium:databaseEnabled: false, appium:desired: {adbExecTimeout: 60000, androidInstallTimeout: 120000, app: /Users/runner/work/aquality..., appActivity: io.cloudgrey.the_app.MainAc..., appPackage: io.cloudgrey.the_app, automationName: UiAutomator2, deviceName: Android Emulator, platformName: ANDROID, uiautomator2ServerInstallTimeout: 120000}, appium:deviceApiLevel: 28, appium:deviceManufacturer: Google, appium:deviceModel: Android SDK built for x86_64, appium:deviceName: emulator-5554, appium:deviceScreenDensity: 560, appium:deviceScreenSize: 1440x2560, appium:deviceUDID: emulator-5554, appium:javascriptEnabled: true, appium:locationContextEnabled: false, appium:networkConnectionEnabled: true, appium:pixelRatio: 3.5, appium:platformVersion: 9, appium:statBarHeight: 84, appium:takesScreenshot: true, appium:uiautomator2ServerInstallTimeout: 120000, appium:viewportRect: {height: 2476, left: 0, top: 84, width: 1440}, appium:warnings: {}, appium:webStorageEnabled: false, platformName: ANDROID}\nSession ID: 392d08f7-b199-4ed0-8952-df6e13c7104f\nFor documentation on this error, please visit: https://www.selenium.dev/documentation/webdriver/troubleshooting/errors#no-such-element-exception\nBuild info: version: '4.18.1', revision: 'b1d3319b48'\nSystem info: os.name: 'Mac OS X', os.arch: 'x86_64', os.version: '12.7.3', java.version: '11.0.22'\nDriver info: driver.version: unknown","statusTrace":"org.openqa.selenium.NoSuchElementException: No elements with locator 'AppiumBy.accessibilityId: Login Screen' were found in DISPLAYED state: Expected condition failed:  (tried for 45 second(s) with 300 milliseconds interval)\nBuild info: version: '4.18.1', revision: 'b1d3319b48'\nSystem info: os.name: 'Mac OS X', os.arch: 'x86_64', os.version: '12.7.3', java.version: '11.0.22'\nDriver info: io.appium.java_client.android.AndroidDriver\nCapabilities {appium:adbExecTimeout: 60000, appium:androidInstallTimeout: 120000, appium:app: /Users/runner/work/aquality..., appium:appActivity: io.cloudgrey.the_app.MainAc..., appium:appPackage: io.cloudgrey.the_app, appium:automationName: UiAutomator2, appium:databaseEnabled: false, appium:desired: {adbExecTimeout: 60000, androidInstallTimeout: 120000, app: /Users/runner/work/aquality..., appActivity: io.cloudgrey.the_app.MainAc..., appPackage: io.cloudgrey.the_app, automationName: UiAutomator2, deviceName: Android Emulator, platformName: ANDROID, uiautomator2ServerInstallTimeout: 120000}, appium:deviceApiLevel: 28, appium:deviceManufacturer: Google, appium:deviceModel: Android SDK built for x86_64, appium:deviceName: emulator-5554, appium:deviceScreenDensity: 560, appium:deviceScreenSize: 1440x2560, appium:deviceUDID: emulator-5554, appium:javascriptEnabled: true, appium:locationContextEnabled: false, appium:networkConnectionEnabled: true, appium:pixelRatio: 3.5, appium:platformVersion: 9, appium:statBarHeight: 84, appium:takesScreenshot: true, appium:uiautomator2ServerInstallTimeout: 120000, appium:viewportRect: {height: 2476, left: 0, top: 84, width: 1440}, appium:warnings: {}, appium:webStorageEnabled: false, platformName: ANDROID}\nSession ID: 392d08f7-b199-4ed0-8952-df6e13c7104f\nFor documentation on this error, please visit: https://www.selenium.dev/documentation/webdriver/troubleshooting/errors#no-such-element-exception\nBuild info: version: '4.18.1', revision: 'b1d3319b48'\nSystem info: os.name: 'Mac OS X', os.arch: 'x86_64', os.version: '12.7.3', java.version: '11.0.22'\nDriver info: driver.version: unknown\n\tat aquality.selenium.core.elements.ElementFinder.handleTimeoutException(ElementFinder.java:75)\n\tat aquality.selenium.core.elements.ElementFinder.findElements(ElementFinder.java:36)\n\tat aquality.selenium.core.elements.interfaces.IElementFinder.findElement(IElementFinder.java:51)\n\tat aquality.selenium.core.elements.ElementCacheHandler.getElement(ElementCacheHandler.java:52)\n\tat aquality.selenium.core.elements.interfaces.IElementCacheHandler.getElement(IElementCacheHandler.java:62)\n\tat aquality.selenium.core.elements.Element.getElement(Element.java:110)\n\tat aquality.selenium.core.elements.interfaces.IElement.getElement(IElement.java:45)\n\tat aquality.selenium.core.elements.Element.lambda$click$4(Element.java:154)\n\tat aquality.selenium.core.utilities.ActionRetrier.lambda$doWithRetry$0(ActionRetrier.java:21)\n\tat aquality.selenium.core.utilities.ActionRetrier.doWithRetry(ActionRetrier.java:33)\n\tat aquality.selenium.core.utilities.ActionRetrier.doWithRetry(ActionRetrier.java:24)\n\tat aquality.selenium.core.utilities.ElementActionRetrier.doWithRetry(ElementActionRetrier.java:17)\n\tat aquality.selenium.core.elements.Element.doWithRetry(Element.java:182)\n\tat aquality.selenium.core.elements.Element.click(Element.java:154)\n\tat aquality.appium.mobile.template.screens.chooseview.ChooseViewScreen.openView(ChooseViewScreen.java:16)\n\tat aquality.appium.mobile.template.cucumber.stepdefinitions.ChooseViewSteps.iOpenView(ChooseViewSteps.java:20)\n\tat ✽.I open 'Login Screen' view(file:///Users/runner/work/aquality-appium-mobile-java-template/aquality-appium-mobile-java-template/aquality-appium-mobile-template-cucumber/src/test/java/aquality/appium/mobile/template/cucumber/features/Demo.feature:7)\n","steps":[{"name":"Given  Allure test name has been updated by the platform parameter","time":{"start":1709041110695,"stop":1709041111946,"duration":1251},"status":"passed","steps":[],"attachments":[],"parameters":[],"shouldDisplayMessage":false,"stepsCount":0,"attachmentsCount":0,"hasContent":false,"attachmentStep":false},{"name":"When  I open 'Login Screen' view","time":{"start":1709041111947,"stop":1709041392140,"duration":280193},"status":"broken","statusMessage":"No elements with locator 'AppiumBy.accessibilityId: Login Screen' were found in DISPLAYED state: Expected condition failed:  (tried for 45 second(s) with 300 milliseconds interval)\nBuild info: version: '4.18.1', revision: 'b1d3319b48'\nSystem info: os.name: 'Mac OS X', os.arch: 'x86_64', os.version: '12.7.3', java.version: '11.0.22'\nDriver info: io.appium.java_client.android.AndroidDriver\nCapabilities {appium:adbExecTimeout: 60000, appium:androidInstallTimeout: 120000, appium:app: /Users/runner/work/aquality..., appium:appActivity: io.cloudgrey.the_app.MainAc..., appium:appPackage: io.cloudgrey.the_app, appium:automationName: UiAutomator2, appium:databaseEnabled: false, appium:desired: {adbExecTimeout: 60000, androidInstallTimeout: 120000, app: /Users/runner/work/aquality..., appActivity: io.cloudgrey.the_app.MainAc..., appPackage: io.cloudgrey.the_app, automationName: UiAutomator2, deviceName: Android Emulator, platformName: ANDROID, uiautomator2ServerInstallTimeout: 120000}, appium:deviceApiLevel: 28, appium:deviceManufacturer: Google, appium:deviceModel: Android SDK built for x86_64, appium:deviceName: emulator-5554, appium:deviceScreenDensity: 560, appium:deviceScreenSize: 1440x2560, appium:deviceUDID: emulator-5554, appium:javascriptEnabled: true, appium:locationContextEnabled: false, appium:networkConnectionEnabled: true, appium:pixelRatio: 3.5, appium:platformVersion: 9, appium:statBarHeight: 84, appium:takesScreenshot: true, appium:uiautomator2ServerInstallTimeout: 120000, appium:viewportRect: {height: 2476, left: 0, top: 84, width: 1440}, appium:warnings: {}, appium:webStorageEnabled: false, platformName: ANDROID}\nSession ID: 392d08f7-b199-4ed0-8952-df6e13c7104f\nFor documentation on this error, please visit: https://www.selenium.dev/documentation/webdriver/troubleshooting/errors#no-such-element-exception\nBuild info: version: '4.18.1', revision: 'b1d3319b48'\nSystem info: os.name: 'Mac OS X', os.arch: 'x86_64', os.version: '12.7.3', java.version: '11.0.22'\nDriver info: driver.version: unknown","statusTrace":"org.openqa.selenium.NoSuchElementException: No elements with locator 'AppiumBy.accessibilityId: Login Screen' were found in DISPLAYED state: Expected condition failed:  (tried for 45 second(s) with 300 milliseconds interval)\nBuild info: version: '4.18.1', revision: 'b1d3319b48'\nSystem info: os.name: 'Mac OS X', os.arch: 'x86_64', os.version: '12.7.3', java.version: '11.0.22'\nDriver info: io.appium.java_client.android.AndroidDriver\nCapabilities {appium:adbExecTimeout: 60000, appium:androidInstallTimeout: 120000, appium:app: /Users/runner/work/aquality..., appium:appActivity: io.cloudgrey.the_app.MainAc..., appium:appPackage: io.cloudgrey.the_app, appium:automationName: UiAutomator2, appium:databaseEnabled: false, appium:desired: {adbExecTimeout: 60000, androidInstallTimeout: 120000, app: /Users/runner/work/aquality..., appActivity: io.cloudgrey.the_app.MainAc..., appPackage: io.cloudgrey.the_app, automationName: UiAutomator2, deviceName: Android Emulator, platformName: ANDROID, uiautomator2ServerInstallTimeout: 120000}, appium:deviceApiLevel: 28, appium:deviceManufacturer: Google, appium:deviceModel: Android SDK built for x86_64, appium:deviceName: emulator-5554, appium:deviceScreenDensity: 560, appium:deviceScreenSize: 1440x2560, appium:deviceUDID: emulator-5554, appium:javascriptEnabled: true, appium:locationContextEnabled: false, appium:networkConnectionEnabled: true, appium:pixelRatio: 3.5, appium:platformVersion: 9, appium:statBarHeight: 84, appium:takesScreenshot: true, appium:uiautomator2ServerInstallTimeout: 120000, appium:viewportRect: {height: 2476, left: 0, top: 84, width: 1440}, appium:warnings: {}, appium:webStorageEnabled: false, platformName: ANDROID}\nSession ID: 392d08f7-b199-4ed0-8952-df6e13c7104f\nFor documentation on this error, please visit: https://www.selenium.dev/documentation/webdriver/troubleshooting/errors#no-such-element-exception\nBuild info: version: '4.18.1', revision: 'b1d3319b48'\nSystem info: os.name: 'Mac OS X', os.arch: 'x86_64', os.version: '12.7.3', java.version: '11.0.22'\nDriver info: driver.version: unknown\n\tat aquality.selenium.core.elements.ElementFinder.handleTimeoutException(ElementFinder.java:75)\n\tat aquality.selenium.core.elements.ElementFinder.findElements(ElementFinder.java:36)\n\tat aquality.selenium.core.elements.interfaces.IElementFinder.findElement(IElementFinder.java:51)\n\tat aquality.selenium.core.elements.ElementCacheHandler.getElement(ElementCacheHandler.java:52)\n\tat aquality.selenium.core.elements.interfaces.IElementCacheHandler.getElement(IElementCacheHandler.java:62)\n\tat aquality.selenium.core.elements.Element.getElement(Element.java:110)\n\tat aquality.selenium.core.elements.interfaces.IElement.getElement(IElement.java:45)\n\tat aquality.selenium.core.elements.Element.lambda$click$4(Element.java:154)\n\tat aquality.selenium.core.utilities.ActionRetrier.lambda$doWithRetry$0(ActionRetrier.java:21)\n\tat aquality.selenium.core.utilities.ActionRetrier.doWithRetry(ActionRetrier.java:33)\n\tat aquality.selenium.core.utilities.ActionRetrier.doWithRetry(ActionRetrier.java:24)\n\tat aquality.selenium.core.utilities.ElementActionRetrier.doWithRetry(ElementActionRetrier.java:17)\n\tat aquality.selenium.core.elements.Element.doWithRetry(Element.java:182)\n\tat aquality.selenium.core.elements.Element.click(Element.java:154)\n\tat aquality.appium.mobile.template.screens.chooseview.ChooseViewScreen.openView(ChooseViewScreen.java:16)\n\tat aquality.appium.mobile.template.cucumber.stepdefinitions.ChooseViewSteps.iOpenView(ChooseViewSteps.java:20)\n\tat ✽.I open 'Login Screen' view(file:///Users/runner/work/aquality-appium-mobile-java-template/aquality-appium-mobile-java-template/aquality-appium-mobile-template-cucumber/src/test/java/aquality/appium/mobile/template/cucumber/features/Demo.feature:7)\n","steps":[{"name":"13:38:31.985 - Label 'Choose Login Screen view' :: Clicking","time":{"start":1709041111986,"stop":1709041111986,"duration":0},"status":"passed","steps":[],"attachments":[],"parameters":[],"shouldDisplayMessage":false,"stepsCount":0,"attachmentsCount":0,"hasContent":false,"attachmentStep":false},{"name":"13:38:32.142 - Setting application driver using the server on 'http://127.0.0.1:4723/wd/hub'","time":{"start":1709041112143,"stop":1709041112143,"duration":0},"status":"passed","steps":[],"attachments":[],"parameters":[],"shouldDisplayMessage":false,"stepsCount":0,"attachmentsCount":0,"hasContent":false,"attachmentStep":false},{"name":"13:42:26.790 - Application on platform 'ANDROID' is ready...","time":{"start":1709041346790,"stop":1709041346790,"duration":0},"status":"passed","steps":[],"attachments":[],"parameters":[],"shouldDisplayMessage":false,"stepsCount":0,"attachmentsCount":0,"hasContent":false,"attachmentStep":false}],"attachments":[],"parameters":[],"shouldDisplayMessage":true,"stepsCount":3,"attachmentsCount":0,"hasContent":true,"attachmentStep":false},{"name":"Then  Login Screen is opened","time":{"start":1709041392141,"stop":1709041392141,"duration":0},"status":"skipped","steps":[],"attachments":[],"parameters":[],"shouldDisplayMessage":false,"stepsCount":0,"attachmentsCount":0,"hasContent":false,"attachmentStep":false},{"name":"When  I save Login Screen dump","time":{"start":1709041392142,"stop":1709041392142,"duration":0},"status":"skipped","steps":[],"attachments":[],"parameters":[],"shouldDisplayMessage":false,"stepsCount":0,"attachmentsCount":0,"hasContent":false,"attachmentStep":false},{"name":"And  I log in with data:","time":{"start":1709041392142,"stop":1709041392145,"duration":3},"status":"skipped","steps":[],"attachments":[{"uid":"c89f72de60e1a106","name":"Data table","source":"c89f72de60e1a106.csv","type":"text/tab-separated-values","size":45}],"parameters":[],"shouldDisplayMessage":false,"stepsCount":0,"attachmentsCount":1,"hasContent":true,"attachmentStep":false},{"name":"Then  'Invalid login credentials, please try again' alert appears","time":{"start":1709041392145,"stop":1709041392145,"duration":0},"status":"skipped","steps":[],"attachments":[],"parameters":[],"shouldDisplayMessage":false,"stepsCount":0,"attachmentsCount":0,"hasContent":false,"attachmentStep":false},{"name":"When  I accept the alert","time":{"start":1709041392145,"stop":1709041392146,"duration":1},"status":"skipped","steps":[],"attachments":[],"parameters":[],"shouldDisplayMessage":false,"stepsCount":0,"attachmentsCount":0,"hasContent":false,"attachmentStep":false},{"name":"Then  Login Screen dump is different","time":{"start":1709041392146,"stop":1709041392146,"duration":0},"status":"skipped","steps":[],"attachments":[],"parameters":[],"shouldDisplayMessage":false,"stepsCount":0,"attachmentsCount":0,"hasContent":false,"attachmentStep":false}],"attachments":[],"parameters":[],"shouldDisplayMessage":false,"stepsCount":11,"attachmentsCount":1,"hasContent":true,"attachmentStep":false},"afterStages":[{"name":"aquality.appium.mobile.template.cucumber.hooks.ScreenshotHooks.takeScreenshot(io.cucumber.java.Scenario)","time":{"start":1709041392148,"stop":1709041393329,"duration":1181},"status":"passed","steps":[],"attachments":[{"uid":"1f6b8727bc7f2f5a","name":"Screenshot","source":"1f6b8727bc7f2f5a.png","type":"image/png","size":174311}],"parameters":[],"shouldDisplayMessage":false,"stepsCount":0,"attachmentsCount":1,"hasContent":true,"attachmentStep":false},{"name":"aquality.appium.mobile.template.cucumber.hooks.ApplicationHooks.closeApplication()","time":{"start":1709041393330,"stop":1709041395655,"duration":2325},"status":"passed","steps":[{"name":"13:43:13.333 - Closing application","time":{"start":1709041393333,"stop":1709041393333,"duration":0},"status":"passed","steps":[],"attachments":[],"parameters":[],"shouldDisplayMessage":false,"stepsCount":0,"attachmentsCount":0,"hasContent":false,"attachmentStep":false}],"attachments":[],"parameters":[],"shouldDisplayMessage":false,"stepsCount":1,"attachmentsCount":0,"hasContent":true,"attachmentStep":false}],"labels":[{"name":"tag","value":"demo"},{"name":"host","value":"Mac-1709039613056.local"},{"name":"thread","value":"6535@Mac-1709039613056.local.TestNG-test=Surefire test-1(15)"},{"name":"feature","value":"Demo"},{"name":"story","value":"I try to login with invalid credentials"},{"name":"suite","value":"Demo"},{"name":"testClass","value":"I try to login with invalid credentials"},{"name":"framework","value":"cucumber4jvm"},{"name":"language","value":"java"},{"name":"gherkin_uri","value":"file:///Users/runner/work/aquality-appium-mobile-java-template/aquality-appium-mobile-java-template/aquality-appium-mobile-template-cucumber/src/test/java/aquality/appium/mobile/template/cucumber/features/Demo.feature"},{"name":"package","value":"src.test.java.aquality.appium.mobile.template.cucumber.features.Demo_feature.Demo"},{"name":"resultFormat","value":"allure2"}],"parameters":[{"name":"platform","value":"ANDROID"}],"links":[],"hidden":false,"retry":false,"extra":{"severity":"normal","retries":[],"categories":[{"name":"Test defects","matchedStatuses":[],"flaky":false}],"history":{"statistic":{"failed":0,"broken":2,"skipped":0,"passed":8,"unknown":0,"total":10},"items":[{"uid":"41721be64353748f","reportUrl":"https://aquality-automation.github.io/aquality-appium-mobile-java-template/30//#testresult/41721be64353748f","status":"passed","time":{"start":1703796830766,"stop":1703796980480,"duration":149714}},{"uid":"4ff45636d8114696","reportUrl":"https://aquality-automation.github.io/aquality-appium-mobile-java-template/29//#testresult/4ff45636d8114696","status":"passed","time":{"start":1678888441480,"stop":1678888626289,"duration":184809}},{"uid":"4e9f63861a8aa6f7","reportUrl":"https://aquality-automation.github.io/aquality-appium-mobile-java-template/28//#testresult/4e9f63861a8aa6f7","status":"passed","time":{"start":1678884626748,"stop":1678884829613,"duration":202865}},{"uid":"b22929a10c5f43b5","reportUrl":"https://aquality-automation.github.io/aquality-appium-mobile-java-template/27//#testresult/b22929a10c5f43b5","status":"passed","time":{"start":1677750274919,"stop":1677750647486,"duration":372567}},{"uid":"82299d593ddee7ee","reportUrl":"https://aquality-automation.github.io/aquality-appium-mobile-java-template/26//#testresult/82299d593ddee7ee","status":"passed","time":{"start":1677607344226,"stop":1677607581497,"duration":237271}},{"uid":"c60052e505940fc0","reportUrl":"https://aquality-automation.github.io/aquality-appium-mobile-java-template/26//#testresult/c60052e505940fc0","status":"broken","statusDetails":"No elements with locator 'AppiumBy.accessibilityId: Login Screen' were found in DISPLAYED state: Expected condition failed:  (tried for 45 second(s) with 300 milliseconds interval)\nBuild info: version: '4.8.1', revision: '8ebccac989'\nSystem info: os.name: 'Mac OS X', os.arch: 'x86_64', os.version: '12.6.3', java.version: '1.8.0_362'\nDriver info: io.appium.java_client.android.AndroidDriver\nCapabilities {appium:adbExecTimeout: 60000, appium:androidInstallTimeout: 120000, appium:app: /Users/runner/work/aquality..., appium:appActivity: io.cloudgrey.the_app.MainAc..., appium:appPackage: io.cloudgrey.the_app, appium:automationName: UiAutomator2, appium:databaseEnabled: false, appium:desired: {adbExecTimeout: 60000, androidInstallTimeout: 120000, app: /Users/runner/work/aquality..., appActivity: io.cloudgrey.the_app.MainAc..., appPackage: io.cloudgrey.the_app, automationName: UiAutomator2, deviceName: Android Emulator, platformName: android, uiautomator2ServerInstallTimeout: 120000}, appium:deviceApiLevel: 28, appium:deviceManufacturer: Google, appium:deviceModel: Android SDK built for x86_64, appium:deviceName: emulator-5554, appium:deviceScreenDensity: 560, appium:deviceScreenSize: 1440x2560, appium:deviceUDID: emulator-5554, appium:javascriptEnabled: true, appium:locationContextEnabled: false, appium:networkConnectionEnabled: true, appium:pixelRatio: 3.5, appium:platformVersion: 9, appium:statBarHeight: 84, appium:takesScreenshot: true, appium:uiautomator2ServerInstallTimeout: 120000, appium:viewportRect: {height: 2308, left: 0, top: 84, width: 1440}, appium:warnings: {}, appium:webStorageEnabled: false, platformName: ANDROID}\nSession ID: 49faa4c1-508b-428a-a4a4-ceae745cc137\nFor documentation on this error, please visit: https://selenium.dev/exceptions/#no_such_element\nBuild info: version: '4.8.1', revision: '8ebccac989'\nSystem info: os.name: 'Mac OS X', os.arch: 'x86_64', os.version: '12.6.3', java.version: '1.8.0_362'\nDriver info: driver.version: unknown","time":{"start":1677604685589,"stop":1677604929254,"duration":243665}},{"uid":"f3252989ee2cc725","reportUrl":"https://aquality-automation.github.io/aquality-appium-mobile-java-template/25//#testresult/f3252989ee2cc725","status":"passed","time":{"start":1676885763345,"stop":1676886003083,"duration":239738}},{"uid":"37c475b88027e8a1","reportUrl":"https://aquality-automation.github.io/aquality-appium-mobile-java-template/24//#testresult/37c475b88027e8a1","status":"passed","time":{"start":1676389000410,"stop":1676389289995,"duration":289585}},{"uid":"f1f9468c37ea9ed7","reportUrl":"https://aquality-automation.github.io/aquality-appium-mobile-java-template/19//#testresult/f1f9468c37ea9ed7","status":"passed","time":{"start":1675790270935,"stop":1675790492092,"duration":221157}}]},"tags":["demo"]},"source":"65158796f5b24618.json","parameterValues":["ANDROID"]}