{"uid":"e020b98f0d2e61c0","name":"I try to login with invalid credentials","fullName":"Demo: I try to login with invalid credentials: ANDROID","historyId":"428ac35029d8055c9bdb6049ddd581f7ANDROID","time":{"start":1715699061665,"stop":1715699437645,"duration":375980},"status":"broken","statusMessage":"Unable to provision, see the following errors:\n\n1) Error in custom provider, org.openqa.selenium.SessionNotCreatedException: Could not start a new session. Response code 500. Message: An unknown server-side error occurred while processing the command. Original error: Error executing adbExec. Original error: 'Command '/Users/runner/Library/Android/sdk/platform-tools/adb -P 5037 -s emulator-5554 install /Users/runner/work/aquality-appium-mobile-java-template/aquality-appium-mobile-java-template/aquality-appium-mobile-template/src/main/resources/applications/TheApp-v1.10.0.apk' timed out after 120000ms'. Try to increase the 120000ms adb execution timeout represented by 'androidInstallTimeout' capability \nHost info: host: 'Mac-1715696582644.local', ip: 'fe80:0:0:0:87a:90c1:85f5:e633%en0'\nBuild info: version: '4.20.0', revision: '866c76ca80'\nSystem info: os.name: 'Mac OS X', os.arch: 'x86_64', os.version: '12.7.4', java.version: '11.0.23'\nDriver info: io.appium.java_client.android.AndroidDriver\nCommand: [null, newSession {desiredCapabilities=Capabilities {adbExecTimeout: 60000, androidInstallTimeout: 120000, app: /Users/runner/work/aquality..., appActivity: io.cloudgrey.the_app.MainAc..., appPackage: io.cloudgrey.the_app, automationName: UiAutomator2, deviceName: Android Emulator, platformName: ANDROID, uiautomator2ServerInstallTimeout: 120000}, capabilities=[{appium:uiautomator2ServerInstallTimeout=120000, platformName=ANDROID, appium:appPackage=io.cloudgrey.the_app, appium:adbExecTimeout=60000, appium:automationName=UiAutomator2, appium:deviceName=Android Emulator, appium:appActivity=io.cloudgrey.the_app.MainActivity, appium:androidInstallTimeout=120000, appium:app=/Users/runner/work/aquality-appium-mobile-java-template/aquality-appium-mobile-java-template/aquality-appium-mobile-template/src/main/resources/applications/TheApp-v1.10.0.apk}]}]\nCapabilities {adbExecTimeout: 60000, androidInstallTimeout: 120000, app: /Users/runner/work/aquality..., appActivity: io.cloudgrey.the_app.MainAc..., appPackage: io.cloudgrey.the_app, automationName: UiAutomator2, deviceName: Android Emulator, platformName: ANDROID, uiautomator2ServerInstallTimeout: 120000}\n  at aquality.selenium.core.applications.AqualityModule.configure(AqualityModule.java:41)\n  while locating aquality.selenium.core.applications.IApplication\n\n1 error","statusTrace":"com.google.inject.ProvisionException: Unable to provision, see the following errors:\n\n1) Error in custom provider, org.openqa.selenium.SessionNotCreatedException: Could not start a new session. Response code 500. Message: An unknown server-side error occurred while processing the command. Original error: Error executing adbExec. Original error: 'Command '/Users/runner/Library/Android/sdk/platform-tools/adb -P 5037 -s emulator-5554 install /Users/runner/work/aquality-appium-mobile-java-template/aquality-appium-mobile-java-template/aquality-appium-mobile-template/src/main/resources/applications/TheApp-v1.10.0.apk' timed out after 120000ms'. Try to increase the 120000ms adb execution timeout represented by 'androidInstallTimeout' capability \nHost info: host: 'Mac-1715696582644.local', ip: 'fe80:0:0:0:87a:90c1:85f5:e633%en0'\nBuild info: version: '4.20.0', revision: '866c76ca80'\nSystem info: os.name: 'Mac OS X', os.arch: 'x86_64', os.version: '12.7.4', java.version: '11.0.23'\nDriver info: io.appium.java_client.android.AndroidDriver\nCommand: [null, newSession {desiredCapabilities=Capabilities {adbExecTimeout: 60000, androidInstallTimeout: 120000, app: /Users/runner/work/aquality..., appActivity: io.cloudgrey.the_app.MainAc..., appPackage: io.cloudgrey.the_app, automationName: UiAutomator2, deviceName: Android Emulator, platformName: ANDROID, uiautomator2ServerInstallTimeout: 120000}, capabilities=[{appium:uiautomator2ServerInstallTimeout=120000, platformName=ANDROID, appium:appPackage=io.cloudgrey.the_app, appium:adbExecTimeout=60000, appium:automationName=UiAutomator2, appium:deviceName=Android Emulator, appium:appActivity=io.cloudgrey.the_app.MainActivity, appium:androidInstallTimeout=120000, appium:app=/Users/runner/work/aquality-appium-mobile-java-template/aquality-appium-mobile-java-template/aquality-appium-mobile-template/src/main/resources/applications/TheApp-v1.10.0.apk}]}]\nCapabilities {adbExecTimeout: 60000, androidInstallTimeout: 120000, app: /Users/runner/work/aquality..., appActivity: io.cloudgrey.the_app.MainAc..., appPackage: io.cloudgrey.the_app, automationName: UiAutomator2, deviceName: Android Emulator, platformName: ANDROID, uiautomator2ServerInstallTimeout: 120000}\n  at aquality.selenium.core.applications.AqualityModule.configure(AqualityModule.java:41)\n  while locating aquality.selenium.core.applications.IApplication\n\n1 error\n\tat com.google.inject.internal.InternalProvisionException.toProvisionException(InternalProvisionException.java:226)\n\tat com.google.inject.internal.InjectorImpl$1.get(InjectorImpl.java:1097)\n\tat aquality.selenium.core.waitings.ConditionalWait.waitFor(ConditionalWait.java:68)\n\tat aquality.selenium.core.waitings.IConditionalWait.waitFor(IConditionalWait.java:300)\n\tat aquality.selenium.core.waitings.IConditionalWait.waitFor(IConditionalWait.java:313)\n\tat aquality.selenium.core.elements.ElementFinder.findElements(ElementFinder.java:32)\n\tat aquality.selenium.core.elements.interfaces.IElementFinder.findElement(IElementFinder.java:51)\n\tat aquality.selenium.core.elements.ElementCacheHandler.getElement(ElementCacheHandler.java:52)\n\tat aquality.selenium.core.elements.CachedElementStateProvider.tryInvokeFunction(CachedElementStateProvider.java:46)\n\tat aquality.selenium.core.elements.CachedElementStateProvider.tryInvokeFunction(CachedElementStateProvider.java:41)\n\tat aquality.selenium.core.elements.CachedElementStateProvider.lambda$waitForDisplayed$0(CachedElementStateProvider.java:89)\n\tat aquality.selenium.core.waitings.ConditionalWait.isConditionSatisfied(ConditionalWait.java:90)\n\tat aquality.selenium.core.waitings.ConditionalWait.waitForTrue(ConditionalWait.java:48)\n\tat aquality.selenium.core.waitings.ConditionalWait.waitFor(ConditionalWait.java:33)\n\tat aquality.selenium.core.waitings.IConditionalWait.waitFor(IConditionalWait.java:73)\n\tat aquality.selenium.core.waitings.IConditionalWait.waitFor(IConditionalWait.java:84)\n\tat aquality.selenium.core.elements.CachedElementStateProvider.waitForCondition(CachedElementStateProvider.java:57)\n\tat aquality.selenium.core.elements.CachedElementStateProvider.waitForDisplayed(CachedElementStateProvider.java:89)\n\tat aquality.selenium.core.elements.interfaces.IElementStateProvider.waitForDisplayed(IElementStateProvider.java:58)\n\tat aquality.appium.mobile.template.screens.chooseview.AndroidChooseViewScreen.openView(AndroidChooseViewScreen.java:20)\n\tat aquality.appium.mobile.template.cucumber.stepdefinitions.ChooseViewSteps.iOpenView(ChooseViewSteps.java:20)\n\tat ✽.I open 'Login Screen' view(file:///Users/runner/work/aquality-appium-mobile-java-template/aquality-appium-mobile-java-template/aquality-appium-mobile-template-cucumber/src/test/java/aquality/appium/mobile/template/cucumber/features/Demo.feature:5)\nCaused by: org.openqa.selenium.SessionNotCreatedException: Could not start a new session. Response code 500. Message: An unknown server-side error occurred while processing the command. Original error: Error executing adbExec. Original error: 'Command '/Users/runner/Library/Android/sdk/platform-tools/adb -P 5037 -s emulator-5554 install /Users/runner/work/aquality-appium-mobile-java-template/aquality-appium-mobile-java-template/aquality-appium-mobile-template/src/main/resources/applications/TheApp-v1.10.0.apk' timed out after 120000ms'. Try to increase the 120000ms adb execution timeout represented by 'androidInstallTimeout' capability \nHost info: host: 'Mac-1715696582644.local', ip: 'fe80:0:0:0:87a:90c1:85f5:e633%en0'\nBuild info: version: '4.20.0', revision: '866c76ca80'\nSystem info: os.name: 'Mac OS X', os.arch: 'x86_64', os.version: '12.7.4', java.version: '11.0.23'\nDriver info: io.appium.java_client.android.AndroidDriver\nCommand: [null, newSession {desiredCapabilities=Capabilities {adbExecTimeout: 60000, androidInstallTimeout: 120000, app: /Users/runner/work/aquality..., appActivity: io.cloudgrey.the_app.MainAc..., appPackage: io.cloudgrey.the_app, automationName: UiAutomator2, deviceName: Android Emulator, platformName: ANDROID, uiautomator2ServerInstallTimeout: 120000}, capabilities=[{appium:uiautomator2ServerInstallTimeout=120000, platformName=ANDROID, appium:appPackage=io.cloudgrey.the_app, appium:adbExecTimeout=60000, appium:automationName=UiAutomator2, appium:deviceName=Android Emulator, appium:appActivity=io.cloudgrey.the_app.MainActivity, appium:androidInstallTimeout=120000, appium:app=/Users/runner/work/aquality-appium-mobile-java-template/aquality-appium-mobile-java-template/aquality-appium-mobile-template/src/main/resources/applications/TheApp-v1.10.0.apk}]}]\nCapabilities {adbExecTimeout: 60000, androidInstallTimeout: 120000, app: /Users/runner/work/aquality..., appActivity: io.cloudgrey.the_app.MainAc..., appPackage: io.cloudgrey.the_app, automationName: UiAutomator2, deviceName: Android Emulator, platformName: ANDROID, uiautomator2ServerInstallTimeout: 120000}\n\tat org.openqa.selenium.remote.ProtocolHandshake.createSession(ProtocolHandshake.java:114)\n\tat java.base/jdk.internal.reflect.NativeMethodAccessorImpl.invoke0(Native Method)\n\tat java.base/jdk.internal.reflect.NativeMethodAccessorImpl.invoke(NativeMethodAccessorImpl.java:62)\n\tat java.base/jdk.internal.reflect.DelegatingMethodAccessorImpl.invoke(DelegatingMethodAccessorImpl.java:43)\n\tat java.base/java.lang.reflect.Method.invoke(Method.java:566)\n\tat io.appium.java_client.remote.AppiumProtocolHandshake.createSession(AppiumProtocolHandshake.java:116)\n\tat io.appium.java_client.remote.AppiumProtocolHandshake.createSession(AppiumProtocolHandshake.java:96)\n\tat io.appium.java_client.remote.AppiumCommandExecutor.createSession(AppiumCommandExecutor.java:176)\n\tat io.appium.java_client.remote.AppiumCommandExecutor.execute(AppiumCommandExecutor.java:237)\n\tat org.openqa.selenium.remote.RemoteWebDriver.execute(RemoteWebDriver.java:518)\n\tat io.appium.java_client.AppiumDriver.startSession(AppiumDriver.java:268)\n\tat org.openqa.selenium.remote.RemoteWebDriver.<init>(RemoteWebDriver.java:161)\n\tat io.appium.java_client.AppiumDriver.<init>(AppiumDriver.java:90)\n\tat io.appium.java_client.AppiumDriver.<init>(AppiumDriver.java:108)\n\tat io.appium.java_client.android.AndroidDriver.<init>(AndroidDriver.java:121)\n\tat aquality.appium.mobile.application.ApplicationFactory.createSession(ApplicationFactory.java:48)\n\tat aquality.appium.mobile.application.ApplicationFactory.lambda$getDriver$0(ApplicationFactory.java:39)\n\tat aquality.selenium.core.utilities.ActionRetrier.doWithRetry(ActionRetrier.java:33)\n\tat aquality.selenium.core.utilities.ElementActionRetrier.doWithRetry(ElementActionRetrier.java:22)\n\tat aquality.appium.mobile.application.ApplicationFactory.getDriver(ApplicationFactory.java:39)\n\tat aquality.appium.mobile.application.RemoteApplicationFactory.getApplication(RemoteApplicationFactory.java:13)\n\tat aquality.appium.mobile.application.AqualityServices.startApplication(AqualityServices.java:99)\n\tat aquality.appium.mobile.application.AqualityServices.lambda$getApplication$2(AqualityServices.java:38)\n\tat aquality.selenium.core.applications.AqualityServices.getApp(AqualityServices.java:48)\n\tat aquality.appium.mobile.application.AqualityServices.getApplication(AqualityServices.java:38)\n\tat com.google.inject.internal.ProviderInternalFactory.provision(ProviderInternalFactory.java:85)\n\tat com.google.inject.internal.InternalFactoryToInitializableAdapter.provision(InternalFactoryToInitializableAdapter.java:57)\n\tat com.google.inject.internal.ProviderInternalFactory.circularGet(ProviderInternalFactory.java:59)\n\tat com.google.inject.internal.InternalFactoryToInitializableAdapter.get(InternalFactoryToInitializableAdapter.java:47)\n\tat com.google.inject.internal.InjectorImpl$1.get(InjectorImpl.java:1094)\n\tat aquality.selenium.core.waitings.ConditionalWait.waitFor(ConditionalWait.java:68)\n\tat aquality.selenium.core.waitings.IConditionalWait.waitFor(IConditionalWait.java:300)\n\tat aquality.selenium.core.waitings.IConditionalWait.waitFor(IConditionalWait.java:313)\n\tat aquality.selenium.core.elements.ElementFinder.findElements(ElementFinder.java:32)\n\tat aquality.selenium.core.elements.interfaces.IElementFinder.findElement(IElementFinder.java:51)\n\tat aquality.selenium.core.elements.ElementCacheHandler.getElement(ElementCacheHandler.java:52)\n\tat aquality.selenium.core.elements.CachedElementStateProvider.tryInvokeFunction(CachedElementStateProvider.java:46)\n\tat aquality.selenium.core.elements.CachedElementStateProvider.tryInvokeFunction(CachedElementStateProvider.java:41)\n\tat aquality.selenium.core.elements.CachedElementStateProvider.lambda$waitForDisplayed$0(CachedElementStateProvider.java:89)\n\tat aquality.selenium.core.waitings.ConditionalWait.isConditionSatisfied(ConditionalWait.java:90)\n\tat aquality.selenium.core.waitings.ConditionalWait.waitForTrue(ConditionalWait.java:48)\n\tat aquality.selenium.core.waitings.ConditionalWait.waitFor(ConditionalWait.java:33)\n\tat aquality.selenium.core.waitings.IConditionalWait.waitFor(IConditionalWait.java:73)\n\tat aquality.selenium.core.waitings.IConditionalWait.waitFor(IConditionalWait.java:84)\n\tat aquality.selenium.core.elements.CachedElementStateProvider.waitForCondition(CachedElementStateProvider.java:57)\n\tat aquality.selenium.core.elements.CachedElementStateProvider.waitForDisplayed(CachedElementStateProvider.java:89)\n\tat aquality.selenium.core.elements.interfaces.IElementStateProvider.waitForDisplayed(IElementStateProvider.java:58)\n\tat aquality.appium.mobile.template.screens.chooseview.AndroidChooseViewScreen.openView(AndroidChooseViewScreen.java:20)\n\tat aquality.appium.mobile.template.cucumber.stepdefinitions.ChooseViewSteps.iOpenView(ChooseViewSteps.java:20)\n\tat java.base/jdk.internal.reflect.NativeMethodAccessorImpl.invoke0(Native Method)\n\tat java.base/jdk.internal.reflect.NativeMethodAccessorImpl.invoke(NativeMethodAccessorImpl.java:62)\n\tat java.base/jdk.internal.reflect.DelegatingMethodAccessorImpl.invoke(DelegatingMethodAccessorImpl.java:43)\n\tat java.base/java.lang.reflect.Method.invoke(Method.java:566)\n\tat io.cucumber.java.Invoker.invoke(Invoker.java:27)\n\tat io.cucumber.java.JavaStepDefinition.execute(JavaStepDefinition.java:27)\n\tat io.cucumber.core.runner.PickleStepDefinitionMatch.runStep(PickleStepDefinitionMatch.java:63)\n\tat io.cucumber.core.runner.TestStep.executeStep(TestStep.java:64)\n\tat io.cucumber.core.runner.TestStep.run(TestStep.java:49)\n\tat io.cucumber.core.runner.PickleStepTestStep.run(PickleStepTestStep.java:46)\n\tat io.cucumber.core.runner.TestCase.run(TestCase.java:51)\n\tat io.cucumber.core.runner.Runner.runPickle(Runner.java:67)\n\tat io.cucumber.testng.TestNGCucumberRunner.runScenario(TestNGCucumberRunner.java:124)\n\tat io.cucumber.testng.AbstractTestNGCucumberTests.runScenario(AbstractTestNGCucumberTests.java:29)\n\tat java.base/jdk.internal.reflect.NativeMethodAccessorImpl.invoke0(Native Method)\n\tat java.base/jdk.internal.reflect.NativeMethodAccessorImpl.invoke(NativeMethodAccessorImpl.java:62)\n\tat java.base/jdk.internal.reflect.DelegatingMethodAccessorImpl.invoke(DelegatingMethodAccessorImpl.java:43)\n\tat java.base/java.lang.reflect.Method.invoke(Method.java:566)\n\tat org.testng.internal.MethodInvocationHelper.invokeMethod(MethodInvocationHelper.java:134)\n\tat org.testng.internal.TestInvoker.invokeMethod(TestInvoker.java:597)\n\tat org.testng.internal.TestInvoker.invokeTestMethod(TestInvoker.java:173)\n\tat org.testng.internal.MethodRunner.runInSequence(MethodRunner.java:46)\n\tat org.testng.internal.TestInvoker$MethodInvocationAgent.invoke(TestInvoker.java:816)\n\tat org.testng.internal.TestInvoker.invokeTestMethods(TestInvoker.java:146)\n\tat org.testng.internal.TestMethodWorker.invokeTestMethods(TestMethodWorker.java:146)\n\tat org.testng.internal.TestMethodWorker.run(TestMethodWorker.java:128)\n\tat java.base/java.util.concurrent.ThreadPoolExecutor.runWorker(ThreadPoolExecutor.java:1128)\n\tat java.base/java.util.concurrent.ThreadPoolExecutor$Worker.run(ThreadPoolExecutor.java:628)\n\tat java.base/java.lang.Thread.run(Thread.java:829)\n","flaky":false,"newFailed":false,"newBroken":false,"newPassed":false,"retriesCount":0,"retriesStatusChange":false,"beforeStages":[],"testStage":{"status":"broken","statusMessage":"Unable to provision, see the following errors:\n\n1) Error in custom provider, org.openqa.selenium.SessionNotCreatedException: Could not start a new session. Response code 500. Message: An unknown server-side error occurred while processing the command. Original error: Error executing adbExec. Original error: 'Command '/Users/runner/Library/Android/sdk/platform-tools/adb -P 5037 -s emulator-5554 install /Users/runner/work/aquality-appium-mobile-java-template/aquality-appium-mobile-java-template/aquality-appium-mobile-template/src/main/resources/applications/TheApp-v1.10.0.apk' timed out after 120000ms'. Try to increase the 120000ms adb execution timeout represented by 'androidInstallTimeout' capability \nHost info: host: 'Mac-1715696582644.local', ip: 'fe80:0:0:0:87a:90c1:85f5:e633%en0'\nBuild info: version: '4.20.0', revision: '866c76ca80'\nSystem info: os.name: 'Mac OS X', os.arch: 'x86_64', os.version: '12.7.4', java.version: '11.0.23'\nDriver info: io.appium.java_client.android.AndroidDriver\nCommand: [null, newSession {desiredCapabilities=Capabilities {adbExecTimeout: 60000, androidInstallTimeout: 120000, app: /Users/runner/work/aquality..., appActivity: io.cloudgrey.the_app.MainAc..., appPackage: io.cloudgrey.the_app, automationName: UiAutomator2, deviceName: Android Emulator, platformName: ANDROID, uiautomator2ServerInstallTimeout: 120000}, capabilities=[{appium:uiautomator2ServerInstallTimeout=120000, platformName=ANDROID, appium:appPackage=io.cloudgrey.the_app, appium:adbExecTimeout=60000, appium:automationName=UiAutomator2, appium:deviceName=Android Emulator, appium:appActivity=io.cloudgrey.the_app.MainActivity, appium:androidInstallTimeout=120000, appium:app=/Users/runner/work/aquality-appium-mobile-java-template/aquality-appium-mobile-java-template/aquality-appium-mobile-template/src/main/resources/applications/TheApp-v1.10.0.apk}]}]\nCapabilities {adbExecTimeout: 60000, androidInstallTimeout: 120000, app: /Users/runner/work/aquality..., appActivity: io.cloudgrey.the_app.MainAc..., appPackage: io.cloudgrey.the_app, automationName: UiAutomator2, deviceName: Android Emulator, platformName: ANDROID, uiautomator2ServerInstallTimeout: 120000}\n  at aquality.selenium.core.applications.AqualityModule.configure(AqualityModule.java:41)\n  while locating aquality.selenium.core.applications.IApplication\n\n1 error","statusTrace":"com.google.inject.ProvisionException: Unable to provision, see the following errors:\n\n1) Error in custom provider, org.openqa.selenium.SessionNotCreatedException: Could not start a new session. Response code 500. Message: An unknown server-side error occurred while processing the command. Original error: Error executing adbExec. Original error: 'Command '/Users/runner/Library/Android/sdk/platform-tools/adb -P 5037 -s emulator-5554 install /Users/runner/work/aquality-appium-mobile-java-template/aquality-appium-mobile-java-template/aquality-appium-mobile-template/src/main/resources/applications/TheApp-v1.10.0.apk' timed out after 120000ms'. Try to increase the 120000ms adb execution timeout represented by 'androidInstallTimeout' capability \nHost info: host: 'Mac-1715696582644.local', ip: 'fe80:0:0:0:87a:90c1:85f5:e633%en0'\nBuild info: version: '4.20.0', revision: '866c76ca80'\nSystem info: os.name: 'Mac OS X', os.arch: 'x86_64', os.version: '12.7.4', java.version: '11.0.23'\nDriver info: io.appium.java_client.android.AndroidDriver\nCommand: [null, newSession {desiredCapabilities=Capabilities {adbExecTimeout: 60000, androidInstallTimeout: 120000, app: /Users/runner/work/aquality..., appActivity: io.cloudgrey.the_app.MainAc..., appPackage: io.cloudgrey.the_app, automationName: UiAutomator2, deviceName: Android Emulator, platformName: ANDROID, uiautomator2ServerInstallTimeout: 120000}, capabilities=[{appium:uiautomator2ServerInstallTimeout=120000, platformName=ANDROID, appium:appPackage=io.cloudgrey.the_app, appium:adbExecTimeout=60000, appium:automationName=UiAutomator2, appium:deviceName=Android Emulator, appium:appActivity=io.cloudgrey.the_app.MainActivity, appium:androidInstallTimeout=120000, appium:app=/Users/runner/work/aquality-appium-mobile-java-template/aquality-appium-mobile-java-template/aquality-appium-mobile-template/src/main/resources/applications/TheApp-v1.10.0.apk}]}]\nCapabilities {adbExecTimeout: 60000, androidInstallTimeout: 120000, app: /Users/runner/work/aquality..., appActivity: io.cloudgrey.the_app.MainAc..., appPackage: io.cloudgrey.the_app, automationName: UiAutomator2, deviceName: Android Emulator, platformName: ANDROID, uiautomator2ServerInstallTimeout: 120000}\n  at aquality.selenium.core.applications.AqualityModule.configure(AqualityModule.java:41)\n  while locating aquality.selenium.core.applications.IApplication\n\n1 error\n\tat com.google.inject.internal.InternalProvisionException.toProvisionException(InternalProvisionException.java:226)\n\tat com.google.inject.internal.InjectorImpl$1.get(InjectorImpl.java:1097)\n\tat aquality.selenium.core.waitings.ConditionalWait.waitFor(ConditionalWait.java:68)\n\tat aquality.selenium.core.waitings.IConditionalWait.waitFor(IConditionalWait.java:300)\n\tat aquality.selenium.core.waitings.IConditionalWait.waitFor(IConditionalWait.java:313)\n\tat aquality.selenium.core.elements.ElementFinder.findElements(ElementFinder.java:32)\n\tat aquality.selenium.core.elements.interfaces.IElementFinder.findElement(IElementFinder.java:51)\n\tat aquality.selenium.core.elements.ElementCacheHandler.getElement(ElementCacheHandler.java:52)\n\tat aquality.selenium.core.elements.CachedElementStateProvider.tryInvokeFunction(CachedElementStateProvider.java:46)\n\tat aquality.selenium.core.elements.CachedElementStateProvider.tryInvokeFunction(CachedElementStateProvider.java:41)\n\tat aquality.selenium.core.elements.CachedElementStateProvider.lambda$waitForDisplayed$0(CachedElementStateProvider.java:89)\n\tat aquality.selenium.core.waitings.ConditionalWait.isConditionSatisfied(ConditionalWait.java:90)\n\tat aquality.selenium.core.waitings.ConditionalWait.waitForTrue(ConditionalWait.java:48)\n\tat aquality.selenium.core.waitings.ConditionalWait.waitFor(ConditionalWait.java:33)\n\tat aquality.selenium.core.waitings.IConditionalWait.waitFor(IConditionalWait.java:73)\n\tat aquality.selenium.core.waitings.IConditionalWait.waitFor(IConditionalWait.java:84)\n\tat aquality.selenium.core.elements.CachedElementStateProvider.waitForCondition(CachedElementStateProvider.java:57)\n\tat aquality.selenium.core.elements.CachedElementStateProvider.waitForDisplayed(CachedElementStateProvider.java:89)\n\tat aquality.selenium.core.elements.interfaces.IElementStateProvider.waitForDisplayed(IElementStateProvider.java:58)\n\tat aquality.appium.mobile.template.screens.chooseview.AndroidChooseViewScreen.openView(AndroidChooseViewScreen.java:20)\n\tat aquality.appium.mobile.template.cucumber.stepdefinitions.ChooseViewSteps.iOpenView(ChooseViewSteps.java:20)\n\tat ✽.I open 'Login Screen' view(file:///Users/runner/work/aquality-appium-mobile-java-template/aquality-appium-mobile-java-template/aquality-appium-mobile-template-cucumber/src/test/java/aquality/appium/mobile/template/cucumber/features/Demo.feature:5)\nCaused by: org.openqa.selenium.SessionNotCreatedException: Could not start a new session. Response code 500. Message: An unknown server-side error occurred while processing the command. Original error: Error executing adbExec. Original error: 'Command '/Users/runner/Library/Android/sdk/platform-tools/adb -P 5037 -s emulator-5554 install /Users/runner/work/aquality-appium-mobile-java-template/aquality-appium-mobile-java-template/aquality-appium-mobile-template/src/main/resources/applications/TheApp-v1.10.0.apk' timed out after 120000ms'. Try to increase the 120000ms adb execution timeout represented by 'androidInstallTimeout' capability \nHost info: host: 'Mac-1715696582644.local', ip: 'fe80:0:0:0:87a:90c1:85f5:e633%en0'\nBuild info: version: '4.20.0', revision: '866c76ca80'\nSystem info: os.name: 'Mac OS X', os.arch: 'x86_64', os.version: '12.7.4', java.version: '11.0.23'\nDriver info: io.appium.java_client.android.AndroidDriver\nCommand: [null, newSession {desiredCapabilities=Capabilities {adbExecTimeout: 60000, androidInstallTimeout: 120000, app: /Users/runner/work/aquality..., appActivity: io.cloudgrey.the_app.MainAc..., appPackage: io.cloudgrey.the_app, automationName: UiAutomator2, deviceName: Android Emulator, platformName: ANDROID, uiautomator2ServerInstallTimeout: 120000}, capabilities=[{appium:uiautomator2ServerInstallTimeout=120000, platformName=ANDROID, appium:appPackage=io.cloudgrey.the_app, appium:adbExecTimeout=60000, appium:automationName=UiAutomator2, appium:deviceName=Android Emulator, appium:appActivity=io.cloudgrey.the_app.MainActivity, appium:androidInstallTimeout=120000, appium:app=/Users/runner/work/aquality-appium-mobile-java-template/aquality-appium-mobile-java-template/aquality-appium-mobile-template/src/main/resources/applications/TheApp-v1.10.0.apk}]}]\nCapabilities {adbExecTimeout: 60000, androidInstallTimeout: 120000, app: /Users/runner/work/aquality..., appActivity: io.cloudgrey.the_app.MainAc..., appPackage: io.cloudgrey.the_app, automationName: UiAutomator2, deviceName: Android Emulator, platformName: ANDROID, uiautomator2ServerInstallTimeout: 120000}\n\tat org.openqa.selenium.remote.ProtocolHandshake.createSession(ProtocolHandshake.java:114)\n\tat java.base/jdk.internal.reflect.NativeMethodAccessorImpl.invoke0(Native Method)\n\tat java.base/jdk.internal.reflect.NativeMethodAccessorImpl.invoke(NativeMethodAccessorImpl.java:62)\n\tat java.base/jdk.internal.reflect.DelegatingMethodAccessorImpl.invoke(DelegatingMethodAccessorImpl.java:43)\n\tat java.base/java.lang.reflect.Method.invoke(Method.java:566)\n\tat io.appium.java_client.remote.AppiumProtocolHandshake.createSession(AppiumProtocolHandshake.java:116)\n\tat io.appium.java_client.remote.AppiumProtocolHandshake.createSession(AppiumProtocolHandshake.java:96)\n\tat io.appium.java_client.remote.AppiumCommandExecutor.createSession(AppiumCommandExecutor.java:176)\n\tat io.appium.java_client.remote.AppiumCommandExecutor.execute(AppiumCommandExecutor.java:237)\n\tat org.openqa.selenium.remote.RemoteWebDriver.execute(RemoteWebDriver.java:518)\n\tat io.appium.java_client.AppiumDriver.startSession(AppiumDriver.java:268)\n\tat org.openqa.selenium.remote.RemoteWebDriver.<init>(RemoteWebDriver.java:161)\n\tat io.appium.java_client.AppiumDriver.<init>(AppiumDriver.java:90)\n\tat io.appium.java_client.AppiumDriver.<init>(AppiumDriver.java:108)\n\tat io.appium.java_client.android.AndroidDriver.<init>(AndroidDriver.java:121)\n\tat aquality.appium.mobile.application.ApplicationFactory.createSession(ApplicationFactory.java:48)\n\tat aquality.appium.mobile.application.ApplicationFactory.lambda$getDriver$0(ApplicationFactory.java:39)\n\tat aquality.selenium.core.utilities.ActionRetrier.doWithRetry(ActionRetrier.java:33)\n\tat aquality.selenium.core.utilities.ElementActionRetrier.doWithRetry(ElementActionRetrier.java:22)\n\tat aquality.appium.mobile.application.ApplicationFactory.getDriver(ApplicationFactory.java:39)\n\tat aquality.appium.mobile.application.RemoteApplicationFactory.getApplication(RemoteApplicationFactory.java:13)\n\tat aquality.appium.mobile.application.AqualityServices.startApplication(AqualityServices.java:99)\n\tat aquality.appium.mobile.application.AqualityServices.lambda$getApplication$2(AqualityServices.java:38)\n\tat aquality.selenium.core.applications.AqualityServices.getApp(AqualityServices.java:48)\n\tat aquality.appium.mobile.application.AqualityServices.getApplication(AqualityServices.java:38)\n\tat com.google.inject.internal.ProviderInternalFactory.provision(ProviderInternalFactory.java:85)\n\tat com.google.inject.internal.InternalFactoryToInitializableAdapter.provision(InternalFactoryToInitializableAdapter.java:57)\n\tat com.google.inject.internal.ProviderInternalFactory.circularGet(ProviderInternalFactory.java:59)\n\tat com.google.inject.internal.InternalFactoryToInitializableAdapter.get(InternalFactoryToInitializableAdapter.java:47)\n\tat com.google.inject.internal.InjectorImpl$1.get(InjectorImpl.java:1094)\n\tat aquality.selenium.core.waitings.ConditionalWait.waitFor(ConditionalWait.java:68)\n\tat aquality.selenium.core.waitings.IConditionalWait.waitFor(IConditionalWait.java:300)\n\tat aquality.selenium.core.waitings.IConditionalWait.waitFor(IConditionalWait.java:313)\n\tat aquality.selenium.core.elements.ElementFinder.findElements(ElementFinder.java:32)\n\tat aquality.selenium.core.elements.interfaces.IElementFinder.findElement(IElementFinder.java:51)\n\tat aquality.selenium.core.elements.ElementCacheHandler.getElement(ElementCacheHandler.java:52)\n\tat aquality.selenium.core.elements.CachedElementStateProvider.tryInvokeFunction(CachedElementStateProvider.java:46)\n\tat aquality.selenium.core.elements.CachedElementStateProvider.tryInvokeFunction(CachedElementStateProvider.java:41)\n\tat aquality.selenium.core.elements.CachedElementStateProvider.lambda$waitForDisplayed$0(CachedElementStateProvider.java:89)\n\tat aquality.selenium.core.waitings.ConditionalWait.isConditionSatisfied(ConditionalWait.java:90)\n\tat aquality.selenium.core.waitings.ConditionalWait.waitForTrue(ConditionalWait.java:48)\n\tat aquality.selenium.core.waitings.ConditionalWait.waitFor(ConditionalWait.java:33)\n\tat aquality.selenium.core.waitings.IConditionalWait.waitFor(IConditionalWait.java:73)\n\tat aquality.selenium.core.waitings.IConditionalWait.waitFor(IConditionalWait.java:84)\n\tat aquality.selenium.core.elements.CachedElementStateProvider.waitForCondition(CachedElementStateProvider.java:57)\n\tat aquality.selenium.core.elements.CachedElementStateProvider.waitForDisplayed(CachedElementStateProvider.java:89)\n\tat aquality.selenium.core.elements.interfaces.IElementStateProvider.waitForDisplayed(IElementStateProvider.java:58)\n\tat aquality.appium.mobile.template.screens.chooseview.AndroidChooseViewScreen.openView(AndroidChooseViewScreen.java:20)\n\tat aquality.appium.mobile.template.cucumber.stepdefinitions.ChooseViewSteps.iOpenView(ChooseViewSteps.java:20)\n\tat java.base/jdk.internal.reflect.NativeMethodAccessorImpl.invoke0(Native Method)\n\tat java.base/jdk.internal.reflect.NativeMethodAccessorImpl.invoke(NativeMethodAccessorImpl.java:62)\n\tat java.base/jdk.internal.reflect.DelegatingMethodAccessorImpl.invoke(DelegatingMethodAccessorImpl.java:43)\n\tat java.base/java.lang.reflect.Method.invoke(Method.java:566)\n\tat io.cucumber.java.Invoker.invoke(Invoker.java:27)\n\tat io.cucumber.java.JavaStepDefinition.execute(JavaStepDefinition.java:27)\n\tat io.cucumber.core.runner.PickleStepDefinitionMatch.runStep(PickleStepDefinitionMatch.java:63)\n\tat io.cucumber.core.runner.TestStep.executeStep(TestStep.java:64)\n\tat io.cucumber.core.runner.TestStep.run(TestStep.java:49)\n\tat io.cucumber.core.runner.PickleStepTestStep.run(PickleStepTestStep.java:46)\n\tat io.cucumber.core.runner.TestCase.run(TestCase.java:51)\n\tat io.cucumber.core.runner.Runner.runPickle(Runner.java:67)\n\tat io.cucumber.testng.TestNGCucumberRunner.runScenario(TestNGCucumberRunner.java:124)\n\tat io.cucumber.testng.AbstractTestNGCucumberTests.runScenario(AbstractTestNGCucumberTests.java:29)\n\tat java.base/jdk.internal.reflect.NativeMethodAccessorImpl.invoke0(Native Method)\n\tat java.base/jdk.internal.reflect.NativeMethodAccessorImpl.invoke(NativeMethodAccessorImpl.java:62)\n\tat java.base/jdk.internal.reflect.DelegatingMethodAccessorImpl.invoke(DelegatingMethodAccessorImpl.java:43)\n\tat java.base/java.lang.reflect.Method.invoke(Method.java:566)\n\tat org.testng.internal.MethodInvocationHelper.invokeMethod(MethodInvocationHelper.java:134)\n\tat org.testng.internal.TestInvoker.invokeMethod(TestInvoker.java:597)\n\tat org.testng.internal.TestInvoker.invokeTestMethod(TestInvoker.java:173)\n\tat org.testng.internal.MethodRunner.runInSequence(MethodRunner.java:46)\n\tat org.testng.internal.TestInvoker$MethodInvocationAgent.invoke(TestInvoker.java:816)\n\tat org.testng.internal.TestInvoker.invokeTestMethods(TestInvoker.java:146)\n\tat org.testng.internal.TestMethodWorker.invokeTestMethods(TestMethodWorker.java:146)\n\tat org.testng.internal.TestMethodWorker.run(TestMethodWorker.java:128)\n\tat java.base/java.util.concurrent.ThreadPoolExecutor.runWorker(ThreadPoolExecutor.java:1128)\n\tat java.base/java.util.concurrent.ThreadPoolExecutor$Worker.run(ThreadPoolExecutor.java:628)\n\tat java.base/java.lang.Thread.run(Thread.java:829)\n","steps":[{"name":"When  I open 'Login Screen' view","time":{"start":1715699062030,"stop":1715699437617,"duration":375587},"status":"broken","statusMessage":"Unable to provision, see the following errors:\n\n1) Error in custom provider, org.openqa.selenium.SessionNotCreatedException: Could not start a new session. Response code 500. Message: An unknown server-side error occurred while processing the command. Original error: Error executing adbExec. Original error: 'Command '/Users/runner/Library/Android/sdk/platform-tools/adb -P 5037 -s emulator-5554 install /Users/runner/work/aquality-appium-mobile-java-template/aquality-appium-mobile-java-template/aquality-appium-mobile-template/src/main/resources/applications/TheApp-v1.10.0.apk' timed out after 120000ms'. Try to increase the 120000ms adb execution timeout represented by 'androidInstallTimeout' capability \nHost info: host: 'Mac-1715696582644.local', ip: 'fe80:0:0:0:87a:90c1:85f5:e633%en0'\nBuild info: version: '4.20.0', revision: '866c76ca80'\nSystem info: os.name: 'Mac OS X', os.arch: 'x86_64', os.version: '12.7.4', java.version: '11.0.23'\nDriver info: io.appium.java_client.android.AndroidDriver\nCommand: [null, newSession {desiredCapabilities=Capabilities {adbExecTimeout: 60000, androidInstallTimeout: 120000, app: /Users/runner/work/aquality..., appActivity: io.cloudgrey.the_app.MainAc..., appPackage: io.cloudgrey.the_app, automationName: UiAutomator2, deviceName: Android Emulator, platformName: ANDROID, uiautomator2ServerInstallTimeout: 120000}, capabilities=[{appium:uiautomator2ServerInstallTimeout=120000, platformName=ANDROID, appium:appPackage=io.cloudgrey.the_app, appium:adbExecTimeout=60000, appium:automationName=UiAutomator2, appium:deviceName=Android Emulator, appium:appActivity=io.cloudgrey.the_app.MainActivity, appium:androidInstallTimeout=120000, appium:app=/Users/runner/work/aquality-appium-mobile-java-template/aquality-appium-mobile-java-template/aquality-appium-mobile-template/src/main/resources/applications/TheApp-v1.10.0.apk}]}]\nCapabilities {adbExecTimeout: 60000, androidInstallTimeout: 120000, app: /Users/runner/work/aquality..., appActivity: io.cloudgrey.the_app.MainAc..., appPackage: io.cloudgrey.the_app, automationName: UiAutomator2, deviceName: Android Emulator, platformName: ANDROID, uiautomator2ServerInstallTimeout: 120000}\n  at aquality.selenium.core.applications.AqualityModule.configure(AqualityModule.java:41)\n  while locating aquality.selenium.core.applications.IApplication\n\n1 error","statusTrace":"com.google.inject.ProvisionException: Unable to provision, see the following errors:\n\n1) Error in custom provider, org.openqa.selenium.SessionNotCreatedException: Could not start a new session. Response code 500. Message: An unknown server-side error occurred while processing the command. Original error: Error executing adbExec. Original error: 'Command '/Users/runner/Library/Android/sdk/platform-tools/adb -P 5037 -s emulator-5554 install /Users/runner/work/aquality-appium-mobile-java-template/aquality-appium-mobile-java-template/aquality-appium-mobile-template/src/main/resources/applications/TheApp-v1.10.0.apk' timed out after 120000ms'. Try to increase the 120000ms adb execution timeout represented by 'androidInstallTimeout' capability \nHost info: host: 'Mac-1715696582644.local', ip: 'fe80:0:0:0:87a:90c1:85f5:e633%en0'\nBuild info: version: '4.20.0', revision: '866c76ca80'\nSystem info: os.name: 'Mac OS X', os.arch: 'x86_64', os.version: '12.7.4', java.version: '11.0.23'\nDriver info: io.appium.java_client.android.AndroidDriver\nCommand: [null, newSession {desiredCapabilities=Capabilities {adbExecTimeout: 60000, androidInstallTimeout: 120000, app: /Users/runner/work/aquality..., appActivity: io.cloudgrey.the_app.MainAc..., appPackage: io.cloudgrey.the_app, automationName: UiAutomator2, deviceName: Android Emulator, platformName: ANDROID, uiautomator2ServerInstallTimeout: 120000}, capabilities=[{appium:uiautomator2ServerInstallTimeout=120000, platformName=ANDROID, appium:appPackage=io.cloudgrey.the_app, appium:adbExecTimeout=60000, appium:automationName=UiAutomator2, appium:deviceName=Android Emulator, appium:appActivity=io.cloudgrey.the_app.MainActivity, appium:androidInstallTimeout=120000, appium:app=/Users/runner/work/aquality-appium-mobile-java-template/aquality-appium-mobile-java-template/aquality-appium-mobile-template/src/main/resources/applications/TheApp-v1.10.0.apk}]}]\nCapabilities {adbExecTimeout: 60000, androidInstallTimeout: 120000, app: /Users/runner/work/aquality..., appActivity: io.cloudgrey.the_app.MainAc..., appPackage: io.cloudgrey.the_app, automationName: UiAutomator2, deviceName: Android Emulator, platformName: ANDROID, uiautomator2ServerInstallTimeout: 120000}\n  at aquality.selenium.core.applications.AqualityModule.configure(AqualityModule.java:41)\n  while locating aquality.selenium.core.applications.IApplication\n\n1 error\n\tat com.google.inject.internal.InternalProvisionException.toProvisionException(InternalProvisionException.java:226)\n\tat com.google.inject.internal.InjectorImpl$1.get(InjectorImpl.java:1097)\n\tat aquality.selenium.core.waitings.ConditionalWait.waitFor(ConditionalWait.java:68)\n\tat aquality.selenium.core.waitings.IConditionalWait.waitFor(IConditionalWait.java:300)\n\tat aquality.selenium.core.waitings.IConditionalWait.waitFor(IConditionalWait.java:313)\n\tat aquality.selenium.core.elements.ElementFinder.findElements(ElementFinder.java:32)\n\tat aquality.selenium.core.elements.interfaces.IElementFinder.findElement(IElementFinder.java:51)\n\tat aquality.selenium.core.elements.ElementCacheHandler.getElement(ElementCacheHandler.java:52)\n\tat aquality.selenium.core.elements.CachedElementStateProvider.tryInvokeFunction(CachedElementStateProvider.java:46)\n\tat aquality.selenium.core.elements.CachedElementStateProvider.tryInvokeFunction(CachedElementStateProvider.java:41)\n\tat aquality.selenium.core.elements.CachedElementStateProvider.lambda$waitForDisplayed$0(CachedElementStateProvider.java:89)\n\tat aquality.selenium.core.waitings.ConditionalWait.isConditionSatisfied(ConditionalWait.java:90)\n\tat aquality.selenium.core.waitings.ConditionalWait.waitForTrue(ConditionalWait.java:48)\n\tat aquality.selenium.core.waitings.ConditionalWait.waitFor(ConditionalWait.java:33)\n\tat aquality.selenium.core.waitings.IConditionalWait.waitFor(IConditionalWait.java:73)\n\tat aquality.selenium.core.waitings.IConditionalWait.waitFor(IConditionalWait.java:84)\n\tat aquality.selenium.core.elements.CachedElementStateProvider.waitForCondition(CachedElementStateProvider.java:57)\n\tat aquality.selenium.core.elements.CachedElementStateProvider.waitForDisplayed(CachedElementStateProvider.java:89)\n\tat aquality.selenium.core.elements.interfaces.IElementStateProvider.waitForDisplayed(IElementStateProvider.java:58)\n\tat aquality.appium.mobile.template.screens.chooseview.AndroidChooseViewScreen.openView(AndroidChooseViewScreen.java:20)\n\tat aquality.appium.mobile.template.cucumber.stepdefinitions.ChooseViewSteps.iOpenView(ChooseViewSteps.java:20)\n\tat ✽.I open 'Login Screen' view(file:///Users/runner/work/aquality-appium-mobile-java-template/aquality-appium-mobile-java-template/aquality-appium-mobile-template-cucumber/src/test/java/aquality/appium/mobile/template/cucumber/features/Demo.feature:5)\nCaused by: org.openqa.selenium.SessionNotCreatedException: Could not start a new session. Response code 500. Message: An unknown server-side error occurred while processing the command. Original error: Error executing adbExec. Original error: 'Command '/Users/runner/Library/Android/sdk/platform-tools/adb -P 5037 -s emulator-5554 install /Users/runner/work/aquality-appium-mobile-java-template/aquality-appium-mobile-java-template/aquality-appium-mobile-template/src/main/resources/applications/TheApp-v1.10.0.apk' timed out after 120000ms'. Try to increase the 120000ms adb execution timeout represented by 'androidInstallTimeout' capability \nHost info: host: 'Mac-1715696582644.local', ip: 'fe80:0:0:0:87a:90c1:85f5:e633%en0'\nBuild info: version: '4.20.0', revision: '866c76ca80'\nSystem info: os.name: 'Mac OS X', os.arch: 'x86_64', os.version: '12.7.4', java.version: '11.0.23'\nDriver info: io.appium.java_client.android.AndroidDriver\nCommand: [null, newSession {desiredCapabilities=Capabilities {adbExecTimeout: 60000, androidInstallTimeout: 120000, app: /Users/runner/work/aquality..., appActivity: io.cloudgrey.the_app.MainAc..., appPackage: io.cloudgrey.the_app, automationName: UiAutomator2, deviceName: Android Emulator, platformName: ANDROID, uiautomator2ServerInstallTimeout: 120000}, capabilities=[{appium:uiautomator2ServerInstallTimeout=120000, platformName=ANDROID, appium:appPackage=io.cloudgrey.the_app, appium:adbExecTimeout=60000, appium:automationName=UiAutomator2, appium:deviceName=Android Emulator, appium:appActivity=io.cloudgrey.the_app.MainActivity, appium:androidInstallTimeout=120000, appium:app=/Users/runner/work/aquality-appium-mobile-java-template/aquality-appium-mobile-java-template/aquality-appium-mobile-template/src/main/resources/applications/TheApp-v1.10.0.apk}]}]\nCapabilities {adbExecTimeout: 60000, androidInstallTimeout: 120000, app: /Users/runner/work/aquality..., appActivity: io.cloudgrey.the_app.MainAc..., appPackage: io.cloudgrey.the_app, automationName: UiAutomator2, deviceName: Android Emulator, platformName: ANDROID, uiautomator2ServerInstallTimeout: 120000}\n\tat org.openqa.selenium.remote.ProtocolHandshake.createSession(ProtocolHandshake.java:114)\n\tat java.base/jdk.internal.reflect.NativeMethodAccessorImpl.invoke0(Native Method)\n\tat java.base/jdk.internal.reflect.NativeMethodAccessorImpl.invoke(NativeMethodAccessorImpl.java:62)\n\tat java.base/jdk.internal.reflect.DelegatingMethodAccessorImpl.invoke(DelegatingMethodAccessorImpl.java:43)\n\tat java.base/java.lang.reflect.Method.invoke(Method.java:566)\n\tat io.appium.java_client.remote.AppiumProtocolHandshake.createSession(AppiumProtocolHandshake.java:116)\n\tat io.appium.java_client.remote.AppiumProtocolHandshake.createSession(AppiumProtocolHandshake.java:96)\n\tat io.appium.java_client.remote.AppiumCommandExecutor.createSession(AppiumCommandExecutor.java:176)\n\tat io.appium.java_client.remote.AppiumCommandExecutor.execute(AppiumCommandExecutor.java:237)\n\tat org.openqa.selenium.remote.RemoteWebDriver.execute(RemoteWebDriver.java:518)\n\tat io.appium.java_client.AppiumDriver.startSession(AppiumDriver.java:268)\n\tat org.openqa.selenium.remote.RemoteWebDriver.<init>(RemoteWebDriver.java:161)\n\tat io.appium.java_client.AppiumDriver.<init>(AppiumDriver.java:90)\n\tat io.appium.java_client.AppiumDriver.<init>(AppiumDriver.java:108)\n\tat io.appium.java_client.android.AndroidDriver.<init>(AndroidDriver.java:121)\n\tat aquality.appium.mobile.application.ApplicationFactory.createSession(ApplicationFactory.java:48)\n\tat aquality.appium.mobile.application.ApplicationFactory.lambda$getDriver$0(ApplicationFactory.java:39)\n\tat aquality.selenium.core.utilities.ActionRetrier.doWithRetry(ActionRetrier.java:33)\n\tat aquality.selenium.core.utilities.ElementActionRetrier.doWithRetry(ElementActionRetrier.java:22)\n\tat aquality.appium.mobile.application.ApplicationFactory.getDriver(ApplicationFactory.java:39)\n\tat aquality.appium.mobile.application.RemoteApplicationFactory.getApplication(RemoteApplicationFactory.java:13)\n\tat aquality.appium.mobile.application.AqualityServices.startApplication(AqualityServices.java:99)\n\tat aquality.appium.mobile.application.AqualityServices.lambda$getApplication$2(AqualityServices.java:38)\n\tat aquality.selenium.core.applications.AqualityServices.getApp(AqualityServices.java:48)\n\tat aquality.appium.mobile.application.AqualityServices.getApplication(AqualityServices.java:38)\n\tat com.google.inject.internal.ProviderInternalFactory.provision(ProviderInternalFactory.java:85)\n\tat com.google.inject.internal.InternalFactoryToInitializableAdapter.provision(InternalFactoryToInitializableAdapter.java:57)\n\tat com.google.inject.internal.ProviderInternalFactory.circularGet(ProviderInternalFactory.java:59)\n\tat com.google.inject.internal.InternalFactoryToInitializableAdapter.get(InternalFactoryToInitializableAdapter.java:47)\n\tat com.google.inject.internal.InjectorImpl$1.get(InjectorImpl.java:1094)\n\tat aquality.selenium.core.waitings.ConditionalWait.waitFor(ConditionalWait.java:68)\n\tat aquality.selenium.core.waitings.IConditionalWait.waitFor(IConditionalWait.java:300)\n\tat aquality.selenium.core.waitings.IConditionalWait.waitFor(IConditionalWait.java:313)\n\tat aquality.selenium.core.elements.ElementFinder.findElements(ElementFinder.java:32)\n\tat aquality.selenium.core.elements.interfaces.IElementFinder.findElement(IElementFinder.java:51)\n\tat aquality.selenium.core.elements.ElementCacheHandler.getElement(ElementCacheHandler.java:52)\n\tat aquality.selenium.core.elements.CachedElementStateProvider.tryInvokeFunction(CachedElementStateProvider.java:46)\n\tat aquality.selenium.core.elements.CachedElementStateProvider.tryInvokeFunction(CachedElementStateProvider.java:41)\n\tat aquality.selenium.core.elements.CachedElementStateProvider.lambda$waitForDisplayed$0(CachedElementStateProvider.java:89)\n\tat aquality.selenium.core.waitings.ConditionalWait.isConditionSatisfied(ConditionalWait.java:90)\n\tat aquality.selenium.core.waitings.ConditionalWait.waitForTrue(ConditionalWait.java:48)\n\tat aquality.selenium.core.waitings.ConditionalWait.waitFor(ConditionalWait.java:33)\n\tat aquality.selenium.core.waitings.IConditionalWait.waitFor(IConditionalWait.java:73)\n\tat aquality.selenium.core.waitings.IConditionalWait.waitFor(IConditionalWait.java:84)\n\tat aquality.selenium.core.elements.CachedElementStateProvider.waitForCondition(CachedElementStateProvider.java:57)\n\tat aquality.selenium.core.elements.CachedElementStateProvider.waitForDisplayed(CachedElementStateProvider.java:89)\n\tat aquality.selenium.core.elements.interfaces.IElementStateProvider.waitForDisplayed(IElementStateProvider.java:58)\n\tat aquality.appium.mobile.template.screens.chooseview.AndroidChooseViewScreen.openView(AndroidChooseViewScreen.java:20)\n\tat aquality.appium.mobile.template.cucumber.stepdefinitions.ChooseViewSteps.iOpenView(ChooseViewSteps.java:20)\n\tat java.base/jdk.internal.reflect.NativeMethodAccessorImpl.invoke0(Native Method)\n\tat java.base/jdk.internal.reflect.NativeMethodAccessorImpl.invoke(NativeMethodAccessorImpl.java:62)\n\tat java.base/jdk.internal.reflect.DelegatingMethodAccessorImpl.invoke(DelegatingMethodAccessorImpl.java:43)\n\tat java.base/java.lang.reflect.Method.invoke(Method.java:566)\n\tat io.cucumber.java.Invoker.invoke(Invoker.java:27)\n\tat io.cucumber.java.JavaStepDefinition.execute(JavaStepDefinition.java:27)\n\tat io.cucumber.core.runner.PickleStepDefinitionMatch.runStep(PickleStepDefinitionMatch.java:63)\n\tat io.cucumber.core.runner.TestStep.executeStep(TestStep.java:64)\n\tat io.cucumber.core.runner.TestStep.run(TestStep.java:49)\n\tat io.cucumber.core.runner.PickleStepTestStep.run(PickleStepTestStep.java:46)\n\tat io.cucumber.core.runner.TestCase.run(TestCase.java:51)\n\tat io.cucumber.core.runner.Runner.runPickle(Runner.java:67)\n\tat io.cucumber.testng.TestNGCucumberRunner.runScenario(TestNGCucumberRunner.java:124)\n\tat io.cucumber.testng.AbstractTestNGCucumberTests.runScenario(AbstractTestNGCucumberTests.java:29)\n\tat java.base/jdk.internal.reflect.NativeMethodAccessorImpl.invoke0(Native Method)\n\tat java.base/jdk.internal.reflect.NativeMethodAccessorImpl.invoke(NativeMethodAccessorImpl.java:62)\n\tat java.base/jdk.internal.reflect.DelegatingMethodAccessorImpl.invoke(DelegatingMethodAccessorImpl.java:43)\n\tat java.base/java.lang.reflect.Method.invoke(Method.java:566)\n\tat org.testng.internal.MethodInvocationHelper.invokeMethod(MethodInvocationHelper.java:134)\n\tat org.testng.internal.TestInvoker.invokeMethod(TestInvoker.java:597)\n\tat org.testng.internal.TestInvoker.invokeTestMethod(TestInvoker.java:173)\n\tat org.testng.internal.MethodRunner.runInSequence(MethodRunner.java:46)\n\tat org.testng.internal.TestInvoker$MethodInvocationAgent.invoke(TestInvoker.java:816)\n\tat org.testng.internal.TestInvoker.invokeTestMethods(TestInvoker.java:146)\n\tat org.testng.internal.TestMethodWorker.invokeTestMethods(TestMethodWorker.java:146)\n\tat org.testng.internal.TestMethodWorker.run(TestMethodWorker.java:128)\n\tat java.base/java.util.concurrent.ThreadPoolExecutor.runWorker(ThreadPoolExecutor.java:1128)\n\tat java.base/java.util.concurrent.ThreadPoolExecutor$Worker.run(ThreadPoolExecutor.java:628)\n\tat java.base/java.lang.Thread.run(Thread.java:829)\n","steps":[{"name":"15:04:22.196 - Label 'Choose Login Screen view' :: Waiting for element to be displayed","time":{"start":1715699062197,"stop":1715699062197,"duration":0},"status":"passed","steps":[],"attachments":[],"parameters":[],"shouldDisplayMessage":false,"stepsCount":0,"attachmentsCount":0,"hasContent":false,"attachmentStep":false},{"name":"15:04:22.250 - Setting application driver using the server on 'http://127.0.0.1:4723/wd/hub'","time":{"start":1715699062250,"stop":1715699062250,"duration":0},"status":"passed","steps":[],"attachments":[],"parameters":[],"shouldDisplayMessage":false,"stepsCount":0,"attachmentsCount":0,"hasContent":false,"attachmentStep":false},{"name":"15:06:33.361 - Setting application driver using the server on 'http://127.0.0.1:4723/wd/hub'","time":{"start":1715699193361,"stop":1715699193361,"duration":0},"status":"passed","steps":[],"attachments":[],"parameters":[],"shouldDisplayMessage":false,"stepsCount":0,"attachmentsCount":0,"hasContent":false,"attachmentStep":false},{"name":"15:08:35.630 - Setting application driver using the server on 'http://127.0.0.1:4723/wd/hub'","time":{"start":1715699315630,"stop":1715699315630,"duration":0},"status":"passed","steps":[],"attachments":[],"parameters":[],"shouldDisplayMessage":false,"stepsCount":0,"attachmentsCount":0,"hasContent":false,"attachmentStep":false}],"attachments":[],"parameters":[],"shouldDisplayMessage":true,"stepsCount":4,"attachmentsCount":0,"hasContent":true,"attachmentStep":false},{"name":"Then  Login Screen is opened","time":{"start":1715699437619,"stop":1715699437619,"duration":0},"status":"skipped","steps":[],"attachments":[],"parameters":[],"shouldDisplayMessage":false,"stepsCount":0,"attachmentsCount":0,"hasContent":false,"attachmentStep":false},{"name":"When  I save Login Screen dump","time":{"start":1715699437620,"stop":1715699437621,"duration":1},"status":"skipped","steps":[],"attachments":[],"parameters":[],"shouldDisplayMessage":false,"stepsCount":0,"attachmentsCount":0,"hasContent":false,"attachmentStep":false},{"name":"And  I log in with data:","time":{"start":1715699437621,"stop":1715699437627,"duration":6},"status":"skipped","steps":[],"attachments":[{"uid":"4fa55d746c473cbc","name":"Data table","source":"4fa55d746c473cbc.csv","type":"text/tab-separated-values","size":45}],"parameters":[],"shouldDisplayMessage":false,"stepsCount":0,"attachmentsCount":1,"hasContent":true,"attachmentStep":false},{"name":"Then  'Invalid login credentials, please try again' alert appears","time":{"start":1715699437627,"stop":1715699437627,"duration":0},"status":"skipped","steps":[],"attachments":[],"parameters":[],"shouldDisplayMessage":false,"stepsCount":0,"attachmentsCount":0,"hasContent":false,"attachmentStep":false},{"name":"When  I accept the alert","time":{"start":1715699437628,"stop":1715699437628,"duration":0},"status":"skipped","steps":[],"attachments":[],"parameters":[],"shouldDisplayMessage":false,"stepsCount":0,"attachmentsCount":0,"hasContent":false,"attachmentStep":false},{"name":"Then  Login Screen dump is different","time":{"start":1715699437628,"stop":1715699437629,"duration":1},"status":"skipped","steps":[],"attachments":[],"parameters":[],"shouldDisplayMessage":false,"stepsCount":0,"attachmentsCount":0,"hasContent":false,"attachmentStep":false}],"attachments":[],"parameters":[],"shouldDisplayMessage":false,"stepsCount":11,"attachmentsCount":1,"hasContent":true,"attachmentStep":false},"afterStages":[{"name":"aquality.appium.mobile.template.cucumber.hooks.ScreenshotHooks.takeScreenshot(io.cucumber.java.Scenario)","time":{"start":1715699437631,"stop":1715699437638,"duration":7},"status":"passed","steps":[],"attachments":[],"parameters":[],"shouldDisplayMessage":false,"stepsCount":0,"attachmentsCount":0,"hasContent":false,"attachmentStep":false},{"name":"aquality.appium.mobile.template.cucumber.hooks.ApplicationHooks.closeApplication()","time":{"start":1715699437639,"stop":1715699437641,"duration":2},"status":"passed","steps":[],"attachments":[],"parameters":[],"shouldDisplayMessage":false,"stepsCount":0,"attachmentsCount":0,"hasContent":false,"attachmentStep":false}],"labels":[{"name":"tag","value":"demo"},{"name":"host","value":"Mac-1715696582644.local"},{"name":"thread","value":"11002@Mac-1715696582644.local.TestNG-test=Surefire test-1(15)"},{"name":"feature","value":"Demo"},{"name":"story","value":"I try to login with invalid credentials"},{"name":"suite","value":"Demo"},{"name":"testClass","value":"I try to login with invalid credentials"},{"name":"framework","value":"cucumber5jvm"},{"name":"language","value":"java"},{"name":"gherkin_uri","value":"file:///Users/runner/work/aquality-appium-mobile-java-template/aquality-appium-mobile-java-template/aquality-appium-mobile-template-cucumber/src/test/java/aquality/appium/mobile/template/cucumber/features/Demo.feature"},{"name":"package","value":"src.test.java.aquality.appium.mobile.template.cucumber.features.Demo_feature.Demo"},{"name":"resultFormat","value":"allure2"}],"parameters":[{"name":"platform","value":"ANDROID"}],"links":[],"hidden":false,"retry":false,"extra":{"severity":"normal","retries":[],"categories":[{"name":"Test defects","matchedStatuses":[],"flaky":false}],"history":{"statistic":{"failed":0,"broken":4,"skipped":0,"passed":3,"unknown":0,"total":7},"items":[{"uid":"a1ea33a90d9ce496","reportUrl":"https://aquality-automation.github.io/aquality-appium-mobile-java-template/42//#testresult/a1ea33a90d9ce496","status":"broken","statusDetails":"No elements with locator 'AppiumBy.accessibilityId: Login Screen' were found in DISPLAYED state: Expected condition failed:  (tried for 45 second(s) with 300 milliseconds interval)\nBuild info: version: '4.20.0', revision: '866c76ca80'\nSystem info: os.name: 'Mac OS X', os.arch: 'x86_64', os.version: '12.7.4', java.version: '11.0.23'\nDriver info: io.appium.java_client.android.AndroidDriver\nCapabilities {appium:adbExecTimeout: 60000, appium:androidInstallTimeout: 120000, appium:app: /Users/runner/work/aquality..., appium:appActivity: io.cloudgrey.the_app.MainAc..., appium:appPackage: io.cloudgrey.the_app, appium:automationName: UiAutomator2, appium:databaseEnabled: false, appium:desired: {adbExecTimeout: 60000, androidInstallTimeout: 120000, app: /Users/runner/work/aquality..., appActivity: io.cloudgrey.the_app.MainAc..., appPackage: io.cloudgrey.the_app, automationName: UiAutomator2, deviceName: Android Emulator, platformName: ANDROID, uiautomator2ServerInstallTimeout: 120000}, appium:deviceApiLevel: 28, appium:deviceManufacturer: Google, appium:deviceModel: Android SDK built for x86_64, appium:deviceName: emulator-5554, appium:deviceScreenDensity: 560, appium:deviceScreenSize: 1440x2560, appium:deviceUDID: emulator-5554, appium:javascriptEnabled: true, appium:locationContextEnabled: false, appium:networkConnectionEnabled: true, appium:pixelRatio: 3.5, appium:platformVersion: 9, appium:statBarHeight: 84, appium:takesScreenshot: true, appium:uiautomator2ServerInstallTimeout: 120000, appium:viewportRect: {height: 2476, left: 0, top: 84, width: 1440}, appium:warnings: {}, appium:webStorageEnabled: false, platformName: ANDROID}\nSession ID: c57a1947-a639-4ef7-8b79-bda87f0fa60a\nFor documentation on this error, please visit: https://www.selenium.dev/documentation/webdriver/troubleshooting/errors#no-such-element-exception\nBuild info: version: '4.20.0', revision: '866c76ca80'\nSystem info: os.name: 'Mac OS X', os.arch: 'x86_64', os.version: '12.7.4', java.version: '11.0.23'\nDriver info: driver.version: unknown","time":{"start":1715623000140,"stop":1715623392226,"duration":392086}},{"uid":"96b0c742bd96710a","reportUrl":"https://aquality-automation.github.io/aquality-appium-mobile-java-template/42//#testresult/96b0c742bd96710a","status":"broken","statusDetails":"No elements with locator 'AppiumBy.accessibilityId: Login Screen' were found in DISPLAYED state: Expected condition failed:  (tried for 45 second(s) with 300 milliseconds interval)\nBuild info: version: '4.20.0', revision: '866c76ca80'\nSystem info: os.name: 'Mac OS X', os.arch: 'x86_64', os.version: '12.7.4', java.version: '11.0.23'\nDriver info: io.appium.java_client.android.AndroidDriver\nCapabilities {appium:adbExecTimeout: 60000, appium:androidInstallTimeout: 120000, appium:app: /Users/runner/work/aquality..., appium:appActivity: io.cloudgrey.the_app.MainAc..., appium:appPackage: io.cloudgrey.the_app, appium:automationName: UiAutomator2, appium:databaseEnabled: false, appium:desired: {adbExecTimeout: 60000, androidInstallTimeout: 120000, app: /Users/runner/work/aquality..., appActivity: io.cloudgrey.the_app.MainAc..., appPackage: io.cloudgrey.the_app, automationName: UiAutomator2, deviceName: Android Emulator, platformName: ANDROID, uiautomator2ServerInstallTimeout: 120000}, appium:deviceApiLevel: 28, appium:deviceManufacturer: Google, appium:deviceModel: Android SDK built for x86_64, appium:deviceName: emulator-5554, appium:deviceScreenDensity: 560, appium:deviceScreenSize: 1440x2560, appium:deviceUDID: emulator-5554, appium:javascriptEnabled: true, appium:locationContextEnabled: false, appium:networkConnectionEnabled: true, appium:pixelRatio: 3.5, appium:platformVersion: 9, appium:statBarHeight: 84, appium:takesScreenshot: true, appium:uiautomator2ServerInstallTimeout: 120000, appium:viewportRect: {height: 2476, left: 0, top: 84, width: 1440}, appium:warnings: {}, appium:webStorageEnabled: false, platformName: ANDROID}\nSession ID: 5f97256c-3885-44ec-a1b1-07db7b78c5f5\nFor documentation on this error, please visit: https://www.selenium.dev/documentation/webdriver/troubleshooting/errors#no-such-element-exception\nBuild info: version: '4.20.0', revision: '866c76ca80'\nSystem info: os.name: 'Mac OS X', os.arch: 'x86_64', os.version: '12.7.4', java.version: '11.0.23'\nDriver info: driver.version: unknown","time":{"start":1715621947553,"stop":1715622392401,"duration":444848}},{"uid":"16e2148b0abdae36","reportUrl":"https://aquality-automation.github.io/aquality-appium-mobile-java-template/42//#testresult/16e2148b0abdae36","status":"broken","statusDetails":"Unable to provision, see the following errors:\n\n1) Error in custom provider, org.openqa.selenium.SessionNotCreatedException: Could not start a new session. Response code 500. Message: An unknown server-side error occurred while processing the command. Original error: Appium Settings app is not running after 30000ms \nHost info: host: 'Mac-1715618656565.local', ip: 'fe80:0:0:0:10cc:86c5:d38d:4f9%en0'\nBuild info: version: '4.20.0', revision: '866c76ca80'\nSystem info: os.name: 'Mac OS X', os.arch: 'x86_64', os.version: '12.7.4', java.version: '11.0.23'\nDriver info: io.appium.java_client.android.AndroidDriver\nCommand: [null, newSession {capabilities=[{appium:app=/Users/runner/work/aquality-appium-mobile-java-template/aquality-appium-mobile-java-template/aquality-appium-mobile-template/src/main/resources/applications/TheApp-v1.10.0.apk, appium:uiautomator2ServerInstallTimeout=120000, platformName=ANDROID, appium:appPackage=io.cloudgrey.the_app, appium:adbExecTimeout=60000, appium:automationName=UiAutomator2, appium:deviceName=Android Emulator, appium:appActivity=io.cloudgrey.the_app.MainActivity, appium:androidInstallTimeout=120000}], desiredCapabilities=Capabilities {adbExecTimeout: 60000, androidInstallTimeout: 120000, app: /Users/runner/work/aquality..., appActivity: io.cloudgrey.the_app.MainAc..., appPackage: io.cloudgrey.the_app, automationName: UiAutomator2, deviceName: Android Emulator, platformName: ANDROID, uiautomator2ServerInstallTimeout: 120000}}]\nCapabilities {adbExecTimeout: 60000, androidInstallTimeout: 120000, app: /Users/runner/work/aquality..., appActivity: io.cloudgrey.the_app.MainAc..., appPackage: io.cloudgrey.the_app, automationName: UiAutomator2, deviceName: Android Emulator, platformName: ANDROID, uiautomator2ServerInstallTimeout: 120000}\n  at aquality.selenium.core.applications.AqualityModule.configure(AqualityModule.java:41)\n  while locating aquality.selenium.core.applications.IApplication\n\n1 error","time":{"start":1715620626649,"stop":1715621114688,"duration":488039}},{"uid":"6f479d5a30e753ae","reportUrl":"https://aquality-automation.github.io/aquality-appium-mobile-java-template/41//#testresult/6f479d5a30e753ae","status":"passed","time":{"start":1715619283174,"stop":1715619672715,"duration":389541}},{"uid":"d8e93ef85f060c6e","reportUrl":"https://aquality-automation.github.io/aquality-appium-mobile-java-template/39//#testresult/d8e93ef85f060c6e","status":"passed","time":{"start":1714044684915,"stop":1714044983097,"duration":298182}},{"uid":"29b13a39b297cd29","reportUrl":"https://aquality-automation.github.io/aquality-appium-mobile-java-template/38//#testresult/29b13a39b297cd29","status":"passed","time":{"start":1713892182849,"stop":1713892556245,"duration":373396}}]},"tags":["demo"]},"source":"e020b98f0d2e61c0.json","parameterValues":["ANDROID"]}