{"uid":"ad6ec99931beb017","name":"I try to login with invalid credentials","fullName":"Demo: I try to login with invalid credentials: ANDROID","historyId":"fee24044a73e67ce50442c5cd1c7be41ANDROID","time":{"start":1677604685589,"stop":1677604929254,"duration":243665},"status":"broken","statusMessage":"No elements with locator 'AppiumBy.accessibilityId: Login Screen' were found in DISPLAYED state: Expected condition failed:  (tried for 45 second(s) with 300 milliseconds interval)\nBuild info: version: '4.8.1', revision: '8ebccac989'\nSystem info: os.name: 'Mac OS X', os.arch: 'x86_64', os.version: '12.6.3', java.version: '1.8.0_362'\nDriver info: io.appium.java_client.android.AndroidDriver\nCapabilities {appium:adbExecTimeout: 60000, appium:androidInstallTimeout: 120000, appium:app: /Users/runner/work/aquality..., appium:appActivity: io.cloudgrey.the_app.MainAc..., appium:appPackage: io.cloudgrey.the_app, appium:automationName: UiAutomator2, appium:databaseEnabled: false, appium:desired: {adbExecTimeout: 60000, androidInstallTimeout: 120000, app: /Users/runner/work/aquality..., appActivity: io.cloudgrey.the_app.MainAc..., appPackage: io.cloudgrey.the_app, automationName: UiAutomator2, deviceName: Android Emulator, platformName: android, uiautomator2ServerInstallTimeout: 120000}, appium:deviceApiLevel: 28, appium:deviceManufacturer: Google, appium:deviceModel: Android SDK built for x86_64, appium:deviceName: emulator-5554, appium:deviceScreenDensity: 560, appium:deviceScreenSize: 1440x2560, appium:deviceUDID: emulator-5554, appium:javascriptEnabled: true, appium:locationContextEnabled: false, appium:networkConnectionEnabled: true, appium:pixelRatio: 3.5, appium:platformVersion: 9, appium:statBarHeight: 84, appium:takesScreenshot: true, appium:uiautomator2ServerInstallTimeout: 120000, appium:viewportRect: {height: 2308, left: 0, top: 84, width: 1440}, appium:warnings: {}, appium:webStorageEnabled: false, platformName: ANDROID}\nSession ID: 49faa4c1-508b-428a-a4a4-ceae745cc137\nFor documentation on this error, please visit: https://selenium.dev/exceptions/#no_such_element\nBuild info: version: '4.8.1', revision: '8ebccac989'\nSystem info: os.name: 'Mac OS X', os.arch: 'x86_64', os.version: '12.6.3', java.version: '1.8.0_362'\nDriver info: driver.version: unknown","statusTrace":"org.openqa.selenium.NoSuchElementException: No elements with locator 'AppiumBy.accessibilityId: Login Screen' were found in DISPLAYED state: Expected condition failed:  (tried for 45 second(s) with 300 milliseconds interval)\nBuild info: version: '4.8.1', revision: '8ebccac989'\nSystem info: os.name: 'Mac OS X', os.arch: 'x86_64', os.version: '12.6.3', java.version: '1.8.0_362'\nDriver info: io.appium.java_client.android.AndroidDriver\nCapabilities {appium:adbExecTimeout: 60000, appium:androidInstallTimeout: 120000, appium:app: /Users/runner/work/aquality..., appium:appActivity: io.cloudgrey.the_app.MainAc..., appium:appPackage: io.cloudgrey.the_app, appium:automationName: UiAutomator2, appium:databaseEnabled: false, appium:desired: {adbExecTimeout: 60000, androidInstallTimeout: 120000, app: /Users/runner/work/aquality..., appActivity: io.cloudgrey.the_app.MainAc..., appPackage: io.cloudgrey.the_app, automationName: UiAutomator2, deviceName: Android Emulator, platformName: android, uiautomator2ServerInstallTimeout: 120000}, appium:deviceApiLevel: 28, appium:deviceManufacturer: Google, appium:deviceModel: Android SDK built for x86_64, appium:deviceName: emulator-5554, appium:deviceScreenDensity: 560, appium:deviceScreenSize: 1440x2560, appium:deviceUDID: emulator-5554, appium:javascriptEnabled: true, appium:locationContextEnabled: false, appium:networkConnectionEnabled: true, appium:pixelRatio: 3.5, appium:platformVersion: 9, appium:statBarHeight: 84, appium:takesScreenshot: true, appium:uiautomator2ServerInstallTimeout: 120000, appium:viewportRect: {height: 2308, left: 0, top: 84, width: 1440}, appium:warnings: {}, appium:webStorageEnabled: false, platformName: ANDROID}\nSession ID: 49faa4c1-508b-428a-a4a4-ceae745cc137\nFor documentation on this error, please visit: https://selenium.dev/exceptions/#no_such_element\nBuild info: version: '4.8.1', revision: '8ebccac989'\nSystem info: os.name: 'Mac OS X', os.arch: 'x86_64', os.version: '12.6.3', java.version: '1.8.0_362'\nDriver info: driver.version: unknown\n\tat aquality.selenium.core.elements.ElementFinder.handleTimeoutException(ElementFinder.java:75)\n\tat aquality.selenium.core.elements.ElementFinder.findElements(ElementFinder.java:36)\n\tat aquality.selenium.core.elements.interfaces.IElementFinder.findElement(IElementFinder.java:51)\n\tat aquality.selenium.core.elements.ElementCacheHandler.getElement(ElementCacheHandler.java:52)\n\tat aquality.selenium.core.elements.interfaces.IElementCacheHandler.getElement(IElementCacheHandler.java:62)\n\tat aquality.selenium.core.elements.Element.getElement(Element.java:94)\n\tat aquality.selenium.core.elements.interfaces.IElement.getElement(IElement.java:38)\n\tat aquality.selenium.core.elements.Element.lambda$click$4(Element.java:138)\n\tat aquality.selenium.core.utilities.ActionRetrier.lambda$doWithRetry$0(ActionRetrier.java:21)\n\tat aquality.selenium.core.utilities.ActionRetrier.doWithRetry(ActionRetrier.java:33)\n\tat aquality.selenium.core.utilities.ActionRetrier.doWithRetry(ActionRetrier.java:24)\n\tat aquality.selenium.core.utilities.ElementActionRetrier.doWithRetry(ElementActionRetrier.java:17)\n\tat aquality.selenium.core.elements.Element.doWithRetry(Element.java:166)\n\tat aquality.selenium.core.elements.Element.click(Element.java:138)\n\tat aquality.appium.mobile.template.screens.chooseview.ChooseViewScreen.openView(ChooseViewScreen.java:16)\n\tat aquality.appium.mobile.template.cucumber.stepdefinitions.ChooseViewSteps.iOpenView(ChooseViewSteps.java:20)\n\tat ✽.I open 'Login Screen' view(file:///Users/runner/work/aquality-appium-mobile-java-template/aquality-appium-mobile-java-template/aquality-appium-mobile-template-cucumber/src/test/java/aquality/appium/mobile/template/cucumber/features/Demo.feature:7)\n","flaky":false,"newFailed":false,"newBroken":false,"newPassed":false,"retriesCount":0,"retriesStatusChange":false,"beforeStages":[],"testStage":{"status":"broken","statusMessage":"No elements with locator 'AppiumBy.accessibilityId: Login Screen' were found in DISPLAYED state: Expected condition failed:  (tried for 45 second(s) with 300 milliseconds interval)\nBuild info: version: '4.8.1', revision: '8ebccac989'\nSystem info: os.name: 'Mac OS X', os.arch: 'x86_64', os.version: '12.6.3', java.version: '1.8.0_362'\nDriver info: io.appium.java_client.android.AndroidDriver\nCapabilities {appium:adbExecTimeout: 60000, appium:androidInstallTimeout: 120000, appium:app: /Users/runner/work/aquality..., appium:appActivity: io.cloudgrey.the_app.MainAc..., appium:appPackage: io.cloudgrey.the_app, appium:automationName: UiAutomator2, appium:databaseEnabled: false, appium:desired: {adbExecTimeout: 60000, androidInstallTimeout: 120000, app: /Users/runner/work/aquality..., appActivity: io.cloudgrey.the_app.MainAc..., appPackage: io.cloudgrey.the_app, automationName: UiAutomator2, deviceName: Android Emulator, platformName: android, uiautomator2ServerInstallTimeout: 120000}, appium:deviceApiLevel: 28, appium:deviceManufacturer: Google, appium:deviceModel: Android SDK built for x86_64, appium:deviceName: emulator-5554, appium:deviceScreenDensity: 560, appium:deviceScreenSize: 1440x2560, appium:deviceUDID: emulator-5554, appium:javascriptEnabled: true, appium:locationContextEnabled: false, appium:networkConnectionEnabled: true, appium:pixelRatio: 3.5, appium:platformVersion: 9, appium:statBarHeight: 84, appium:takesScreenshot: true, appium:uiautomator2ServerInstallTimeout: 120000, appium:viewportRect: {height: 2308, left: 0, top: 84, width: 1440}, appium:warnings: {}, appium:webStorageEnabled: false, platformName: ANDROID}\nSession ID: 49faa4c1-508b-428a-a4a4-ceae745cc137\nFor documentation on this error, please visit: https://selenium.dev/exceptions/#no_such_element\nBuild info: version: '4.8.1', revision: '8ebccac989'\nSystem info: os.name: 'Mac OS X', os.arch: 'x86_64', os.version: '12.6.3', java.version: '1.8.0_362'\nDriver info: driver.version: unknown","statusTrace":"org.openqa.selenium.NoSuchElementException: No elements with locator 'AppiumBy.accessibilityId: Login Screen' were found in DISPLAYED state: Expected condition failed:  (tried for 45 second(s) with 300 milliseconds interval)\nBuild info: version: '4.8.1', revision: '8ebccac989'\nSystem info: os.name: 'Mac OS X', os.arch: 'x86_64', os.version: '12.6.3', java.version: '1.8.0_362'\nDriver info: io.appium.java_client.android.AndroidDriver\nCapabilities {appium:adbExecTimeout: 60000, appium:androidInstallTimeout: 120000, appium:app: /Users/runner/work/aquality..., appium:appActivity: io.cloudgrey.the_app.MainAc..., appium:appPackage: io.cloudgrey.the_app, appium:automationName: UiAutomator2, appium:databaseEnabled: false, appium:desired: {adbExecTimeout: 60000, androidInstallTimeout: 120000, app: /Users/runner/work/aquality..., appActivity: io.cloudgrey.the_app.MainAc..., appPackage: io.cloudgrey.the_app, automationName: UiAutomator2, deviceName: Android Emulator, platformName: android, uiautomator2ServerInstallTimeout: 120000}, appium:deviceApiLevel: 28, appium:deviceManufacturer: Google, appium:deviceModel: Android SDK built for x86_64, appium:deviceName: emulator-5554, appium:deviceScreenDensity: 560, appium:deviceScreenSize: 1440x2560, appium:deviceUDID: emulator-5554, appium:javascriptEnabled: true, appium:locationContextEnabled: false, appium:networkConnectionEnabled: true, appium:pixelRatio: 3.5, appium:platformVersion: 9, appium:statBarHeight: 84, appium:takesScreenshot: true, appium:uiautomator2ServerInstallTimeout: 120000, appium:viewportRect: {height: 2308, left: 0, top: 84, width: 1440}, appium:warnings: {}, appium:webStorageEnabled: false, platformName: ANDROID}\nSession ID: 49faa4c1-508b-428a-a4a4-ceae745cc137\nFor documentation on this error, please visit: https://selenium.dev/exceptions/#no_such_element\nBuild info: version: '4.8.1', revision: '8ebccac989'\nSystem info: os.name: 'Mac OS X', os.arch: 'x86_64', os.version: '12.6.3', java.version: '1.8.0_362'\nDriver info: driver.version: unknown\n\tat aquality.selenium.core.elements.ElementFinder.handleTimeoutException(ElementFinder.java:75)\n\tat aquality.selenium.core.elements.ElementFinder.findElements(ElementFinder.java:36)\n\tat aquality.selenium.core.elements.interfaces.IElementFinder.findElement(IElementFinder.java:51)\n\tat aquality.selenium.core.elements.ElementCacheHandler.getElement(ElementCacheHandler.java:52)\n\tat aquality.selenium.core.elements.interfaces.IElementCacheHandler.getElement(IElementCacheHandler.java:62)\n\tat aquality.selenium.core.elements.Element.getElement(Element.java:94)\n\tat aquality.selenium.core.elements.interfaces.IElement.getElement(IElement.java:38)\n\tat aquality.selenium.core.elements.Element.lambda$click$4(Element.java:138)\n\tat aquality.selenium.core.utilities.ActionRetrier.lambda$doWithRetry$0(ActionRetrier.java:21)\n\tat aquality.selenium.core.utilities.ActionRetrier.doWithRetry(ActionRetrier.java:33)\n\tat aquality.selenium.core.utilities.ActionRetrier.doWithRetry(ActionRetrier.java:24)\n\tat aquality.selenium.core.utilities.ElementActionRetrier.doWithRetry(ElementActionRetrier.java:17)\n\tat aquality.selenium.core.elements.Element.doWithRetry(Element.java:166)\n\tat aquality.selenium.core.elements.Element.click(Element.java:138)\n\tat aquality.appium.mobile.template.screens.chooseview.ChooseViewScreen.openView(ChooseViewScreen.java:16)\n\tat aquality.appium.mobile.template.cucumber.stepdefinitions.ChooseViewSteps.iOpenView(ChooseViewSteps.java:20)\n\tat ✽.I open 'Login Screen' view(file:///Users/runner/work/aquality-appium-mobile-java-template/aquality-appium-mobile-java-template/aquality-appium-mobile-template-cucumber/src/test/java/aquality/appium/mobile/template/cucumber/features/Demo.feature:7)\n","steps":[{"name":"Given  Allure test name has been updated by the platform parameter","time":{"start":1677604685592,"stop":1677604687019,"duration":1427},"status":"passed","steps":[],"attachments":[],"parameters":[],"stepsCount":0,"attachmentsCount":0,"shouldDisplayMessage":false,"hasContent":false},{"name":"Given  I open 'Login Screen' view","time":{"start":1677604687021,"stop":1677604926547,"duration":239526},"status":"broken","statusMessage":"No elements with locator 'AppiumBy.accessibilityId: Login Screen' were found in DISPLAYED state: Expected condition failed:  (tried for 45 second(s) with 300 milliseconds interval)\nBuild info: version: '4.8.1', revision: '8ebccac989'\nSystem info: os.name: 'Mac OS X', os.arch: 'x86_64', os.version: '12.6.3', java.version: '1.8.0_362'\nDriver info: io.appium.java_client.android.AndroidDriver\nCapabilities {appium:adbExecTimeout: 60000, appium:androidInstallTimeout: 120000, appium:app: /Users/runner/work/aquality..., appium:appActivity: io.cloudgrey.the_app.MainAc..., appium:appPackage: io.cloudgrey.the_app, appium:automationName: UiAutomator2, appium:databaseEnabled: false, appium:desired: {adbExecTimeout: 60000, androidInstallTimeout: 120000, app: /Users/runner/work/aquality..., appActivity: io.cloudgrey.the_app.MainAc..., appPackage: io.cloudgrey.the_app, automationName: UiAutomator2, deviceName: Android Emulator, platformName: android, uiautomator2ServerInstallTimeout: 120000}, appium:deviceApiLevel: 28, appium:deviceManufacturer: Google, appium:deviceModel: Android SDK built for x86_64, appium:deviceName: emulator-5554, appium:deviceScreenDensity: 560, appium:deviceScreenSize: 1440x2560, appium:deviceUDID: emulator-5554, appium:javascriptEnabled: true, appium:locationContextEnabled: false, appium:networkConnectionEnabled: true, appium:pixelRatio: 3.5, appium:platformVersion: 9, appium:statBarHeight: 84, appium:takesScreenshot: true, appium:uiautomator2ServerInstallTimeout: 120000, appium:viewportRect: {height: 2308, left: 0, top: 84, width: 1440}, appium:warnings: {}, appium:webStorageEnabled: false, platformName: ANDROID}\nSession ID: 49faa4c1-508b-428a-a4a4-ceae745cc137\nFor documentation on this error, please visit: https://selenium.dev/exceptions/#no_such_element\nBuild info: version: '4.8.1', revision: '8ebccac989'\nSystem info: os.name: 'Mac OS X', os.arch: 'x86_64', os.version: '12.6.3', java.version: '1.8.0_362'\nDriver info: driver.version: unknown","statusTrace":"org.openqa.selenium.NoSuchElementException: No elements with locator 'AppiumBy.accessibilityId: Login Screen' were found in DISPLAYED state: Expected condition failed:  (tried for 45 second(s) with 300 milliseconds interval)\nBuild info: version: '4.8.1', revision: '8ebccac989'\nSystem info: os.name: 'Mac OS X', os.arch: 'x86_64', os.version: '12.6.3', java.version: '1.8.0_362'\nDriver info: io.appium.java_client.android.AndroidDriver\nCapabilities {appium:adbExecTimeout: 60000, appium:androidInstallTimeout: 120000, appium:app: /Users/runner/work/aquality..., appium:appActivity: io.cloudgrey.the_app.MainAc..., appium:appPackage: io.cloudgrey.the_app, appium:automationName: UiAutomator2, appium:databaseEnabled: false, appium:desired: {adbExecTimeout: 60000, androidInstallTimeout: 120000, app: /Users/runner/work/aquality..., appActivity: io.cloudgrey.the_app.MainAc..., appPackage: io.cloudgrey.the_app, automationName: UiAutomator2, deviceName: Android Emulator, platformName: android, uiautomator2ServerInstallTimeout: 120000}, appium:deviceApiLevel: 28, appium:deviceManufacturer: Google, appium:deviceModel: Android SDK built for x86_64, appium:deviceName: emulator-5554, appium:deviceScreenDensity: 560, appium:deviceScreenSize: 1440x2560, appium:deviceUDID: emulator-5554, appium:javascriptEnabled: true, appium:locationContextEnabled: false, appium:networkConnectionEnabled: true, appium:pixelRatio: 3.5, appium:platformVersion: 9, appium:statBarHeight: 84, appium:takesScreenshot: true, appium:uiautomator2ServerInstallTimeout: 120000, appium:viewportRect: {height: 2308, left: 0, top: 84, width: 1440}, appium:warnings: {}, appium:webStorageEnabled: false, platformName: ANDROID}\nSession ID: 49faa4c1-508b-428a-a4a4-ceae745cc137\nFor documentation on this error, please visit: https://selenium.dev/exceptions/#no_such_element\nBuild info: version: '4.8.1', revision: '8ebccac989'\nSystem info: os.name: 'Mac OS X', os.arch: 'x86_64', os.version: '12.6.3', java.version: '1.8.0_362'\nDriver info: driver.version: unknown\n\tat aquality.selenium.core.elements.ElementFinder.handleTimeoutException(ElementFinder.java:75)\n\tat aquality.selenium.core.elements.ElementFinder.findElements(ElementFinder.java:36)\n\tat aquality.selenium.core.elements.interfaces.IElementFinder.findElement(IElementFinder.java:51)\n\tat aquality.selenium.core.elements.ElementCacheHandler.getElement(ElementCacheHandler.java:52)\n\tat aquality.selenium.core.elements.interfaces.IElementCacheHandler.getElement(IElementCacheHandler.java:62)\n\tat aquality.selenium.core.elements.Element.getElement(Element.java:94)\n\tat aquality.selenium.core.elements.interfaces.IElement.getElement(IElement.java:38)\n\tat aquality.selenium.core.elements.Element.lambda$click$4(Element.java:138)\n\tat aquality.selenium.core.utilities.ActionRetrier.lambda$doWithRetry$0(ActionRetrier.java:21)\n\tat aquality.selenium.core.utilities.ActionRetrier.doWithRetry(ActionRetrier.java:33)\n\tat aquality.selenium.core.utilities.ActionRetrier.doWithRetry(ActionRetrier.java:24)\n\tat aquality.selenium.core.utilities.ElementActionRetrier.doWithRetry(ElementActionRetrier.java:17)\n\tat aquality.selenium.core.elements.Element.doWithRetry(Element.java:166)\n\tat aquality.selenium.core.elements.Element.click(Element.java:138)\n\tat aquality.appium.mobile.template.screens.chooseview.ChooseViewScreen.openView(ChooseViewScreen.java:16)\n\tat aquality.appium.mobile.template.cucumber.stepdefinitions.ChooseViewSteps.iOpenView(ChooseViewSteps.java:20)\n\tat ✽.I open 'Login Screen' view(file:///Users/runner/work/aquality-appium-mobile-java-template/aquality-appium-mobile-java-template/aquality-appium-mobile-template-cucumber/src/test/java/aquality/appium/mobile/template/cucumber/features/Demo.feature:7)\n","steps":[{"name":"17:18:07.067 - Label 'Choose Login Screen view' :: Clicking","time":{"start":1677604687081,"stop":1677604687081,"duration":0},"status":"passed","steps":[],"attachments":[],"parameters":[],"stepsCount":0,"attachmentsCount":0,"shouldDisplayMessage":false,"hasContent":false},{"name":"17:18:07.216 - Setting application driver using the server on 'http://127.0.0.1:4723/wd/hub'","time":{"start":1677604687216,"stop":1677604687216,"duration":0},"status":"passed","steps":[],"attachments":[],"parameters":[],"stepsCount":0,"attachmentsCount":0,"shouldDisplayMessage":false,"hasContent":false},{"name":"17:21:20.908 - Application on platform 'ANDROID' is ready...","time":{"start":1677604880908,"stop":1677604880908,"duration":0},"status":"passed","steps":[],"attachments":[],"parameters":[],"stepsCount":0,"attachmentsCount":0,"shouldDisplayMessage":false,"hasContent":false}],"attachments":[],"parameters":[],"stepsCount":3,"attachmentsCount":0,"shouldDisplayMessage":true,"hasContent":true},{"name":"Then  Login Screen is opened","time":{"start":1677604926547,"stop":1677604926548,"duration":1},"status":"skipped","steps":[],"attachments":[],"parameters":[],"stepsCount":0,"attachmentsCount":0,"shouldDisplayMessage":false,"hasContent":false},{"name":"When  I log in with data:","time":{"start":1677604926548,"stop":1677604926551,"duration":3},"status":"skipped","steps":[],"attachments":[{"uid":"5d24a666c68b4255","name":"Data table","source":"5d24a666c68b4255.csv","type":"text/tab-separated-values","size":45}],"parameters":[],"stepsCount":0,"attachmentsCount":1,"shouldDisplayMessage":false,"hasContent":true},{"name":"Then  'Invalid login credentials, please try again' alert appears","time":{"start":1677604926551,"stop":1677604926552,"duration":1},"status":"skipped","steps":[],"attachments":[],"parameters":[],"stepsCount":0,"attachmentsCount":0,"shouldDisplayMessage":false,"hasContent":false}],"attachments":[],"parameters":[],"stepsCount":8,"attachmentsCount":1,"shouldDisplayMessage":false,"hasContent":true},"afterStages":[{"name":"aquality.appium.mobile.template.cucumber.hooks.ScreenshotHooks.takeScreenshot(io.cucumber.java.Scenario)","time":{"start":1677604926553,"stop":1677604927597,"duration":1044},"status":"passed","steps":[],"attachments":[{"uid":"66486c548fb74034","name":"Screenshot","source":"66486c548fb74034.png","type":"image/png","size":173284}],"parameters":[],"stepsCount":0,"attachmentsCount":1,"shouldDisplayMessage":false,"hasContent":true},{"name":"aquality.appium.mobile.template.cucumber.hooks.ApplicationHooks.closeApplication()","time":{"start":1677604927598,"stop":1677604929250,"duration":1652},"status":"passed","steps":[{"name":"17:22:07.600 - Closing application","time":{"start":1677604927600,"stop":1677604927600,"duration":0},"status":"passed","steps":[],"attachments":[],"parameters":[],"stepsCount":0,"attachmentsCount":0,"shouldDisplayMessage":false,"hasContent":false}],"attachments":[],"parameters":[],"stepsCount":1,"attachmentsCount":0,"shouldDisplayMessage":false,"hasContent":true}],"labels":[{"name":"tag","value":"demo"},{"name":"host","value":"Mac-1677604225203.local"},{"name":"thread","value":"11196@Mac-1677604225203.local.TestNG-test=Surefire test-1(12)"},{"name":"feature","value":"Demo"},{"name":"story","value":"I try to login with invalid credentials"},{"name":"suite","value":"Demo"},{"name":"testClass","value":"I try to login with invalid credentials"},{"name":"framework","value":"cucumber4jvm"},{"name":"language","value":"java"},{"name":"gherkin_uri","value":"file:///Users/runner/work/aquality-appium-mobile-java-template/aquality-appium-mobile-java-template/aquality-appium-mobile-template-cucumber/src/test/java/aquality/appium/mobile/template/cucumber/features/Demo.feature"},{"name":"package","value":"src.test.java.aquality.appium.mobile.template.cucumber.features.Demo_feature.Demo"},{"name":"resultFormat","value":"allure2"}],"parameters":[{"name":"platform","value":"ANDROID"}],"links":[],"hidden":true,"retry":true,"extra":{"categories":[],"tags":["demo"]},"source":"ad6ec99931beb017.json","parameterValues":["ANDROID"]}