{"uid":"c772abe8bab300b1","name":"I try to login with invalid credentials","fullName":"Demo: I try to login with invalid credentials: ANDROID","historyId":"102fbecfc60371b15b505b215df2ed05ANDROID","time":{"start":1713821558066,"stop":1713822023037,"duration":464971},"status":"broken","statusMessage":"No elements with locator 'AppiumBy.accessibilityId: Login Screen' were found in DISPLAYED state: Expected condition failed:  (tried for 45 second(s) with 300 milliseconds interval)\nBuild info: version: '4.19.1', revision: 'abe0ee07dc'\nSystem info: os.name: 'Mac OS X', os.arch: 'x86_64', os.version: '12.7.4', java.version: '11.0.22'\nDriver info: io.appium.java_client.android.AndroidDriver\nCapabilities {appium:adbExecTimeout: 60000, appium:androidInstallTimeout: 120000, appium:app: /Users/runner/work/aquality..., appium:appActivity: io.cloudgrey.the_app.MainAc..., appium:appPackage: io.cloudgrey.the_app, appium:automationName: UiAutomator2, appium:databaseEnabled: false, appium:desired: {adbExecTimeout: 60000, androidInstallTimeout: 120000, app: /Users/runner/work/aquality..., appActivity: io.cloudgrey.the_app.MainAc..., appPackage: io.cloudgrey.the_app, automationName: UiAutomator2, deviceName: Android Emulator, platformName: ANDROID, uiautomator2ServerInstallTimeout: 120000}, appium:deviceApiLevel: 28, appium:deviceManufacturer: Google, appium:deviceModel: Android SDK built for x86_64, appium:deviceName: emulator-5554, appium:deviceScreenDensity: 560, appium:deviceScreenSize: 1440x2560, appium:deviceUDID: emulator-5554, appium:javascriptEnabled: true, appium:locationContextEnabled: false, appium:networkConnectionEnabled: true, appium:pixelRatio: 3.5, appium:platformVersion: 9, appium:statBarHeight: 84, appium:takesScreenshot: true, appium:uiautomator2ServerInstallTimeout: 120000, appium:viewportRect: {height: 2476, left: 0, top: 84, width: 1440}, appium:warnings: {}, appium:webStorageEnabled: false, platformName: ANDROID}\nSession ID: 8fb7a8d6-fec6-4b4d-8402-b63a636d74ba\nFor documentation on this error, please visit: https://www.selenium.dev/documentation/webdriver/troubleshooting/errors#no-such-element-exception\nBuild info: version: '4.19.1', revision: 'abe0ee07dc'\nSystem info: os.name: 'Mac OS X', os.arch: 'x86_64', os.version: '12.7.4', java.version: '11.0.22'\nDriver info: driver.version: unknown","statusTrace":"org.openqa.selenium.NoSuchElementException: No elements with locator 'AppiumBy.accessibilityId: Login Screen' were found in DISPLAYED state: Expected condition failed:  (tried for 45 second(s) with 300 milliseconds interval)\nBuild info: version: '4.19.1', revision: 'abe0ee07dc'\nSystem info: os.name: 'Mac OS X', os.arch: 'x86_64', os.version: '12.7.4', java.version: '11.0.22'\nDriver info: io.appium.java_client.android.AndroidDriver\nCapabilities {appium:adbExecTimeout: 60000, appium:androidInstallTimeout: 120000, appium:app: /Users/runner/work/aquality..., appium:appActivity: io.cloudgrey.the_app.MainAc..., appium:appPackage: io.cloudgrey.the_app, appium:automationName: UiAutomator2, appium:databaseEnabled: false, appium:desired: {adbExecTimeout: 60000, androidInstallTimeout: 120000, app: /Users/runner/work/aquality..., appActivity: io.cloudgrey.the_app.MainAc..., appPackage: io.cloudgrey.the_app, automationName: UiAutomator2, deviceName: Android Emulator, platformName: ANDROID, uiautomator2ServerInstallTimeout: 120000}, appium:deviceApiLevel: 28, appium:deviceManufacturer: Google, appium:deviceModel: Android SDK built for x86_64, appium:deviceName: emulator-5554, appium:deviceScreenDensity: 560, appium:deviceScreenSize: 1440x2560, appium:deviceUDID: emulator-5554, appium:javascriptEnabled: true, appium:locationContextEnabled: false, appium:networkConnectionEnabled: true, appium:pixelRatio: 3.5, appium:platformVersion: 9, appium:statBarHeight: 84, appium:takesScreenshot: true, appium:uiautomator2ServerInstallTimeout: 120000, appium:viewportRect: {height: 2476, left: 0, top: 84, width: 1440}, appium:warnings: {}, appium:webStorageEnabled: false, platformName: ANDROID}\nSession ID: 8fb7a8d6-fec6-4b4d-8402-b63a636d74ba\nFor documentation on this error, please visit: https://www.selenium.dev/documentation/webdriver/troubleshooting/errors#no-such-element-exception\nBuild info: version: '4.19.1', revision: 'abe0ee07dc'\nSystem info: os.name: 'Mac OS X', os.arch: 'x86_64', os.version: '12.7.4', java.version: '11.0.22'\nDriver info: driver.version: unknown\n\tat aquality.selenium.core.elements.ElementFinder.handleTimeoutException(ElementFinder.java:75)\n\tat aquality.selenium.core.elements.ElementFinder.findElements(ElementFinder.java:36)\n\tat aquality.selenium.core.elements.interfaces.IElementFinder.findElement(IElementFinder.java:51)\n\tat aquality.selenium.core.elements.ElementCacheHandler.getElement(ElementCacheHandler.java:52)\n\tat aquality.selenium.core.elements.interfaces.IElementCacheHandler.getElement(IElementCacheHandler.java:62)\n\tat aquality.selenium.core.elements.Element.getElement(Element.java:110)\n\tat aquality.selenium.core.elements.interfaces.IElement.getElement(IElement.java:45)\n\tat aquality.selenium.core.elements.Element.lambda$click$4(Element.java:154)\n\tat aquality.selenium.core.utilities.ActionRetrier.lambda$doWithRetry$0(ActionRetrier.java:21)\n\tat aquality.selenium.core.utilities.ActionRetrier.doWithRetry(ActionRetrier.java:33)\n\tat aquality.selenium.core.utilities.ActionRetrier.doWithRetry(ActionRetrier.java:24)\n\tat aquality.selenium.core.utilities.ElementActionRetrier.doWithRetry(ElementActionRetrier.java:17)\n\tat aquality.selenium.core.elements.Element.doWithRetry(Element.java:182)\n\tat aquality.selenium.core.elements.Element.click(Element.java:154)\n\tat aquality.appium.mobile.template.screens.chooseview.ChooseViewScreen.openView(ChooseViewScreen.java:16)\n\tat aquality.appium.mobile.template.cucumber.stepdefinitions.ChooseViewSteps.iOpenView(ChooseViewSteps.java:20)\n\tat ✽.I open 'Login Screen' view(file:///Users/runner/work/aquality-appium-mobile-java-template/aquality-appium-mobile-java-template/aquality-appium-mobile-template-cucumber/src/test/java/aquality/appium/mobile/template/cucumber/features/Demo.feature:7)\n","flaky":false,"newFailed":false,"newBroken":false,"newPassed":false,"retriesCount":0,"retriesStatusChange":false,"beforeStages":[],"testStage":{"status":"broken","statusMessage":"No elements with locator 'AppiumBy.accessibilityId: Login Screen' were found in DISPLAYED state: Expected condition failed:  (tried for 45 second(s) with 300 milliseconds interval)\nBuild info: version: '4.19.1', revision: 'abe0ee07dc'\nSystem info: os.name: 'Mac OS X', os.arch: 'x86_64', os.version: '12.7.4', java.version: '11.0.22'\nDriver info: io.appium.java_client.android.AndroidDriver\nCapabilities {appium:adbExecTimeout: 60000, appium:androidInstallTimeout: 120000, appium:app: /Users/runner/work/aquality..., appium:appActivity: io.cloudgrey.the_app.MainAc..., appium:appPackage: io.cloudgrey.the_app, appium:automationName: UiAutomator2, appium:databaseEnabled: false, appium:desired: {adbExecTimeout: 60000, androidInstallTimeout: 120000, app: /Users/runner/work/aquality..., appActivity: io.cloudgrey.the_app.MainAc..., appPackage: io.cloudgrey.the_app, automationName: UiAutomator2, deviceName: Android Emulator, platformName: ANDROID, uiautomator2ServerInstallTimeout: 120000}, appium:deviceApiLevel: 28, appium:deviceManufacturer: Google, appium:deviceModel: Android SDK built for x86_64, appium:deviceName: emulator-5554, appium:deviceScreenDensity: 560, appium:deviceScreenSize: 1440x2560, appium:deviceUDID: emulator-5554, appium:javascriptEnabled: true, appium:locationContextEnabled: false, appium:networkConnectionEnabled: true, appium:pixelRatio: 3.5, appium:platformVersion: 9, appium:statBarHeight: 84, appium:takesScreenshot: true, appium:uiautomator2ServerInstallTimeout: 120000, appium:viewportRect: {height: 2476, left: 0, top: 84, width: 1440}, appium:warnings: {}, appium:webStorageEnabled: false, platformName: ANDROID}\nSession ID: 8fb7a8d6-fec6-4b4d-8402-b63a636d74ba\nFor documentation on this error, please visit: https://www.selenium.dev/documentation/webdriver/troubleshooting/errors#no-such-element-exception\nBuild info: version: '4.19.1', revision: 'abe0ee07dc'\nSystem info: os.name: 'Mac OS X', os.arch: 'x86_64', os.version: '12.7.4', java.version: '11.0.22'\nDriver info: driver.version: unknown","statusTrace":"org.openqa.selenium.NoSuchElementException: No elements with locator 'AppiumBy.accessibilityId: Login Screen' were found in DISPLAYED state: Expected condition failed:  (tried for 45 second(s) with 300 milliseconds interval)\nBuild info: version: '4.19.1', revision: 'abe0ee07dc'\nSystem info: os.name: 'Mac OS X', os.arch: 'x86_64', os.version: '12.7.4', java.version: '11.0.22'\nDriver info: io.appium.java_client.android.AndroidDriver\nCapabilities {appium:adbExecTimeout: 60000, appium:androidInstallTimeout: 120000, appium:app: /Users/runner/work/aquality..., appium:appActivity: io.cloudgrey.the_app.MainAc..., appium:appPackage: io.cloudgrey.the_app, appium:automationName: UiAutomator2, appium:databaseEnabled: false, appium:desired: {adbExecTimeout: 60000, androidInstallTimeout: 120000, app: /Users/runner/work/aquality..., appActivity: io.cloudgrey.the_app.MainAc..., appPackage: io.cloudgrey.the_app, automationName: UiAutomator2, deviceName: Android Emulator, platformName: ANDROID, uiautomator2ServerInstallTimeout: 120000}, appium:deviceApiLevel: 28, appium:deviceManufacturer: Google, appium:deviceModel: Android SDK built for x86_64, appium:deviceName: emulator-5554, appium:deviceScreenDensity: 560, appium:deviceScreenSize: 1440x2560, appium:deviceUDID: emulator-5554, appium:javascriptEnabled: true, appium:locationContextEnabled: false, appium:networkConnectionEnabled: true, appium:pixelRatio: 3.5, appium:platformVersion: 9, appium:statBarHeight: 84, appium:takesScreenshot: true, appium:uiautomator2ServerInstallTimeout: 120000, appium:viewportRect: {height: 2476, left: 0, top: 84, width: 1440}, appium:warnings: {}, appium:webStorageEnabled: false, platformName: ANDROID}\nSession ID: 8fb7a8d6-fec6-4b4d-8402-b63a636d74ba\nFor documentation on this error, please visit: https://www.selenium.dev/documentation/webdriver/troubleshooting/errors#no-such-element-exception\nBuild info: version: '4.19.1', revision: 'abe0ee07dc'\nSystem info: os.name: 'Mac OS X', os.arch: 'x86_64', os.version: '12.7.4', java.version: '11.0.22'\nDriver info: driver.version: unknown\n\tat aquality.selenium.core.elements.ElementFinder.handleTimeoutException(ElementFinder.java:75)\n\tat aquality.selenium.core.elements.ElementFinder.findElements(ElementFinder.java:36)\n\tat aquality.selenium.core.elements.interfaces.IElementFinder.findElement(IElementFinder.java:51)\n\tat aquality.selenium.core.elements.ElementCacheHandler.getElement(ElementCacheHandler.java:52)\n\tat aquality.selenium.core.elements.interfaces.IElementCacheHandler.getElement(IElementCacheHandler.java:62)\n\tat aquality.selenium.core.elements.Element.getElement(Element.java:110)\n\tat aquality.selenium.core.elements.interfaces.IElement.getElement(IElement.java:45)\n\tat aquality.selenium.core.elements.Element.lambda$click$4(Element.java:154)\n\tat aquality.selenium.core.utilities.ActionRetrier.lambda$doWithRetry$0(ActionRetrier.java:21)\n\tat aquality.selenium.core.utilities.ActionRetrier.doWithRetry(ActionRetrier.java:33)\n\tat aquality.selenium.core.utilities.ActionRetrier.doWithRetry(ActionRetrier.java:24)\n\tat aquality.selenium.core.utilities.ElementActionRetrier.doWithRetry(ElementActionRetrier.java:17)\n\tat aquality.selenium.core.elements.Element.doWithRetry(Element.java:182)\n\tat aquality.selenium.core.elements.Element.click(Element.java:154)\n\tat aquality.appium.mobile.template.screens.chooseview.ChooseViewScreen.openView(ChooseViewScreen.java:16)\n\tat aquality.appium.mobile.template.cucumber.stepdefinitions.ChooseViewSteps.iOpenView(ChooseViewSteps.java:20)\n\tat ✽.I open 'Login Screen' view(file:///Users/runner/work/aquality-appium-mobile-java-template/aquality-appium-mobile-java-template/aquality-appium-mobile-template-cucumber/src/test/java/aquality/appium/mobile/template/cucumber/features/Demo.feature:7)\n","steps":[{"name":"Given  Allure test name has been updated by the platform parameter","time":{"start":1713821558068,"stop":1713821559084,"duration":1016},"status":"passed","steps":[],"attachments":[],"parameters":[],"shouldDisplayMessage":false,"stepsCount":0,"attachmentsCount":0,"hasContent":false,"attachmentStep":false},{"name":"When  I open 'Login Screen' view","time":{"start":1713821559085,"stop":1713822018574,"duration":459489},"status":"broken","statusMessage":"No elements with locator 'AppiumBy.accessibilityId: Login Screen' were found in DISPLAYED state: Expected condition failed:  (tried for 45 second(s) with 300 milliseconds interval)\nBuild info: version: '4.19.1', revision: 'abe0ee07dc'\nSystem info: os.name: 'Mac OS X', os.arch: 'x86_64', os.version: '12.7.4', java.version: '11.0.22'\nDriver info: io.appium.java_client.android.AndroidDriver\nCapabilities {appium:adbExecTimeout: 60000, appium:androidInstallTimeout: 120000, appium:app: /Users/runner/work/aquality..., appium:appActivity: io.cloudgrey.the_app.MainAc..., appium:appPackage: io.cloudgrey.the_app, appium:automationName: UiAutomator2, appium:databaseEnabled: false, appium:desired: {adbExecTimeout: 60000, androidInstallTimeout: 120000, app: /Users/runner/work/aquality..., appActivity: io.cloudgrey.the_app.MainAc..., appPackage: io.cloudgrey.the_app, automationName: UiAutomator2, deviceName: Android Emulator, platformName: ANDROID, uiautomator2ServerInstallTimeout: 120000}, appium:deviceApiLevel: 28, appium:deviceManufacturer: Google, appium:deviceModel: Android SDK built for x86_64, appium:deviceName: emulator-5554, appium:deviceScreenDensity: 560, appium:deviceScreenSize: 1440x2560, appium:deviceUDID: emulator-5554, appium:javascriptEnabled: true, appium:locationContextEnabled: false, appium:networkConnectionEnabled: true, appium:pixelRatio: 3.5, appium:platformVersion: 9, appium:statBarHeight: 84, appium:takesScreenshot: true, appium:uiautomator2ServerInstallTimeout: 120000, appium:viewportRect: {height: 2476, left: 0, top: 84, width: 1440}, appium:warnings: {}, appium:webStorageEnabled: false, platformName: ANDROID}\nSession ID: 8fb7a8d6-fec6-4b4d-8402-b63a636d74ba\nFor documentation on this error, please visit: https://www.selenium.dev/documentation/webdriver/troubleshooting/errors#no-such-element-exception\nBuild info: version: '4.19.1', revision: 'abe0ee07dc'\nSystem info: os.name: 'Mac OS X', os.arch: 'x86_64', os.version: '12.7.4', java.version: '11.0.22'\nDriver info: driver.version: unknown","statusTrace":"org.openqa.selenium.NoSuchElementException: No elements with locator 'AppiumBy.accessibilityId: Login Screen' were found in DISPLAYED state: Expected condition failed:  (tried for 45 second(s) with 300 milliseconds interval)\nBuild info: version: '4.19.1', revision: 'abe0ee07dc'\nSystem info: os.name: 'Mac OS X', os.arch: 'x86_64', os.version: '12.7.4', java.version: '11.0.22'\nDriver info: io.appium.java_client.android.AndroidDriver\nCapabilities {appium:adbExecTimeout: 60000, appium:androidInstallTimeout: 120000, appium:app: /Users/runner/work/aquality..., appium:appActivity: io.cloudgrey.the_app.MainAc..., appium:appPackage: io.cloudgrey.the_app, appium:automationName: UiAutomator2, appium:databaseEnabled: false, appium:desired: {adbExecTimeout: 60000, androidInstallTimeout: 120000, app: /Users/runner/work/aquality..., appActivity: io.cloudgrey.the_app.MainAc..., appPackage: io.cloudgrey.the_app, automationName: UiAutomator2, deviceName: Android Emulator, platformName: ANDROID, uiautomator2ServerInstallTimeout: 120000}, appium:deviceApiLevel: 28, appium:deviceManufacturer: Google, appium:deviceModel: Android SDK built for x86_64, appium:deviceName: emulator-5554, appium:deviceScreenDensity: 560, appium:deviceScreenSize: 1440x2560, appium:deviceUDID: emulator-5554, appium:javascriptEnabled: true, appium:locationContextEnabled: false, appium:networkConnectionEnabled: true, appium:pixelRatio: 3.5, appium:platformVersion: 9, appium:statBarHeight: 84, appium:takesScreenshot: true, appium:uiautomator2ServerInstallTimeout: 120000, appium:viewportRect: {height: 2476, left: 0, top: 84, width: 1440}, appium:warnings: {}, appium:webStorageEnabled: false, platformName: ANDROID}\nSession ID: 8fb7a8d6-fec6-4b4d-8402-b63a636d74ba\nFor documentation on this error, please visit: https://www.selenium.dev/documentation/webdriver/troubleshooting/errors#no-such-element-exception\nBuild info: version: '4.19.1', revision: 'abe0ee07dc'\nSystem info: os.name: 'Mac OS X', os.arch: 'x86_64', os.version: '12.7.4', java.version: '11.0.22'\nDriver info: driver.version: unknown\n\tat aquality.selenium.core.elements.ElementFinder.handleTimeoutException(ElementFinder.java:75)\n\tat aquality.selenium.core.elements.ElementFinder.findElements(ElementFinder.java:36)\n\tat aquality.selenium.core.elements.interfaces.IElementFinder.findElement(IElementFinder.java:51)\n\tat aquality.selenium.core.elements.ElementCacheHandler.getElement(ElementCacheHandler.java:52)\n\tat aquality.selenium.core.elements.interfaces.IElementCacheHandler.getElement(IElementCacheHandler.java:62)\n\tat aquality.selenium.core.elements.Element.getElement(Element.java:110)\n\tat aquality.selenium.core.elements.interfaces.IElement.getElement(IElement.java:45)\n\tat aquality.selenium.core.elements.Element.lambda$click$4(Element.java:154)\n\tat aquality.selenium.core.utilities.ActionRetrier.lambda$doWithRetry$0(ActionRetrier.java:21)\n\tat aquality.selenium.core.utilities.ActionRetrier.doWithRetry(ActionRetrier.java:33)\n\tat aquality.selenium.core.utilities.ActionRetrier.doWithRetry(ActionRetrier.java:24)\n\tat aquality.selenium.core.utilities.ElementActionRetrier.doWithRetry(ElementActionRetrier.java:17)\n\tat aquality.selenium.core.elements.Element.doWithRetry(Element.java:182)\n\tat aquality.selenium.core.elements.Element.click(Element.java:154)\n\tat aquality.appium.mobile.template.screens.chooseview.ChooseViewScreen.openView(ChooseViewScreen.java:16)\n\tat aquality.appium.mobile.template.cucumber.stepdefinitions.ChooseViewSteps.iOpenView(ChooseViewSteps.java:20)\n\tat ✽.I open 'Login Screen' view(file:///Users/runner/work/aquality-appium-mobile-java-template/aquality-appium-mobile-java-template/aquality-appium-mobile-template-cucumber/src/test/java/aquality/appium/mobile/template/cucumber/features/Demo.feature:7)\n","steps":[{"name":"21:32:39.105 - Label 'Choose Login Screen view' :: Clicking","time":{"start":1713821559105,"stop":1713821559106,"duration":1},"status":"passed","steps":[],"attachments":[],"parameters":[],"shouldDisplayMessage":false,"stepsCount":0,"attachmentsCount":0,"hasContent":false,"attachmentStep":false},{"name":"21:32:39.183 - Setting application driver using the server on 'http://127.0.0.1:4723/wd/hub'","time":{"start":1713821559183,"stop":1713821559183,"duration":0},"status":"passed","steps":[],"attachments":[],"parameters":[],"shouldDisplayMessage":false,"stepsCount":0,"attachmentsCount":0,"hasContent":false,"attachmentStep":false},{"name":"21:35:52.846 - Setting application driver using the server on 'http://127.0.0.1:4723/wd/hub'","time":{"start":1713821752847,"stop":1713821752847,"duration":0},"status":"passed","steps":[],"attachments":[],"parameters":[],"shouldDisplayMessage":false,"stepsCount":0,"attachmentsCount":0,"hasContent":false,"attachmentStep":false},{"name":"21:38:37.773 - Setting application driver using the server on 'http://127.0.0.1:4723/wd/hub'","time":{"start":1713821917773,"stop":1713821917774,"duration":1},"status":"passed","steps":[],"attachments":[],"parameters":[],"shouldDisplayMessage":false,"stepsCount":0,"attachmentsCount":0,"hasContent":false,"attachmentStep":false},{"name":"21:39:33.370 - Application on platform 'ANDROID' is ready...","time":{"start":1713821973370,"stop":1713821973370,"duration":0},"status":"passed","steps":[],"attachments":[],"parameters":[],"shouldDisplayMessage":false,"stepsCount":0,"attachmentsCount":0,"hasContent":false,"attachmentStep":false}],"attachments":[],"parameters":[],"shouldDisplayMessage":true,"stepsCount":5,"attachmentsCount":0,"hasContent":true,"attachmentStep":false},{"name":"Then  Login Screen is opened","time":{"start":1713822018575,"stop":1713822018575,"duration":0},"status":"skipped","steps":[],"attachments":[],"parameters":[],"shouldDisplayMessage":false,"stepsCount":0,"attachmentsCount":0,"hasContent":false,"attachmentStep":false},{"name":"When  I save Login Screen dump","time":{"start":1713822018575,"stop":1713822018576,"duration":1},"status":"skipped","steps":[],"attachments":[],"parameters":[],"shouldDisplayMessage":false,"stepsCount":0,"attachmentsCount":0,"hasContent":false,"attachmentStep":false},{"name":"And  I log in with data:","time":{"start":1713822018576,"stop":1713822018579,"duration":3},"status":"skipped","steps":[],"attachments":[{"uid":"f546ae153838ef4b","name":"Data table","source":"f546ae153838ef4b.csv","type":"text/tab-separated-values","size":45}],"parameters":[],"shouldDisplayMessage":false,"stepsCount":0,"attachmentsCount":1,"hasContent":true,"attachmentStep":false},{"name":"Then  'Invalid login credentials, please try again' alert appears","time":{"start":1713822018580,"stop":1713822018580,"duration":0},"status":"skipped","steps":[],"attachments":[],"parameters":[],"shouldDisplayMessage":false,"stepsCount":0,"attachmentsCount":0,"hasContent":false,"attachmentStep":false},{"name":"When  I accept the alert","time":{"start":1713822018580,"stop":1713822018581,"duration":1},"status":"skipped","steps":[],"attachments":[],"parameters":[],"shouldDisplayMessage":false,"stepsCount":0,"attachmentsCount":0,"hasContent":false,"attachmentStep":false},{"name":"Then  Login Screen dump is different","time":{"start":1713822018581,"stop":1713822018581,"duration":0},"status":"skipped","steps":[],"attachments":[],"parameters":[],"shouldDisplayMessage":false,"stepsCount":0,"attachmentsCount":0,"hasContent":false,"attachmentStep":false}],"attachments":[],"parameters":[],"shouldDisplayMessage":false,"stepsCount":13,"attachmentsCount":1,"hasContent":true,"attachmentStep":false},"afterStages":[{"name":"aquality.appium.mobile.template.cucumber.hooks.ScreenshotHooks.takeScreenshot(io.cucumber.java.Scenario)","time":{"start":1713822018583,"stop":1713822019295,"duration":712},"status":"passed","steps":[],"attachments":[{"uid":"c49f72a6b265441f","name":"Screenshot","source":"c49f72a6b265441f.png","type":"image/png","size":173828}],"parameters":[],"shouldDisplayMessage":false,"stepsCount":0,"attachmentsCount":1,"hasContent":true,"attachmentStep":false},{"name":"aquality.appium.mobile.template.cucumber.hooks.ApplicationHooks.closeApplication()","time":{"start":1713822019296,"stop":1713822023035,"duration":3739},"status":"passed","steps":[{"name":"21:40:19.298 - Closing application","time":{"start":1713822019298,"stop":1713822019299,"duration":1},"status":"passed","steps":[],"attachments":[],"parameters":[],"shouldDisplayMessage":false,"stepsCount":0,"attachmentsCount":0,"hasContent":false,"attachmentStep":false}],"attachments":[],"parameters":[],"shouldDisplayMessage":false,"stepsCount":1,"attachmentsCount":0,"hasContent":true,"attachmentStep":false}],"labels":[{"name":"tag","value":"demo"},{"name":"host","value":"Mac-1713820851144.local"},{"name":"thread","value":"11412@Mac-1713820851144.local.TestNG-test=Surefire test-1(14)"},{"name":"feature","value":"Demo"},{"name":"story","value":"I try to login with invalid credentials"},{"name":"suite","value":"Demo"},{"name":"testClass","value":"I try to login with invalid credentials"},{"name":"framework","value":"cucumber5jvm"},{"name":"language","value":"java"},{"name":"gherkin_uri","value":"file:///Users/runner/work/aquality-appium-mobile-java-template/aquality-appium-mobile-java-template/aquality-appium-mobile-template-cucumber/src/test/java/aquality/appium/mobile/template/cucumber/features/Demo.feature"},{"name":"package","value":"src.test.java.aquality.appium.mobile.template.cucumber.features.Demo_feature.Demo"},{"name":"resultFormat","value":"allure2"}],"parameters":[{"name":"platform","value":"ANDROID"}],"links":[],"hidden":false,"retry":false,"extra":{"severity":"normal","retries":[],"categories":[{"name":"Test defects","matchedStatuses":[],"flaky":false}],"tags":["demo"]},"source":"c772abe8bab300b1.json","parameterValues":["ANDROID"]}